INFO    2017-04-24 22:45:49,819 [main] mainRunner  - excution sheet path =C:\Users\partha\git\Myframework\mavenHybrid\webdriver/excelLib.xlsx
INFO    2017-04-24 22:45:51,225 [main] mainRunner  - excution sc reen shot path =C:\Users\partha\Desktop
INFO    2017-04-24 22:45:51,948 [main] mainRunner  - excution object repository path =C:\Users\partha\git\Myframework\mavenHybrid\webdriver/objectrepository.xlsx
INFO    2017-04-24 22:47:01,661 [main] mainRunner  - no iteratorCount given,Sheet will be executed 1 time
INFO    2017-04-24 22:47:05,004 [main] frmDriverLoopCreater  - executing sheet executor method
INFO    2017-04-24 22:47:09,395 [main] frmDriverLoopCreater  - the value of j= 1
INFO    2017-04-24 22:47:09,395 [main] frmDriverLoopCreater  - Checking IF is present or not in first column
ERROR   2017-04-24 22:47:11,396 [main] frmDriverLoopCreater  - checkIfCondition in method sheetExecutorjava.lang.NullPointerException
INFO    2017-04-24 22:47:18,932 [main] actionPerformer  - input value = geturl
INFO    2017-04-24 22:47:26,563 [main] frmDriverLoopCreater  - the value of j= 2
INFO    2017-04-24 22:47:26,563 [main] frmDriverLoopCreater  - Checking IF is present or not in first column
ERROR   2017-04-24 22:47:28,453 [main] frmDriverLoopCreater  - checkIfCondition in method sheetExecutorjava.lang.NullPointerException
INFO    2017-04-24 22:47:35,938 [main] actionPerformer  - input value = stdclick
INFO    2017-04-24 22:47:38,641 [main] webActionPerformer  - row to refer - 11imagpath=E:\\sikulirepo\\notepadclick.PNG
INFO    2017-04-24 22:54:04,018 [main] mainRunner  - excution sheet path =C:\Users\partha\git\Myframework\mavenHybrid\webdriver/excelLib.xlsx
INFO    2017-04-24 22:54:04,034 [main] mainRunner  - excution sc reen shot path =C:\Users\partha\Desktop
INFO    2017-04-24 22:54:04,034 [main] mainRunner  - excution object repository path =C:\Users\partha\git\Myframework\mavenHybrid\webdriver/objectrepository.xlsx
INFO    2017-04-24 22:54:12,758 [main] mainRunner  - no iteratorCount given,Sheet will be executed 1 time
INFO    2017-04-24 22:54:12,841 [main] frmDriverLoopCreater  - executing sheet executor method
INFO    2017-04-24 22:54:12,903 [main] frmDriverLoopCreater  - the value of j= 1
INFO    2017-04-24 22:54:12,903 [main] frmDriverLoopCreater  - Checking IF is present or not in first column
ERROR   2017-04-24 22:54:12,966 [main] frmDriverLoopCreater  - checkIfCondition in method sheetExecutorjava.lang.NullPointerException
INFO    2017-04-24 22:54:13,247 [main] actionPerformer  - input value = geturl
INFO    2017-04-24 22:54:15,067 [main] frmDriverLoopCreater  - the value of j= 2
INFO    2017-04-24 22:54:15,083 [main] frmDriverLoopCreater  - Checking IF is present or not in first column
ERROR   2017-04-24 22:54:15,130 [main] frmDriverLoopCreater  - checkIfCondition in method sheetExecutorjava.lang.NullPointerException
INFO    2017-04-24 22:54:15,446 [main] actionPerformer  - input value = stdclick
INFO    2017-04-24 22:54:15,540 [main] webActionPerformer  - row to refer - 11imagpath=E:\\sikulirepo\\notepadclick.PNG
INFO    2017-04-24 22:54:43,567 [main] mainRunner  - excution sheet path =C:\Users\partha\git\Myframework\mavenHybrid\webdriver/excelLib.xlsx
INFO    2017-04-24 22:54:43,582 [main] mainRunner  - excution sc reen shot path =C:\Users\partha\Desktop
INFO    2017-04-24 22:54:43,582 [main] mainRunner  - excution object repository path =C:\Users\partha\git\Myframework\mavenHybrid\webdriver/objectrepository.xlsx
INFO    2017-04-24 22:54:52,054 [main] mainRunner  - no iteratorCount given,Sheet will be executed 1 time
INFO    2017-04-24 22:54:52,125 [main] frmDriverLoopCreater  - executing sheet executor method
INFO    2017-04-24 22:54:52,188 [main] frmDriverLoopCreater  - the value of j= 1
INFO    2017-04-24 22:54:52,188 [main] frmDriverLoopCreater  - Checking IF is present or not in first column
ERROR   2017-04-24 22:54:52,250 [main] frmDriverLoopCreater  - checkIfCondition in method sheetExecutorjava.lang.NullPointerException
INFO    2017-04-24 22:54:52,516 [main] actionPerformer  - input value = geturl
INFO    2017-04-24 22:54:54,851 [main] frmDriverLoopCreater  - the value of j= 2
INFO    2017-04-24 22:54:54,851 [main] frmDriverLoopCreater  - Checking IF is present or not in first column
ERROR   2017-04-24 22:54:54,913 [main] frmDriverLoopCreater  - checkIfCondition in method sheetExecutorjava.lang.NullPointerException
INFO    2017-04-24 22:54:55,203 [main] actionPerformer  - input value = stdclick
INFO    2017-04-24 22:54:55,300 [main] webActionPerformer  - row to refer - 11imagpath=E:\\sikulirepo\\notepadclick.PNG
INFO    2017-04-24 23:04:27,506 [main] mainRunner  - excution sheet path =C:\Users\partha\git\Myframework\mavenHybrid\webdriver/excelLib.xlsx
INFO    2017-04-24 23:04:27,522 [main] mainRunner  - excution sc reen shot path =C:\Users\partha\Desktop
INFO    2017-04-24 23:04:27,522 [main] mainRunner  - excution object repository path =C:\Users\partha\git\Myframework\mavenHybrid\webdriver/objectrepository.xlsx
INFO    2017-04-24 23:04:36,250 [main] mainRunner  - no iteratorCount given,Sheet will be executed 1 time
INFO    2017-04-24 23:04:36,323 [main] frmDriverLoopCreater  - executing sheet executor method
INFO    2017-04-24 23:04:36,386 [main] frmDriverLoopCreater  - the value of j= 1
INFO    2017-04-24 23:04:36,386 [main] frmDriverLoopCreater  - Checking IF is present or not in first column
ERROR   2017-04-24 23:04:36,464 [main] frmDriverLoopCreater  - checkIfCondition in method sheetExecutorjava.lang.NullPointerException
INFO    2017-04-24 23:04:36,729 [main] actionPerformer  - input value = geturl
INFO    2017-04-24 23:04:38,844 [main] frmDriverLoopCreater  - the value of j= 2
INFO    2017-04-24 23:04:38,844 [main] frmDriverLoopCreater  - Checking IF is present or not in first column
ERROR   2017-04-24 23:04:38,906 [main] frmDriverLoopCreater  - checkIfCondition in method sheetExecutorjava.lang.NullPointerException
INFO    2017-04-24 23:04:39,194 [main] actionPerformer  - input value = stdclick
INFO    2017-04-24 23:04:39,311 [main] webActionPerformer  - row to refer - 11imagpath=E:\\sikulirepo\\notepadclick.PNG
INFO    2017-04-24 23:06:39,214 [main] mainRunner  - excution sheet path =C:\Users\partha\git\Myframework\mavenHybrid\webdriver/excelLib.xlsx
INFO    2017-04-24 23:06:39,214 [main] mainRunner  - excution sc reen shot path =C:\Users\partha\Desktop
INFO    2017-04-24 23:06:39,214 [main] mainRunner  - excution object repository path =C:\Users\partha\git\Myframework\mavenHybrid\webdriver/objectrepository.xlsx
INFO    2017-04-24 23:06:47,607 [main] mainRunner  - no iteratorCount given,Sheet will be executed 1 time
INFO    2017-04-24 23:06:47,685 [main] frmDriverLoopCreater  - executing sheet executor method
INFO    2017-04-24 23:06:47,778 [main] frmDriverLoopCreater  - the value of j= 1
INFO    2017-04-24 23:06:47,778 [main] frmDriverLoopCreater  - Checking IF is present or not in first column
ERROR   2017-04-24 23:06:47,841 [main] frmDriverLoopCreater  - checkIfCondition in method sheetExecutorjava.lang.NullPointerException
INFO    2017-04-24 23:06:48,122 [main] actionPerformer  - input value = geturl
INFO    2017-04-24 23:06:49,974 [main] frmDriverLoopCreater  - the value of j= 2
INFO    2017-04-24 23:06:49,974 [main] frmDriverLoopCreater  - Checking IF is present or not in first column
ERROR   2017-04-24 23:06:50,036 [main] frmDriverLoopCreater  - checkIfCondition in method sheetExecutorjava.lang.NullPointerException
INFO    2017-04-24 23:06:50,349 [main] actionPerformer  - input value = stdclick
INFO    2017-04-24 23:06:50,456 [main] webActionPerformer  - row to refer - 11imagpath=E:\\sikulirepo\\notepadclick.PNG
INFO    2017-04-24 23:06:54,888 [main] frmDriverLoopCreater  - the value of j= 3
INFO    2017-04-24 23:06:54,888 [main] frmDriverLoopCreater  - Checking IF is present or not in first column
ERROR   2017-04-24 23:06:54,961 [main] frmDriverLoopCreater  - checkIfCondition in method sheetExecutorjava.lang.NullPointerException
INFO    2017-04-24 23:06:55,223 [main] actionPerformer  - input value = alert
INFO    2017-04-24 23:07:35,485 [main] mainRunner  - excution sheet path =C:\Users\partha\git\Myframework\mavenHybrid\webdriver/excelLib.xlsx
INFO    2017-04-24 23:07:35,500 [main] mainRunner  - excution sc reen shot path =C:\Users\partha\Desktop
INFO    2017-04-24 23:07:35,500 [main] mainRunner  - excution object repository path =C:\Users\partha\git\Myframework\mavenHybrid\webdriver/objectrepository.xlsx
INFO    2017-04-24 23:07:43,921 [main] mainRunner  - no iteratorCount given,Sheet will be executed 1 time
INFO    2017-04-24 23:07:43,994 [main] frmDriverLoopCreater  - executing sheet executor method
INFO    2017-04-24 23:07:44,073 [main] frmDriverLoopCreater  - the value of j= 1
INFO    2017-04-24 23:07:44,073 [main] frmDriverLoopCreater  - Checking IF is present or not in first column
ERROR   2017-04-24 23:07:44,135 [main] frmDriverLoopCreater  - checkIfCondition in method sheetExecutorjava.lang.NullPointerException
INFO    2017-04-24 23:07:44,401 [main] actionPerformer  - input value = geturl
INFO    2017-04-24 23:07:46,103 [main] frmDriverLoopCreater  - the value of j= 2
INFO    2017-04-24 23:07:46,103 [main] frmDriverLoopCreater  - Checking IF is present or not in first column
ERROR   2017-04-24 23:07:46,171 [main] frmDriverLoopCreater  - checkIfCondition in method sheetExecutorjava.lang.NullPointerException
INFO    2017-04-24 23:07:46,433 [main] actionPerformer  - input value = stdclick
INFO    2017-04-24 23:07:46,536 [main] webActionPerformer  - row to refer - 11imagpath=E:\\sikulirepo\\notepadclick.PNG
INFO    2017-04-24 23:09:14,739 [main] mainRunner  - excution sheet path =C:\Users\partha\git\Myframework\mavenHybrid\webdriver/excelLib.xlsx
INFO    2017-04-24 23:09:14,754 [main] mainRunner  - excution sc reen shot path =C:\Users\partha\Desktop
INFO    2017-04-24 23:09:14,754 [main] mainRunner  - excution object repository path =C:\Users\partha\git\Myframework\mavenHybrid\webdriver/objectrepository.xlsx
INFO    2017-04-24 23:09:23,355 [main] mainRunner  - no iteratorCount given,Sheet will be executed 1 time
INFO    2017-04-24 23:09:23,429 [main] frmDriverLoopCreater  - executing sheet executor method
INFO    2017-04-24 23:09:23,491 [main] frmDriverLoopCreater  - the value of j= 1
INFO    2017-04-24 23:09:23,491 [main] frmDriverLoopCreater  - Checking IF is present or not in first column
ERROR   2017-04-24 23:09:23,554 [main] frmDriverLoopCreater  - checkIfCondition in method sheetExecutorjava.lang.NullPointerException
INFO    2017-04-24 23:09:23,804 [main] actionPerformer  - input value = geturl
INFO    2017-04-24 23:09:25,782 [main] frmDriverLoopCreater  - the value of j= 2
INFO    2017-04-24 23:09:25,798 [main] frmDriverLoopCreater  - Checking IF is present or not in first column
ERROR   2017-04-24 23:09:25,845 [main] frmDriverLoopCreater  - checkIfCondition in method sheetExecutorjava.lang.NullPointerException
INFO    2017-04-24 23:09:26,125 [main] actionPerformer  - input value = stdclick
INFO    2017-04-24 23:09:26,220 [main] webActionPerformer  - row to refer - 11imagpath=E:\\sikulirepo\\notepadclick.PNG
INFO    2017-04-24 23:18:48,549 [main] mainRunner  - excution sheet path =C:\Users\partha\git\Myframework\mavenHybrid\webdriver/excelLib.xlsx
INFO    2017-04-24 23:18:48,565 [main] mainRunner  - excution sc reen shot path =C:\Users\partha\Desktop
INFO    2017-04-24 23:18:48,565 [main] mainRunner  - excution object repository path =C:\Users\partha\git\Myframework\mavenHybrid\webdriver/objectrepository.xlsx
INFO    2017-04-24 23:18:57,048 [main] mainRunner  - no iteratorCount given,Sheet will be executed 1 time
INFO    2017-04-24 23:18:57,120 [main] frmDriverLoopCreater  - executing sheet executor method
INFO    2017-04-24 23:18:57,182 [main] frmDriverLoopCreater  - the value of j= 1
INFO    2017-04-24 23:18:57,182 [main] frmDriverLoopCreater  - Checking IF is present or not in first column
ERROR   2017-04-24 23:18:57,245 [main] frmDriverLoopCreater  - checkIfCondition in method sheetExecutorjava.lang.NullPointerException
INFO    2017-04-24 23:18:57,510 [main] actionPerformer  - input value = geturl
INFO    2017-04-24 23:18:59,861 [main] frmDriverLoopCreater  - the value of j= 2
INFO    2017-04-24 23:18:59,861 [main] frmDriverLoopCreater  - Checking IF is present or not in first column
ERROR   2017-04-24 23:18:59,923 [main] frmDriverLoopCreater  - checkIfCondition in method sheetExecutorjava.lang.NullPointerException
INFO    2017-04-24 23:19:00,186 [main] actionPerformer  - input value = stdclick
INFO    2017-04-24 23:19:00,286 [main] webActionPerformer  - row to refer - 11imagpath=E:\\sikulirepo\\notepadclick.PNG
INFO    2017-04-24 23:21:34,296 [main] mainRunner  - excution sheet path =C:\Users\partha\git\Myframework\mavenHybrid\webdriver/excelLib.xlsx
INFO    2017-04-24 23:21:34,296 [main] mainRunner  - excution sc reen shot path =C:\Users\partha\Desktop
INFO    2017-04-24 23:21:34,296 [main] mainRunner  - excution object repository path =C:\Users\partha\git\Myframework\mavenHybrid\webdriver/objectrepository.xlsx
INFO    2017-04-24 23:21:42,731 [main] mainRunner  - no iteratorCount given,Sheet will be executed 1 time
INFO    2017-04-24 23:21:42,794 [main] frmDriverLoopCreater  - executing sheet executor method
INFO    2017-04-24 23:21:42,857 [main] frmDriverLoopCreater  - the value of j= 1
INFO    2017-04-24 23:21:42,857 [main] frmDriverLoopCreater  - Checking IF is present or not in first column
ERROR   2017-04-24 23:21:42,919 [main] frmDriverLoopCreater  - checkIfCondition in method sheetExecutorjava.lang.NullPointerException
INFO    2017-04-24 23:21:43,185 [main] actionPerformer  - input value = geturl
INFO    2017-04-24 23:21:46,005 [main] frmDriverLoopCreater  - the value of j= 2
INFO    2017-04-24 23:21:46,005 [main] frmDriverLoopCreater  - Checking IF is present or not in first column
ERROR   2017-04-24 23:21:46,067 [main] frmDriverLoopCreater  - checkIfCondition in method sheetExecutorjava.lang.NullPointerException
INFO    2017-04-24 23:21:46,337 [main] actionPerformer  - input value = stdclick
INFO    2017-04-24 23:21:46,443 [main] webActionPerformer  - row to refer - 11imagpath=E:\\sikulirepo\\notepadclick.PNG
INFO    2017-04-25 21:25:19,313 [main] mainRunner  - excution sheet path =C:\Users\partha\git\Myframework\mavenHybrid\webdriver/excelLib.xlsx
INFO    2017-04-25 21:25:19,322 [main] mainRunner  - excution sc reen shot path =C:\Users\partha\Desktop
INFO    2017-04-25 21:25:19,322 [main] mainRunner  - excution object repository path =C:\Users\partha\git\Myframework\mavenHybrid\webdriver/objectrepository.xlsx
INFO    2017-04-25 21:25:29,928 [main] mainRunner  - no iteratorCount given,Sheet will be executed 1 time
INFO    2017-04-25 21:25:29,999 [main] frmDriverLoopCreater  - executing sheet executor method
INFO    2017-04-25 21:25:30,073 [main] frmDriverLoopCreater  - the value of j= 1
INFO    2017-04-25 21:25:30,074 [main] frmDriverLoopCreater  - Checking IF is present or not in first column
ERROR   2017-04-25 21:25:30,143 [main] frmDriverLoopCreater  - checkIfCondition in method sheetExecutorjava.lang.NullPointerException
INFO    2017-04-25 21:25:30,510 [main] actionPerformer  - input value = geturl
INFO    2017-04-25 21:25:32,332 [main] frmDriverLoopCreater  - the value of j= 2
INFO    2017-04-25 21:25:32,333 [main] frmDriverLoopCreater  - Checking IF is present or not in first column
ERROR   2017-04-25 21:25:32,400 [main] frmDriverLoopCreater  - checkIfCondition in method sheetExecutorjava.lang.NullPointerException
INFO    2017-04-25 21:25:32,697 [main] actionPerformer  - input value = stdclick
INFO    2017-04-25 21:25:32,796 [main] webActionPerformer  - row to refer - 11imagpath=E:\\sikulirepo\\notepadclick.PNG
INFO    2017-04-25 21:27:04,378 [main] mainRunner  - excution sheet path =C:\Users\partha\git\Myframework\mavenHybrid\webdriver/excelLib.xlsx
INFO    2017-04-25 21:27:04,386 [main] mainRunner  - excution sc reen shot path =C:\Users\partha\Desktop
INFO    2017-04-25 21:27:04,387 [main] mainRunner  - excution object repository path =C:\Users\partha\git\Myframework\mavenHybrid\webdriver/objectrepository.xlsx
INFO    2017-04-25 21:27:12,746 [main] mainRunner  - no iteratorCount given,Sheet will be executed 1 time
INFO    2017-04-25 21:27:12,826 [main] frmDriverLoopCreater  - executing sheet executor method
INFO    2017-04-25 21:27:12,886 [main] frmDriverLoopCreater  - the value of j= 1
INFO    2017-04-25 21:27:12,887 [main] frmDriverLoopCreater  - Checking IF is present or not in first column
ERROR   2017-04-25 21:27:12,960 [main] frmDriverLoopCreater  - checkIfCondition in method sheetExecutorjava.lang.NullPointerException
INFO    2017-04-25 21:27:13,252 [main] actionPerformer  - input value = geturl
INFO    2017-04-25 21:27:16,136 [main] frmDriverLoopCreater  - the value of j= 2
INFO    2017-04-25 21:27:16,137 [main] frmDriverLoopCreater  - Checking IF is present or not in first column
ERROR   2017-04-25 21:27:16,197 [main] frmDriverLoopCreater  - checkIfCondition in method sheetExecutorjava.lang.NullPointerException
INFO    2017-04-25 21:27:16,460 [main] actionPerformer  - input value = stdclick
INFO    2017-04-25 21:27:16,573 [main] webActionPerformer  - row to refer - 11imagpath=E:\\sikulirepo\\notepadclick.PNG
INFO    2017-04-25 21:28:04,381 [main] mainRunner  - excution sheet path =C:\Users\partha\git\Myframework\mavenHybrid\webdriver/excelLib.xlsx
INFO    2017-04-25 21:28:04,389 [main] mainRunner  - excution sc reen shot path =C:\Users\partha\Desktop
INFO    2017-04-25 21:28:04,390 [main] mainRunner  - excution object repository path =C:\Users\partha\git\Myframework\mavenHybrid\webdriver/objectrepository.xlsx
INFO    2017-04-25 21:28:12,736 [main] mainRunner  - no iteratorCount given,Sheet will be executed 1 time
INFO    2017-04-25 21:28:12,798 [main] frmDriverLoopCreater  - executing sheet executor method
INFO    2017-04-25 21:28:12,862 [main] frmDriverLoopCreater  - the value of j= 1
INFO    2017-04-25 21:28:12,863 [main] frmDriverLoopCreater  - Checking IF is present or not in first column
ERROR   2017-04-25 21:28:12,930 [main] frmDriverLoopCreater  - checkIfCondition in method sheetExecutorjava.lang.NullPointerException
INFO    2017-04-25 21:28:13,211 [main] actionPerformer  - input value = geturl
INFO    2017-04-25 21:28:14,813 [main] frmDriverLoopCreater  - the value of j= 2
INFO    2017-04-25 21:28:14,814 [main] frmDriverLoopCreater  - Checking IF is present or not in first column
ERROR   2017-04-25 21:28:14,868 [main] frmDriverLoopCreater  - checkIfCondition in method sheetExecutorjava.lang.NullPointerException
INFO    2017-04-25 21:28:15,130 [main] actionPerformer  - input value = stdclick
INFO    2017-04-25 21:28:15,231 [main] webActionPerformer  - row to refer - 11imagpath=E:\\sikulirepo\\notepadclick.PNG
INFO    2017-04-25 21:57:44,276 [main] mainRunner  - excution sheet path =C:\Users\partha\git\Myframework\mavenHybrid\webdriver/excelLib.xlsx
INFO    2017-04-25 21:57:44,292 [main] mainRunner  - excution sc reen shot path =C:\Users\partha\Desktop
INFO    2017-04-25 21:57:44,292 [main] mainRunner  - excution object repository path =C:\Users\partha\git\Myframework\mavenHybrid\webdriver/objectrepository.xlsx
INFO    2017-04-25 21:58:24,620 [main] mainRunner  - excution sheet path =C:\Users\partha\git\Myframework\mavenHybrid\webdriver/excelLib.xlsx
INFO    2017-04-25 21:58:24,620 [main] mainRunner  - excution sc reen shot path =C:\Users\partha\Desktop
INFO    2017-04-25 21:58:24,620 [main] mainRunner  - excution object repository path =C:\Users\partha\git\Myframework\mavenHybrid\webdriver/objectrepository.xlsx
INFO    2017-04-25 21:58:34,919 [main] mainRunner  - no iteratorCount given,Sheet will be executed 1 time
INFO    2017-04-25 21:58:35,035 [main] frmDriverLoopCreater  - executing sheet executor method
INFO    2017-04-25 21:58:35,113 [main] frmDriverLoopCreater  - the value of j= 1
INFO    2017-04-25 21:58:35,113 [main] frmDriverLoopCreater  - Checking IF is present or not in first column
ERROR   2017-04-25 21:58:35,175 [main] frmDriverLoopCreater  - checkIfCondition in method sheetExecutorjava.lang.NullPointerException
INFO    2017-04-25 21:58:35,441 [main] actionPerformer  - input value = geturl
INFO    2017-04-25 21:58:36,816 [main] frmDriverLoopCreater  - the value of j= 2
INFO    2017-04-25 21:58:36,816 [main] frmDriverLoopCreater  - Checking IF is present or not in first column
ERROR   2017-04-25 21:58:36,863 [main] frmDriverLoopCreater  - checkIfCondition in method sheetExecutorjava.lang.NullPointerException
INFO    2017-04-25 21:58:37,130 [main] actionPerformer  - input value = stdclick
INFO    2017-04-25 21:58:37,270 [main] webActionPerformer  - row to refer - 11imagpath=E:\\sikulirepo\\notepadclick.PNG
INFO    2017-04-25 22:11:27,909 [main] mainRunner  - excution sheet path =C:\Users\partha\git\Myframework\mavenHybrid\webdriver/excelLib.xlsx
INFO    2017-04-25 22:11:27,925 [main] mainRunner  - excution sc reen shot path =C:\Users\partha\Desktop
INFO    2017-04-25 22:11:27,925 [main] mainRunner  - excution object repository path =C:\Users\partha\git\Myframework\mavenHybrid\webdriver/objectrepository.xlsx
INFO    2017-04-25 22:11:38,453 [main] mainRunner  - no iteratorCount given,Sheet will be executed 1 time
INFO    2017-04-25 22:11:38,516 [main] frmDriverLoopCreater  - executing sheet executor method
INFO    2017-04-25 22:11:38,579 [main] frmDriverLoopCreater  - the value of j= 1
INFO    2017-04-25 22:11:38,579 [main] frmDriverLoopCreater  - Checking IF is present or not in first column
ERROR   2017-04-25 22:11:38,641 [main] frmDriverLoopCreater  - checkIfCondition in method sheetExecutorjava.lang.NullPointerException
INFO    2017-04-25 22:11:38,907 [main] actionPerformer  - input value = geturl
INFO    2017-04-25 22:11:42,185 [main] frmDriverLoopCreater  - the value of j= 2
INFO    2017-04-25 22:11:42,185 [main] frmDriverLoopCreater  - Checking IF is present or not in first column
ERROR   2017-04-25 22:11:42,247 [main] frmDriverLoopCreater  - checkIfCondition in method sheetExecutorjava.lang.NullPointerException
INFO    2017-04-25 22:11:42,508 [main] actionPerformer  - input value = stdclick
INFO    2017-04-25 22:11:42,611 [main] webActionPerformer  - row to refer - 11imagpath=E:\\sikulirepo\\notepadclick.PNG
INFO    2017-04-25 22:11:45,166 [main] frmDriverLoopCreater  - the value of j= 3
INFO    2017-04-25 22:11:45,166 [main] frmDriverLoopCreater  - Checking IF is present or not in first column
ERROR   2017-04-25 22:11:45,244 [main] frmDriverLoopCreater  - checkIfCondition in method sheetExecutorjava.lang.NullPointerException
INFO    2017-04-25 22:11:45,728 [main] actionPerformer  - input value = stdtype
INFO    2017-04-25 22:11:46,748 [main] frmDriverLoopCreater  - the value of j= 4
INFO    2017-04-25 22:11:46,748 [main] frmDriverLoopCreater  - Checking IF is present or not in first column
ERROR   2017-04-25 22:11:46,922 [main] frmDriverLoopCreater  - checkIfCondition in method sheetExecutorjava.lang.NullPointerException
ERROR   2017-04-25 22:11:46,973 [main] frmDriverLoopCreater  - empty cells in method sheetExecutor 
ERROR   2017-04-25 22:11:47,161 [main] actionPerformer  - inside action performer,unable to get input
INFO    2017-04-25 22:12:40,243 [main] mainRunner  - excution sheet path =C:\Users\partha\git\Myframework\mavenHybrid\webdriver/excelLib.xlsx
INFO    2017-04-25 22:12:40,259 [main] mainRunner  - excution sc reen shot path =C:\Users\partha\Desktop
INFO    2017-04-25 22:12:40,259 [main] mainRunner  - excution object repository path =C:\Users\partha\git\Myframework\mavenHybrid\webdriver/objectrepository.xlsx
INFO    2017-04-25 22:12:49,819 [main] mainRunner  - no iteratorCount given,Sheet will be executed 1 time
INFO    2017-04-25 22:12:49,889 [main] frmDriverLoopCreater  - executing sheet executor method
INFO    2017-04-25 22:12:49,951 [main] frmDriverLoopCreater  - the value of j= 1
INFO    2017-04-25 22:12:49,951 [main] frmDriverLoopCreater  - Checking IF is present or not in first column
ERROR   2017-04-25 22:12:50,014 [main] frmDriverLoopCreater  - checkIfCondition in method sheetExecutorjava.lang.NullPointerException
INFO    2017-04-25 22:12:50,311 [main] actionPerformer  - input value = geturl
INFO    2017-04-25 22:12:52,185 [main] frmDriverLoopCreater  - the value of j= 2
INFO    2017-04-25 22:12:52,185 [main] frmDriverLoopCreater  - Checking IF is present or not in first column
ERROR   2017-04-25 22:12:52,247 [main] frmDriverLoopCreater  - checkIfCondition in method sheetExecutorjava.lang.NullPointerException
INFO    2017-04-25 22:12:52,515 [main] actionPerformer  - input value = stdclick
INFO    2017-04-25 22:12:52,631 [main] webActionPerformer  - row to refer - 11imagpath=E:\\sikulirepo\\notepadclick.PNG
INFO    2017-04-25 22:12:55,031 [main] frmDriverLoopCreater  - the value of j= 3
INFO    2017-04-25 22:12:55,031 [main] frmDriverLoopCreater  - Checking IF is present or not in first column
ERROR   2017-04-25 22:12:55,124 [main] frmDriverLoopCreater  - checkIfCondition in method sheetExecutorjava.lang.NullPointerException
INFO    2017-04-25 22:12:55,593 [main] actionPerformer  - input value = stdtype
INFO    2017-04-25 22:12:56,579 [main] frmDriverLoopCreater  - the value of j= 4
INFO    2017-04-25 22:12:56,579 [main] frmDriverLoopCreater  - Checking IF is present or not in first column
ERROR   2017-04-25 22:12:56,657 [main] frmDriverLoopCreater  - checkIfCondition in method sheetExecutorjava.lang.NullPointerException
ERROR   2017-04-25 22:12:56,707 [main] frmDriverLoopCreater  - empty cells in method sheetExecutor 
ERROR   2017-04-25 22:12:56,913 [main] actionPerformer  - inside action performer,unable to get input
INFO    2017-04-25 22:16:46,088 [main] mainRunner  - excution sheet path =C:\Users\partha\git\Myframework\mavenHybrid\webdriver/excelLib.xlsx
INFO    2017-04-25 22:16:46,104 [main] mainRunner  - excution sc reen shot path =C:\Users\partha\Desktop
INFO    2017-04-25 22:16:46,104 [main] mainRunner  - excution object repository path =C:\Users\partha\git\Myframework\mavenHybrid\webdriver/objectrepository.xlsx
INFO    2017-04-25 22:16:55,509 [main] mainRunner  - no iteratorCount given,Sheet will be executed 1 time
INFO    2017-04-25 22:16:55,584 [main] frmDriverLoopCreater  - executing sheet executor method
INFO    2017-04-25 22:16:55,647 [main] frmDriverLoopCreater  - the value of j= 1
INFO    2017-04-25 22:16:55,647 [main] frmDriverLoopCreater  - Checking IF is present or not in first column
ERROR   2017-04-25 22:16:55,741 [main] frmDriverLoopCreater  - checkIfCondition in method sheetExecutorjava.lang.NullPointerException
INFO    2017-04-25 22:16:56,006 [main] actionPerformer  - input value = geturl
INFO    2017-04-25 22:16:58,674 [main] frmDriverLoopCreater  - the value of j= 2
INFO    2017-04-25 22:16:58,674 [main] frmDriverLoopCreater  - Checking IF is present or not in first column
ERROR   2017-04-25 22:16:58,736 [main] frmDriverLoopCreater  - checkIfCondition in method sheetExecutorjava.lang.NullPointerException
INFO    2017-04-25 22:16:58,997 [main] actionPerformer  - input value = stdclick
INFO    2017-04-25 22:16:59,108 [main] webActionPerformer  - row to refer - 11imagpath=E:\\sikulirepo\\notepadclick.PNG
INFO    2017-04-25 22:17:01,553 [main] frmDriverLoopCreater  - the value of j= 3
INFO    2017-04-25 22:17:01,553 [main] frmDriverLoopCreater  - Checking IF is present or not in first column
ERROR   2017-04-25 22:17:01,631 [main] frmDriverLoopCreater  - checkIfCondition in method sheetExecutorjava.lang.NullPointerException
INFO    2017-04-25 22:17:02,116 [main] actionPerformer  - input value = stdtype
INFO    2017-04-25 22:17:02,287 [main] webActionPerformer  - row to refer - 15imagpath=E:\sikulirepo\textfield.PNG
INFO    2017-04-25 22:17:04,122 [main] frmDriverLoopCreater  - the value of j= 4
INFO    2017-04-25 22:17:04,122 [main] frmDriverLoopCreater  - Checking IF is present or not in first column
ERROR   2017-04-25 22:17:04,169 [main] frmDriverLoopCreater  - checkIfCondition in method sheetExecutorjava.lang.NullPointerException
ERROR   2017-04-25 22:17:04,233 [main] frmDriverLoopCreater  - empty cells in method sheetExecutor 
ERROR   2017-04-25 22:17:04,436 [main] actionPerformer  - inside action performer,unable to get input
INFO    2017-04-25 22:25:58,561 [main] mainRunner  - excution sheet path =C:\Users\partha\git\Myframework\mavenHybrid\webdriver/excelLib.xlsx
INFO    2017-04-25 22:25:58,561 [main] mainRunner  - excution sc reen shot path =C:\Users\partha\Desktop
INFO    2017-04-25 22:25:58,561 [main] mainRunner  - excution object repository path =C:\Users\partha\git\Myframework\mavenHybrid\webdriver/objectrepository.xlsx
INFO    2017-04-25 22:26:08,116 [main] mainRunner  - no iteratorCount given,Sheet will be executed 1 time
INFO    2017-04-25 22:26:08,180 [main] frmDriverLoopCreater  - executing sheet executor method
INFO    2017-04-25 22:26:08,242 [main] frmDriverLoopCreater  - the value of j= 1
INFO    2017-04-25 22:26:08,242 [main] frmDriverLoopCreater  - Checking IF is present or not in first column
ERROR   2017-04-25 22:26:08,305 [main] frmDriverLoopCreater  - checkIfCondition in method sheetExecutorjava.lang.NullPointerException
INFO    2017-04-25 22:26:08,602 [main] actionPerformer  - input value = geturl
INFO    2017-04-25 22:26:11,686 [main] frmDriverLoopCreater  - the value of j= 2
INFO    2017-04-25 22:26:11,686 [main] frmDriverLoopCreater  - Checking IF is present or not in first column
ERROR   2017-04-25 22:26:11,749 [main] frmDriverLoopCreater  - checkIfCondition in method sheetExecutorjava.lang.NullPointerException
INFO    2017-04-25 22:26:12,019 [main] actionPerformer  - input value = stdrightclick
INFO    2017-04-25 22:26:12,120 [main] webActionPerformer  - row to refer - 11imagpath=null
INFO    2017-04-25 22:26:13,679 [main] frmDriverLoopCreater  - the value of j= 3
INFO    2017-04-25 22:26:13,679 [main] frmDriverLoopCreater  - Checking IF is present or not in first column
ERROR   2017-04-25 22:26:13,752 [main] frmDriverLoopCreater  - checkIfCondition in method sheetExecutorjava.lang.NullPointerException
ERROR   2017-04-25 22:26:13,801 [main] frmDriverLoopCreater  - empty cells in method sheetExecutor 
ERROR   2017-04-25 22:26:13,988 [main] actionPerformer  - inside action performer,unable to get input
INFO    2017-04-25 22:26:14,066 [main] frmDriverLoopCreater  - the value of j= 4
INFO    2017-04-25 22:26:14,066 [main] frmDriverLoopCreater  - Checking IF is present or not in first column
ERROR   2017-04-25 22:26:14,129 [main] frmDriverLoopCreater  - checkIfCondition in method sheetExecutorjava.lang.NullPointerException
ERROR   2017-04-25 22:26:14,176 [main] frmDriverLoopCreater  - empty cells in method sheetExecutor 
ERROR   2017-04-25 22:26:14,381 [main] actionPerformer  - inside action performer,unable to get input
INFO    2017-04-25 22:26:28,586 [main] mainRunner  - excution sheet path =C:\Users\partha\git\Myframework\mavenHybrid\webdriver/excelLib.xlsx
INFO    2017-04-25 22:26:28,586 [main] mainRunner  - excution sc reen shot path =C:\Users\partha\Desktop
INFO    2017-04-25 22:26:28,586 [main] mainRunner  - excution object repository path =C:\Users\partha\git\Myframework\mavenHybrid\webdriver/objectrepository.xlsx
INFO    2017-04-25 22:26:37,654 [main] mainRunner  - no iteratorCount given,Sheet will be executed 1 time
INFO    2017-04-25 22:26:37,728 [main] frmDriverLoopCreater  - executing sheet executor method
INFO    2017-04-25 22:26:37,791 [main] frmDriverLoopCreater  - the value of j= 1
INFO    2017-04-25 22:26:37,791 [main] frmDriverLoopCreater  - Checking IF is present or not in first column
ERROR   2017-04-25 22:26:37,853 [main] frmDriverLoopCreater  - checkIfCondition in method sheetExecutorjava.lang.NullPointerException
INFO    2017-04-25 22:26:38,119 [main] actionPerformer  - input value = geturl
INFO    2017-04-25 22:26:39,518 [main] frmDriverLoopCreater  - the value of j= 2
INFO    2017-04-25 22:26:39,518 [main] frmDriverLoopCreater  - Checking IF is present or not in first column
ERROR   2017-04-25 22:26:39,581 [main] frmDriverLoopCreater  - checkIfCondition in method sheetExecutorjava.lang.NullPointerException
INFO    2017-04-25 22:26:39,850 [main] actionPerformer  - input value = stdrightclick
INFO    2017-04-25 22:26:39,958 [main] webActionPerformer  - row to refer - 11imagpath=null
INFO    2017-04-25 22:26:41,484 [main] frmDriverLoopCreater  - the value of j= 3
INFO    2017-04-25 22:26:41,484 [main] frmDriverLoopCreater  - Checking IF is present or not in first column
ERROR   2017-04-25 22:26:41,565 [main] frmDriverLoopCreater  - checkIfCondition in method sheetExecutorjava.lang.NullPointerException
ERROR   2017-04-25 22:26:41,617 [main] frmDriverLoopCreater  - empty cells in method sheetExecutor 
ERROR   2017-04-25 22:26:41,805 [main] actionPerformer  - inside action performer,unable to get input
INFO    2017-04-25 22:26:41,867 [main] frmDriverLoopCreater  - the value of j= 4
INFO    2017-04-25 22:26:41,867 [main] frmDriverLoopCreater  - Checking IF is present or not in first column
ERROR   2017-04-25 22:26:41,945 [main] frmDriverLoopCreater  - checkIfCondition in method sheetExecutorjava.lang.NullPointerException
ERROR   2017-04-25 22:26:41,992 [main] frmDriverLoopCreater  - empty cells in method sheetExecutor 
ERROR   2017-04-25 22:26:42,216 [main] actionPerformer  - inside action performer,unable to get input
INFO    2017-04-25 22:28:17,481 [main] mainRunner  - excution sheet path =C:\Users\partha\git\Myframework\mavenHybrid\webdriver/excelLib.xlsx
INFO    2017-04-25 22:28:17,481 [main] mainRunner  - excution sc reen shot path =C:\Users\partha\Desktop
INFO    2017-04-25 22:28:17,481 [main] mainRunner  - excution object repository path =C:\Users\partha\git\Myframework\mavenHybrid\webdriver/objectrepository.xlsx
INFO    2017-04-25 22:28:26,648 [main] mainRunner  - no iteratorCount given,Sheet will be executed 1 time
INFO    2017-04-25 22:28:26,723 [main] frmDriverLoopCreater  - executing sheet executor method
INFO    2017-04-25 22:28:26,801 [main] frmDriverLoopCreater  - the value of j= 1
INFO    2017-04-25 22:28:26,801 [main] frmDriverLoopCreater  - Checking IF is present or not in first column
ERROR   2017-04-25 22:28:26,863 [main] frmDriverLoopCreater  - checkIfCondition in method sheetExecutorjava.lang.NullPointerException
INFO    2017-04-25 22:28:27,145 [main] actionPerformer  - input value = geturl
INFO    2017-04-25 22:28:29,263 [main] frmDriverLoopCreater  - the value of j= 2
INFO    2017-04-25 22:28:29,263 [main] frmDriverLoopCreater  - Checking IF is present or not in first column
ERROR   2017-04-25 22:28:29,326 [main] frmDriverLoopCreater  - checkIfCondition in method sheetExecutorjava.lang.NullPointerException
INFO    2017-04-25 22:28:29,603 [main] actionPerformer  - input value = stdrightclick
INFO    2017-04-25 22:28:29,719 [main] webActionPerformer  - row to refer - 11imagpath=null
INFO    2017-04-25 22:28:31,209 [main] frmDriverLoopCreater  - the value of j= 3
INFO    2017-04-25 22:28:31,209 [main] frmDriverLoopCreater  - Checking IF is present or not in first column
ERROR   2017-04-25 22:28:31,282 [main] frmDriverLoopCreater  - checkIfCondition in method sheetExecutorjava.lang.NullPointerException
ERROR   2017-04-25 22:28:31,347 [main] frmDriverLoopCreater  - empty cells in method sheetExecutor 
ERROR   2017-04-25 22:28:31,550 [main] actionPerformer  - inside action performer,unable to get input
INFO    2017-04-25 22:28:31,612 [main] frmDriverLoopCreater  - the value of j= 4
INFO    2017-04-25 22:28:31,612 [main] frmDriverLoopCreater  - Checking IF is present or not in first column
ERROR   2017-04-25 22:28:31,659 [main] frmDriverLoopCreater  - checkIfCondition in method sheetExecutorjava.lang.NullPointerException
ERROR   2017-04-25 22:28:31,737 [main] frmDriverLoopCreater  - empty cells in method sheetExecutor 
ERROR   2017-04-25 22:28:31,943 [main] actionPerformer  - inside action performer,unable to get input
INFO    2017-04-26 07:27:07,326 [main] mainRunner  - excution sheet path =C:\Users\partha\git\Myframework\mavenHybrid\webdriver/excelLib.xlsx
INFO    2017-04-26 07:27:07,342 [main] mainRunner  - excution sc reen shot path =C:\Users\partha\Desktop
INFO    2017-04-26 07:27:07,342 [main] mainRunner  - excution object repository path =C:\Users\partha\git\Myframework\mavenHybrid\webdriver/objectrepository.xlsx
INFO    2017-04-26 07:27:17,691 [main] mainRunner  - no iteratorCount given,Sheet will be executed 1 time
INFO    2017-04-26 07:27:17,757 [main] frmDriverLoopCreater  - executing sheet executor method
INFO    2017-04-26 07:27:17,820 [main] frmDriverLoopCreater  - the value of j= 1
INFO    2017-04-26 07:27:17,820 [main] frmDriverLoopCreater  - Checking IF is present or not in first column
ERROR   2017-04-26 07:27:17,882 [main] frmDriverLoopCreater  - checkIfCondition in method sheetExecutorjava.lang.NullPointerException
INFO    2017-04-26 07:27:18,163 [main] actionPerformer  - input value = geturl
INFO    2017-04-26 07:27:20,277 [main] frmDriverLoopCreater  - the value of j= 2
INFO    2017-04-26 07:27:20,277 [main] frmDriverLoopCreater  - Checking IF is present or not in first column
ERROR   2017-04-26 07:27:20,351 [main] frmDriverLoopCreater  - checkIfCondition in method sheetExecutorjava.lang.NullPointerException
INFO    2017-04-26 07:27:20,673 [main] actionPerformer  - input value = stdrightclick
INFO    2017-04-26 07:27:20,764 [main] webActionPerformer  - row to refer - 11imagpath=null
INFO    2017-04-26 07:29:04,744 [main] mainRunner  - excution sheet path =C:\Users\partha\git\Myframework\mavenHybrid\webdriver/excelLib.xlsx
INFO    2017-04-26 07:29:04,760 [main] mainRunner  - excution sc reen shot path =C:\Users\partha\Desktop
INFO    2017-04-26 07:29:04,760 [main] mainRunner  - excution object repository path =C:\Users\partha\git\Myframework\mavenHybrid\webdriver/objectrepository.xlsx
INFO    2017-04-26 07:29:13,386 [main] mainRunner  - no iteratorCount given,Sheet will be executed 1 time
INFO    2017-04-26 07:29:13,458 [main] frmDriverLoopCreater  - executing sheet executor method
INFO    2017-04-26 07:29:13,520 [main] frmDriverLoopCreater  - the value of j= 1
INFO    2017-04-26 07:29:13,520 [main] frmDriverLoopCreater  - Checking IF is present or not in first column
ERROR   2017-04-26 07:29:13,583 [main] frmDriverLoopCreater  - checkIfCondition in method sheetExecutorjava.lang.NullPointerException
INFO    2017-04-26 07:29:13,848 [main] actionPerformer  - input value = geturl
INFO    2017-04-26 07:29:15,641 [main] frmDriverLoopCreater  - the value of j= 2
INFO    2017-04-26 07:29:15,641 [main] frmDriverLoopCreater  - Checking IF is present or not in first column
ERROR   2017-04-26 07:29:15,704 [main] frmDriverLoopCreater  - checkIfCondition in method sheetExecutorjava.lang.NullPointerException
INFO    2017-04-26 07:29:15,989 [main] actionPerformer  - input value = stdrightclick
INFO    2017-04-26 07:29:16,097 [main] webActionPerformer  - row to refer - 11imagpath=null
INFO    2017-04-26 07:30:27,139 [main] mainRunner  - excution sheet path =C:\Users\partha\git\Myframework\mavenHybrid\webdriver/excelLib.xlsx
INFO    2017-04-26 07:30:27,155 [main] mainRunner  - excution sc reen shot path =C:\Users\partha\Desktop
INFO    2017-04-26 07:30:27,155 [main] mainRunner  - excution object repository path =C:\Users\partha\git\Myframework\mavenHybrid\webdriver/objectrepository.xlsx
INFO    2017-04-26 07:30:35,691 [main] mainRunner  - no iteratorCount given,Sheet will be executed 1 time
INFO    2017-04-26 07:30:35,782 [main] frmDriverLoopCreater  - executing sheet executor method
INFO    2017-04-26 07:30:35,845 [main] frmDriverLoopCreater  - the value of j= 1
INFO    2017-04-26 07:30:35,845 [main] frmDriverLoopCreater  - Checking IF is present or not in first column
ERROR   2017-04-26 07:30:35,907 [main] frmDriverLoopCreater  - checkIfCondition in method sheetExecutorjava.lang.NullPointerException
INFO    2017-04-26 07:30:36,173 [main] actionPerformer  - input value = geturl
INFO    2017-04-26 07:30:37,527 [main] frmDriverLoopCreater  - the value of j= 2
INFO    2017-04-26 07:30:37,527 [main] frmDriverLoopCreater  - Checking IF is present or not in first column
ERROR   2017-04-26 07:30:37,594 [main] frmDriverLoopCreater  - checkIfCondition in method sheetExecutorjava.lang.NullPointerException
INFO    2017-04-26 07:30:37,863 [main] actionPerformer  - input value = stdrightclick
INFO    2017-04-26 07:30:37,982 [main] webActionPerformer  - row to refer - 11imagpath=null
INFO    2017-04-26 07:31:11,749 [main] mainRunner  - excution sheet path =C:\Users\partha\git\Myframework\mavenHybrid\webdriver/excelLib.xlsx
INFO    2017-04-26 07:31:11,764 [main] mainRunner  - excution sc reen shot path =C:\Users\partha\Desktop
INFO    2017-04-26 07:31:11,764 [main] mainRunner  - excution object repository path =C:\Users\partha\git\Myframework\mavenHybrid\webdriver/objectrepository.xlsx
INFO    2017-04-26 07:31:20,193 [main] mainRunner  - no iteratorCount given,Sheet will be executed 1 time
INFO    2017-04-26 07:31:20,282 [main] frmDriverLoopCreater  - executing sheet executor method
INFO    2017-04-26 07:31:20,345 [main] frmDriverLoopCreater  - the value of j= 1
INFO    2017-04-26 07:31:20,345 [main] frmDriverLoopCreater  - Checking IF is present or not in first column
ERROR   2017-04-26 07:31:20,408 [main] frmDriverLoopCreater  - checkIfCondition in method sheetExecutorjava.lang.NullPointerException
INFO    2017-04-26 07:31:20,689 [main] actionPerformer  - input value = geturl
INFO    2017-04-26 07:31:22,225 [main] frmDriverLoopCreater  - the value of j= 2
INFO    2017-04-26 07:31:22,225 [main] frmDriverLoopCreater  - Checking IF is present or not in first column
ERROR   2017-04-26 07:31:22,293 [main] frmDriverLoopCreater  - checkIfCondition in method sheetExecutorjava.lang.NullPointerException
INFO    2017-04-26 07:31:22,592 [main] actionPerformer  - input value = stdrightclick
INFO    2017-04-26 07:31:22,698 [main] webActionPerformer  - row to refer - 11imagpath=null
INFO    2017-04-26 07:35:32,652 [main] mainRunner  - excution sheet path =C:\Users\partha\git\Myframework\mavenHybrid\webdriver/excelLib.xlsx
INFO    2017-04-26 07:35:32,667 [main] mainRunner  - excution sc reen shot path =C:\Users\partha\Desktop
INFO    2017-04-26 07:35:32,667 [main] mainRunner  - excution object repository path =C:\Users\partha\git\Myframework\mavenHybrid\webdriver/objectrepository.xlsx
INFO    2017-04-26 07:35:41,668 [main] mainRunner  - no iteratorCount given,Sheet will be executed 1 time
INFO    2017-04-26 07:35:41,741 [main] frmDriverLoopCreater  - executing sheet executor method
INFO    2017-04-26 07:35:41,804 [main] frmDriverLoopCreater  - the value of j= 1
INFO    2017-04-26 07:35:41,819 [main] frmDriverLoopCreater  - Checking IF is present or not in first column
ERROR   2017-04-26 07:35:41,866 [main] frmDriverLoopCreater  - checkIfCondition in method sheetExecutorjava.lang.NullPointerException
INFO    2017-04-26 07:35:42,132 [main] actionPerformer  - input value = geturl
INFO    2017-04-26 07:35:43,999 [main] frmDriverLoopCreater  - the value of j= 2
INFO    2017-04-26 07:35:43,999 [main] frmDriverLoopCreater  - Checking IF is present or not in first column
ERROR   2017-04-26 07:35:44,063 [main] frmDriverLoopCreater  - checkIfCondition in method sheetExecutorjava.lang.NullPointerException
INFO    2017-04-26 07:35:44,347 [main] actionPerformer  - input value = stdrightclick
INFO    2017-04-26 07:35:44,444 [main] webActionPerformer  - row to refer - 11 imagpath=E:\\sikulirepo\\notepadclick.PNG
