2017-03-74 08:03:893 ERROR DriverBase:121 - no iteratorCount given,Sheet will be executed 1 time
2017-03-74 08:03:144 ERROR TestExecutor:499 - checkIfCondition in method sheetExecutorjava.lang.NullPointerException
2017-03-74 08:03:379 ERROR TestExecutor:536 - empty cells in method sheetExecutor java.lang.NullPointerException
2017-03-74 08:03:458 ERROR TestExecutor:499 - checkIfCondition in method sheetExecutorjava.lang.NullPointerException
2017-03-74 08:03:505 ERROR TestExecutor:573 - emty cells in method sheetExecutor java.lang.NullPointerException
2017-03-74 08:03:661 ERROR TestExecutor:48 - inside action performer,unable to get input
2017-03-74 08:03:661 ERROR TestExecutor:463 - unable to find by  method
2017-03-74 08:03:754 ERROR TestExecutor:499 - checkIfCondition in method sheetExecutorjava.lang.NullPointerException
2017-03-74 08:03:793 ERROR TestExecutor:573 - emty cells in method sheetExecutor java.lang.NullPointerException
2017-03-74 08:03:933 ERROR TestExecutor:48 - inside action performer,unable to get input
2017-03-74 08:03:933 ERROR TestExecutor:463 - unable to find by  method
2017-03-74 08:03:74 ERROR TestExecutor:499 - checkIfCondition in method sheetExecutorjava.lang.NullPointerException
2017-03-74 08:03:105 ERROR TestExecutor:573 - emty cells in method sheetExecutor java.lang.NullPointerException
2017-03-74 08:03:340 ERROR TestExecutor:48 - inside action performer,unable to get input
2017-03-74 08:03:340 ERROR TestExecutor:463 - unable to find by  method
2017-03-74 08:03:453 ERROR TestExecutor:499 - checkIfCondition in method sheetExecutorjava.lang.NullPointerException
2017-03-74 08:03:501 ERROR TestExecutor:573 - emty cells in method sheetExecutor java.lang.NullPointerException
2017-03-74 08:03:673 ERROR TestExecutor:48 - inside action performer,unable to get input
2017-03-74 08:03:673 ERROR TestExecutor:463 - unable to find by  method
2017-03-74 08:03:744 ERROR TestExecutor:499 - checkIfCondition in method sheetExecutorjava.lang.NullPointerException
2017-03-74 08:03:538 ERROR TestExecutor:499 - checkIfCondition in method sheetExecutorjava.lang.NullPointerException
2017-03-75 06:03:664 ERROR DriverBase:121 - no iteratorCount given,Sheet will be executed 1 time
2017-03-75 06:03:140 ERROR TestExecutor:499 - checkIfCondition in method sheetExecutorjava.lang.NullPointerException
2017-03-75 06:03:26 ERROR TestExecutor:536 - empty cells in method sheetExecutor java.lang.NullPointerException
2017-03-75 06:03:117 ERROR TestExecutor:499 - checkIfCondition in method sheetExecutorjava.lang.NullPointerException
2017-03-75 06:03:175 ERROR TestExecutor:573 - emty cells in method sheetExecutor java.lang.NullPointerException
2017-03-75 06:03:314 ERROR TestExecutor:48 - inside action performer,unable to get input
2017-03-75 06:03:316 ERROR TestExecutor:463 - unable to find by  method
2017-03-75 06:03:390 ERROR TestExecutor:499 - checkIfCondition in method sheetExecutorjava.lang.NullPointerException
2017-03-75 06:03:426 ERROR TestExecutor:573 - emty cells in method sheetExecutor java.lang.NullPointerException
2017-03-75 06:03:561 ERROR TestExecutor:48 - inside action performer,unable to get input
2017-03-75 06:03:562 ERROR TestExecutor:463 - unable to find by  method
2017-03-75 06:03:655 ERROR TestExecutor:499 - checkIfCondition in method sheetExecutorjava.lang.NullPointerException
2017-03-75 06:03:705 ERROR TestExecutor:573 - emty cells in method sheetExecutor java.lang.NullPointerException
2017-03-75 06:03:862 ERROR TestExecutor:48 - inside action performer,unable to get input
2017-03-75 06:03:863 ERROR TestExecutor:463 - unable to find by  method
2017-03-75 06:03:941 ERROR TestExecutor:499 - checkIfCondition in method sheetExecutorjava.lang.NullPointerException
2017-03-75 06:03:983 ERROR TestExecutor:573 - emty cells in method sheetExecutor java.lang.NullPointerException
2017-03-75 06:03:108 ERROR TestExecutor:48 - inside action performer,unable to get input
2017-03-75 06:03:109 ERROR TestExecutor:463 - unable to find by  method
2017-03-75 06:03:198 ERROR TestExecutor:499 - checkIfCondition in method sheetExecutorjava.lang.NullPointerException
2017-03-75 06:03:739 ERROR TestExecutor:499 - checkIfCondition in method sheetExecutorjava.lang.NullPointerException
2017-03-77 19:03:323 ERROR DriverBase:121 - no iteratorCount given,Sheet will be executed 1 time
2017-03-77 19:03:707 ERROR TestExecutor:499 - checkIfCondition in method sheetExecutorjava.lang.NullPointerException
2017-03-77 19:03:685 ERROR TestExecutor:536 - empty cells in method sheetExecutor java.lang.NullPointerException
2017-03-77 19:03:778 ERROR TestExecutor:499 - checkIfCondition in method sheetExecutorjava.lang.NullPointerException
2017-03-77 19:03:820 ERROR TestExecutor:573 - emty cells in method sheetExecutor java.lang.NullPointerException
2017-03-77 19:03:986 ERROR TestExecutor:48 - inside action performer,unable to get input
2017-03-77 19:03:988 ERROR TestExecutor:463 - unable to find by  method
2017-03-77 19:03:114 ERROR TestExecutor:499 - checkIfCondition in method sheetExecutorjava.lang.NullPointerException
2017-03-77 19:03:175 ERROR TestExecutor:573 - emty cells in method sheetExecutor java.lang.NullPointerException
2017-03-77 19:03:346 ERROR TestExecutor:48 - inside action performer,unable to get input
2017-03-77 19:03:348 ERROR TestExecutor:463 - unable to find by  method
2017-03-77 19:03:431 ERROR TestExecutor:499 - checkIfCondition in method sheetExecutorjava.lang.NullPointerException
2017-03-77 19:03:492 ERROR TestExecutor:573 - emty cells in method sheetExecutor java.lang.NullPointerException
2017-03-77 19:03:775 ERROR TestExecutor:48 - inside action performer,unable to get input
2017-03-77 19:03:776 ERROR TestExecutor:463 - unable to find by  method
2017-03-77 19:03:861 ERROR TestExecutor:499 - checkIfCondition in method sheetExecutorjava.lang.NullPointerException
2017-03-77 19:03:912 ERROR TestExecutor:573 - emty cells in method sheetExecutor java.lang.NullPointerException
2017-03-77 19:03:69 ERROR TestExecutor:48 - inside action performer,unable to get input
2017-03-77 19:03:70 ERROR TestExecutor:463 - unable to find by  method
2017-03-77 19:03:185 ERROR TestExecutor:499 - checkIfCondition in method sheetExecutorjava.lang.NullPointerException
2017-03-77 19:03:904 ERROR TestExecutor:499 - checkIfCondition in method sheetExecutorjava.lang.NullPointerException
2017-03-77 19:03:565 ERROR DriverBase:121 - no iteratorCount given,Sheet will be executed 1 time
2017-03-77 19:03:03 ERROR TestExecutor:499 - checkIfCondition in method sheetExecutorjava.lang.NullPointerException
2017-03-77 19:03:414 ERROR TestExecutor:536 - empty cells in method sheetExecutor java.lang.NullPointerException
2017-03-77 19:03:600 ERROR TestExecutor:499 - checkIfCondition in method sheetExecutorjava.lang.NullPointerException
2017-03-77 19:03:803 ERROR TestExecutor:573 - emty cells in method sheetExecutor java.lang.NullPointerException
2017-03-77 19:03:339 ERROR TestExecutor:48 - inside action performer,unable to get input
2017-03-77 19:03:341 ERROR TestExecutor:463 - unable to find by  method
2017-03-77 19:03:677 ERROR TestExecutor:499 - checkIfCondition in method sheetExecutorjava.lang.NullPointerException
2017-03-77 19:03:764 ERROR TestExecutor:573 - emty cells in method sheetExecutor java.lang.NullPointerException
2017-03-77 19:03:158 ERROR TestExecutor:48 - inside action performer,unable to get input
2017-03-77 19:03:179 ERROR TestExecutor:463 - unable to find by  method
2017-03-77 19:03:440 ERROR TestExecutor:499 - checkIfCondition in method sheetExecutorjava.lang.NullPointerException
2017-03-77 19:03:493 ERROR TestExecutor:573 - emty cells in method sheetExecutor java.lang.NullPointerException
2017-03-77 19:03:740 ERROR TestExecutor:48 - inside action performer,unable to get input
2017-03-77 19:03:748 ERROR TestExecutor:463 - unable to find by  method
2017-03-77 19:03:875 ERROR TestExecutor:499 - checkIfCondition in method sheetExecutorjava.lang.NullPointerException
2017-03-77 19:03:954 ERROR TestExecutor:573 - emty cells in method sheetExecutor java.lang.NullPointerException
2017-03-77 19:03:682 ERROR TestExecutor:48 - inside action performer,unable to get input
2017-03-77 19:03:684 ERROR TestExecutor:463 - unable to find by  method
2017-03-77 19:03:915 ERROR TestExecutor:499 - checkIfCondition in method sheetExecutorjava.lang.NullPointerException
2017-03-77 19:03:60 ERROR TestExecutor:499 - checkIfCondition in method sheetExecutorjava.lang.NullPointerException
2017-03-77 19:03:198 ERROR DriverBase:121 - no iteratorCount given,Sheet will be executed 1 time
2017-03-77 19:03:635 ERROR TestExecutor:499 - checkIfCondition in method sheetExecutorjava.lang.NullPointerException
2017-03-77 19:03:276 ERROR TestExecutor:536 - empty cells in method sheetExecutor java.lang.NullPointerException
2017-03-77 19:03:691 ERROR TestExecutor:499 - checkIfCondition in method sheetExecutorjava.lang.NullPointerException
2017-03-77 19:03:883 ERROR TestExecutor:573 - emty cells in method sheetExecutor java.lang.NullPointerException
2017-03-77 19:03:337 ERROR TestExecutor:48 - inside action performer,unable to get input
2017-03-77 19:03:339 ERROR TestExecutor:463 - unable to find by  method
2017-03-77 19:03:573 ERROR TestExecutor:499 - checkIfCondition in method sheetExecutorjava.lang.NullPointerException
2017-03-77 19:03:717 ERROR TestExecutor:573 - emty cells in method sheetExecutor java.lang.NullPointerException
2017-03-77 19:03:58 ERROR TestExecutor:48 - inside action performer,unable to get input
2017-03-77 19:03:81 ERROR TestExecutor:463 - unable to find by  method
2017-03-77 19:03:300 ERROR TestExecutor:499 - checkIfCondition in method sheetExecutorjava.lang.NullPointerException
2017-03-77 19:03:424 ERROR TestExecutor:573 - emty cells in method sheetExecutor java.lang.NullPointerException
2017-03-77 19:03:875 ERROR TestExecutor:48 - inside action performer,unable to get input
2017-03-77 19:03:886 ERROR TestExecutor:463 - unable to find by  method
2017-03-77 19:03:93 ERROR TestExecutor:499 - checkIfCondition in method sheetExecutorjava.lang.NullPointerException
2017-03-77 19:03:184 ERROR TestExecutor:573 - emty cells in method sheetExecutor java.lang.NullPointerException
2017-03-77 19:03:596 ERROR TestExecutor:48 - inside action performer,unable to get input
2017-03-77 19:03:636 ERROR TestExecutor:463 - unable to find by  method
2017-03-77 19:03:792 ERROR TestExecutor:499 - checkIfCondition in method sheetExecutorjava.lang.NullPointerException
2017-03-77 19:03:320 ERROR TestExecutor:499 - checkIfCondition in method sheetExecutorjava.lang.NullPointerException
2017-03-77 20:03:679 ERROR DriverBase:121 - no iteratorCount given,Sheet will be executed 1 time
2017-03-77 20:03:220 ERROR TestExecutor:499 - checkIfCondition in method sheetExecutorjava.lang.NullPointerException
2017-03-77 20:03:293 ERROR TestExecutor:536 - empty cells in method sheetExecutor java.lang.NullPointerException
2017-03-77 20:03:428 ERROR TestExecutor:499 - checkIfCondition in method sheetExecutorjava.lang.NullPointerException
2017-03-77 20:03:488 ERROR TestExecutor:573 - emty cells in method sheetExecutor java.lang.NullPointerException
2017-03-77 20:03:850 ERROR TestExecutor:48 - inside action performer,unable to get input
2017-03-77 20:03:851 ERROR TestExecutor:463 - unable to find by  method
2017-03-77 20:03:984 ERROR TestExecutor:499 - checkIfCondition in method sheetExecutorjava.lang.NullPointerException
2017-03-77 20:03:146 ERROR TestExecutor:573 - emty cells in method sheetExecutor java.lang.NullPointerException
2017-03-77 20:03:609 ERROR TestExecutor:48 - inside action performer,unable to get input
2017-03-77 20:03:621 ERROR TestExecutor:463 - unable to find by  method
2017-03-77 20:03:792 ERROR TestExecutor:499 - checkIfCondition in method sheetExecutorjava.lang.NullPointerException
2017-03-77 20:03:855 ERROR TestExecutor:573 - emty cells in method sheetExecutor java.lang.NullPointerException
2017-03-77 20:03:165 ERROR TestExecutor:48 - inside action performer,unable to get input
2017-03-77 20:03:172 ERROR TestExecutor:463 - unable to find by  method
2017-03-77 20:03:391 ERROR TestExecutor:499 - checkIfCondition in method sheetExecutorjava.lang.NullPointerException
2017-03-77 20:03:508 ERROR TestExecutor:573 - emty cells in method sheetExecutor java.lang.NullPointerException
2017-03-77 20:03:763 ERROR TestExecutor:48 - inside action performer,unable to get input
2017-03-77 20:03:771 ERROR TestExecutor:463 - unable to find by  method
2017-03-77 20:03:873 ERROR TestExecutor:499 - checkIfCondition in method sheetExecutorjava.lang.NullPointerException
2017-03-77 20:03:528 ERROR TestExecutor:499 - checkIfCondition in method sheetExecutorjava.lang.NullPointerException
2017-03-77 20:03:869 ERROR TestExecutor:499 - checkIfCondition in method sheetExecutorjava.lang.NullPointerException
2017-03-77 20:03:916 ERROR TestExecutor:573 - emty cells in method sheetExecutor java.lang.NullPointerException
2017-03-77 20:03:41 ERROR TestExecutor:48 - inside action performer,unable to get input
2017-03-77 20:03:41 ERROR TestExecutor:463 - unable to find by  method
2017-03-77 20:03:671 ERROR DriverBase:121 - no iteratorCount given,Sheet will be executed 1 time
2017-03-77 20:03:209 ERROR TestExecutor:515 - checkIfCondition in method sheetExecutorjava.lang.NullPointerException
2017-03-77 20:03:723 ERROR TestExecutor:552 - empty cells in method sheetExecutor java.lang.NullPointerException
2017-03-77 20:03:941 ERROR TestExecutor:515 - checkIfCondition in method sheetExecutorjava.lang.NullPointerException
2017-03-77 20:03:100 ERROR TestExecutor:589 - emty cells in method sheetExecutor java.lang.NullPointerException
2017-03-77 20:03:466 ERROR TestExecutor:50 - inside action performer,unable to get input
2017-03-77 20:03:467 ERROR TestExecutor:479 - unable to find by  method
2017-03-77 20:03:681 ERROR TestExecutor:515 - checkIfCondition in method sheetExecutorjava.lang.NullPointerException
2017-03-77 20:03:790 ERROR TestExecutor:589 - emty cells in method sheetExecutor java.lang.NullPointerException
2017-03-77 20:03:239 ERROR TestExecutor:50 - inside action performer,unable to get input
2017-03-77 20:03:260 ERROR TestExecutor:479 - unable to find by  method
2017-03-77 20:03:443 ERROR TestExecutor:515 - checkIfCondition in method sheetExecutorjava.lang.NullPointerException
2017-03-77 20:03:491 ERROR TestExecutor:589 - emty cells in method sheetExecutor java.lang.NullPointerException
2017-03-77 20:03:669 ERROR TestExecutor:50 - inside action performer,unable to get input
2017-03-77 20:03:671 ERROR TestExecutor:479 - unable to find by  method
2017-03-77 20:03:797 ERROR TestExecutor:515 - checkIfCondition in method sheetExecutorjava.lang.NullPointerException
2017-03-77 20:03:855 ERROR TestExecutor:589 - emty cells in method sheetExecutor java.lang.NullPointerException
2017-03-77 20:03:03 ERROR TestExecutor:50 - inside action performer,unable to get input
2017-03-77 20:03:04 ERROR TestExecutor:479 - unable to find by  method
2017-03-77 20:03:82 ERROR TestExecutor:515 - checkIfCondition in method sheetExecutorjava.lang.NullPointerException
2017-03-77 20:03:655 ERROR TestExecutor:515 - checkIfCondition in method sheetExecutorjava.lang.NullPointerException
2017-03-77 20:03:975 ERROR TestExecutor:515 - checkIfCondition in method sheetExecutorjava.lang.NullPointerException
2017-03-77 20:03:22 ERROR TestExecutor:589 - emty cells in method sheetExecutor java.lang.NullPointerException
2017-03-77 20:03:163 ERROR TestExecutor:50 - inside action performer,unable to get input
2017-03-77 20:03:163 ERROR TestExecutor:479 - unable to find by  method
2017-03-77 20:03:898 ERROR DriverBase:121 - no iteratorCount given,Sheet will be executed 1 time
2017-03-77 20:03:578 ERROR TestExecutor:515 - checkIfCondition in method sheetExecutorjava.lang.NullPointerException
2017-03-77 20:03:438 ERROR TestExecutor:552 - empty cells in method sheetExecutor java.lang.NullPointerException
2017-03-77 20:03:657 ERROR TestExecutor:515 - checkIfCondition in method sheetExecutorjava.lang.NullPointerException
2017-03-77 20:03:778 ERROR TestExecutor:589 - emty cells in method sheetExecutor java.lang.NullPointerException
2017-03-77 20:03:198 ERROR TestExecutor:50 - inside action performer,unable to get input
2017-03-77 20:03:203 ERROR TestExecutor:479 - unable to find by  method
2017-03-77 20:03:419 ERROR TestExecutor:515 - checkIfCondition in method sheetExecutorjava.lang.NullPointerException
2017-03-77 20:03:478 ERROR TestExecutor:589 - emty cells in method sheetExecutor java.lang.NullPointerException
2017-03-77 20:03:827 ERROR TestExecutor:50 - inside action performer,unable to get input
2017-03-77 20:03:841 ERROR TestExecutor:479 - unable to find by  method
2017-03-77 20:03:20 ERROR TestExecutor:515 - checkIfCondition in method sheetExecutorjava.lang.NullPointerException
2017-03-77 20:03:73 ERROR TestExecutor:589 - emty cells in method sheetExecutor java.lang.NullPointerException
2017-03-77 20:03:240 ERROR TestExecutor:50 - inside action performer,unable to get input
2017-03-77 20:03:241 ERROR TestExecutor:479 - unable to find by  method
2017-03-77 20:03:326 ERROR TestExecutor:515 - checkIfCondition in method sheetExecutorjava.lang.NullPointerException
2017-03-77 20:03:377 ERROR TestExecutor:589 - emty cells in method sheetExecutor java.lang.NullPointerException
2017-03-77 20:03:543 ERROR TestExecutor:50 - inside action performer,unable to get input
2017-03-77 20:03:544 ERROR TestExecutor:479 - unable to find by  method
2017-03-77 20:03:627 ERROR TestExecutor:515 - checkIfCondition in method sheetExecutorjava.lang.NullPointerException
2017-03-77 20:03:558 ERROR TestExecutor:515 - checkIfCondition in method sheetExecutorjava.lang.NullPointerException
2017-03-77 20:03:28 ERROR TestExecutor:515 - checkIfCondition in method sheetExecutorjava.lang.NullPointerException
2017-03-77 20:03:75 ERROR TestExecutor:589 - emty cells in method sheetExecutor java.lang.NullPointerException
2017-03-77 20:03:294 ERROR TestExecutor:50 - inside action performer,unable to get input
2017-03-77 20:03:294 ERROR TestExecutor:479 - unable to find by  method
2017-03-77 20:03:128 ERROR DriverBase:121 - no iteratorCount given,Sheet will be executed 1 time
2017-03-77 20:03:73 ERROR TestExecutor:515 - checkIfCondition in method sheetExecutorjava.lang.NullPointerException
2017-03-77 21:03:340 ERROR DriverBase:121 - no iteratorCount given,Sheet will be executed 1 time
2017-03-77 21:03:746 ERROR TestExecutor:515 - checkIfCondition in method sheetExecutorjava.lang.NullPointerException
2017-03-77 21:03:300 ERROR TestExecutor:552 - empty cells in method sheetExecutor java.lang.NullPointerException
2017-03-77 21:03:618 ERROR TestExecutor:515 - checkIfCondition in method sheetExecutorjava.lang.NullPointerException
2017-03-77 21:03:684 ERROR TestExecutor:589 - emty cells in method sheetExecutor java.lang.NullPointerException
2017-03-77 21:03:838 ERROR TestExecutor:50 - inside action performer,unable to get input
2017-03-77 21:03:840 ERROR TestExecutor:479 - unable to find by  method
2017-03-77 21:03:935 ERROR TestExecutor:515 - checkIfCondition in method sheetExecutorjava.lang.NullPointerException
2017-03-77 21:03:14 ERROR TestExecutor:589 - emty cells in method sheetExecutor java.lang.NullPointerException
2017-03-77 21:03:766 ERROR TestExecutor:50 - inside action performer,unable to get input
2017-03-77 21:03:767 ERROR TestExecutor:479 - unable to find by  method
2017-03-77 21:03:870 ERROR TestExecutor:515 - checkIfCondition in method sheetExecutorjava.lang.NullPointerException
2017-03-77 21:03:913 ERROR TestExecutor:589 - emty cells in method sheetExecutor java.lang.NullPointerException
2017-03-77 21:03:896 ERROR TestExecutor:50 - inside action performer,unable to get input
2017-03-77 21:03:899 ERROR TestExecutor:479 - unable to find by  method
2017-03-77 21:03:22 ERROR TestExecutor:515 - checkIfCondition in method sheetExecutorjava.lang.NullPointerException
2017-03-77 21:03:86 ERROR TestExecutor:589 - emty cells in method sheetExecutor java.lang.NullPointerException
2017-03-77 21:03:611 ERROR TestExecutor:50 - inside action performer,unable to get input
2017-03-77 21:03:613 ERROR TestExecutor:479 - unable to find by  method
2017-03-77 21:03:709 ERROR TestExecutor:515 - checkIfCondition in method sheetExecutorjava.lang.NullPointerException
2017-03-77 21:03:962 ERROR TestExecutor:515 - checkIfCondition in method sheetExecutorjava.lang.NullPointerException
2017-03-77 21:03:567 ERROR TestExecutor:515 - checkIfCondition in method sheetExecutorjava.lang.NullPointerException
2017-03-77 21:03:619 ERROR TestExecutor:589 - emty cells in method sheetExecutor java.lang.NullPointerException
2017-03-77 21:03:811 ERROR TestExecutor:50 - inside action performer,unable to get input
2017-03-77 21:03:812 ERROR TestExecutor:479 - unable to find by  method
2017-03-77 21:03:193 ERROR DriverBase:121 - no iteratorCount given,Sheet will be executed 1 time
2017-03-77 21:03:633 ERROR TestExecutor:515 - checkIfCondition in method sheetExecutorjava.lang.NullPointerException
2017-03-77 21:03:544 ERROR TestExecutor:552 - empty cells in method sheetExecutor java.lang.NullPointerException
2017-03-77 21:03:828 ERROR TestExecutor:515 - checkIfCondition in method sheetExecutorjava.lang.NullPointerException
2017-03-77 21:03:983 ERROR TestExecutor:589 - emty cells in method sheetExecutor java.lang.NullPointerException
2017-03-77 21:03:289 ERROR TestExecutor:50 - inside action performer,unable to get input
2017-03-77 21:03:290 ERROR TestExecutor:479 - unable to find by  method
2017-03-77 21:03:496 ERROR TestExecutor:515 - checkIfCondition in method sheetExecutorjava.lang.NullPointerException
2017-03-77 21:03:632 ERROR TestExecutor:589 - emty cells in method sheetExecutor java.lang.NullPointerException
2017-03-77 21:03:76 ERROR TestExecutor:50 - inside action performer,unable to get input
2017-03-77 21:03:79 ERROR TestExecutor:479 - unable to find by  method
2017-03-77 21:03:195 ERROR TestExecutor:515 - checkIfCondition in method sheetExecutorjava.lang.NullPointerException
2017-03-77 21:03:252 ERROR TestExecutor:589 - emty cells in method sheetExecutor java.lang.NullPointerException
2017-03-77 21:03:412 ERROR TestExecutor:50 - inside action performer,unable to get input
2017-03-77 21:03:413 ERROR TestExecutor:479 - unable to find by  method
2017-03-77 21:03:517 ERROR TestExecutor:515 - checkIfCondition in method sheetExecutorjava.lang.NullPointerException
2017-03-77 21:03:570 ERROR TestExecutor:589 - emty cells in method sheetExecutor java.lang.NullPointerException
2017-03-77 21:03:734 ERROR TestExecutor:50 - inside action performer,unable to get input
2017-03-77 21:03:735 ERROR TestExecutor:479 - unable to find by  method
2017-03-77 21:03:824 ERROR TestExecutor:515 - checkIfCondition in method sheetExecutorjava.lang.NullPointerException
2017-03-77 21:03:56 ERROR TestExecutor:515 - checkIfCondition in method sheetExecutorjava.lang.NullPointerException
2017-03-77 21:03:100 ERROR TestExecutor:515 - checkIfCondition in method sheetExecutorjava.lang.NullPointerException
2017-03-77 21:03:138 ERROR TestExecutor:589 - emty cells in method sheetExecutor java.lang.NullPointerException
2017-03-77 21:03:300 ERROR TestExecutor:50 - inside action performer,unable to get input
2017-03-77 21:03:302 ERROR TestExecutor:479 - unable to find by  method
2017-03-77 21:03:259 ERROR DriverBase:121 - no iteratorCount given,Sheet will be executed 1 time
2017-03-77 21:03:541 ERROR TestExecutor:515 - checkIfCondition in method sheetExecutorjava.lang.NullPointerException
2017-03-77 21:03:765 ERROR TestExecutor:552 - empty cells in method sheetExecutor java.lang.NullPointerException
2017-03-77 21:03:844 ERROR TestExecutor:515 - checkIfCondition in method sheetExecutorjava.lang.NullPointerException
2017-03-77 21:03:891 ERROR TestExecutor:589 - emty cells in method sheetExecutor java.lang.NullPointerException
2017-03-77 21:03:48 ERROR TestExecutor:50 - inside action performer,unable to get input
2017-03-77 21:03:53 ERROR TestExecutor:479 - unable to find by  method
2017-03-77 21:03:158 ERROR TestExecutor:515 - checkIfCondition in method sheetExecutorjava.lang.NullPointerException
2017-03-77 21:03:198 ERROR TestExecutor:589 - emty cells in method sheetExecutor java.lang.NullPointerException
2017-03-77 21:03:354 ERROR TestExecutor:50 - inside action performer,unable to get input
2017-03-77 21:03:354 ERROR TestExecutor:479 - unable to find by  method
2017-03-77 21:03:448 ERROR TestExecutor:515 - checkIfCondition in method sheetExecutorjava.lang.NullPointerException
2017-03-77 21:03:495 ERROR TestExecutor:589 - emty cells in method sheetExecutor java.lang.NullPointerException
2017-03-77 21:03:636 ERROR TestExecutor:50 - inside action performer,unable to get input
2017-03-77 21:03:651 ERROR TestExecutor:479 - unable to find by  method
2017-03-77 21:03:746 ERROR TestExecutor:515 - checkIfCondition in method sheetExecutorjava.lang.NullPointerException
2017-03-77 21:03:797 ERROR TestExecutor:589 - emty cells in method sheetExecutor java.lang.NullPointerException
2017-03-77 21:03:952 ERROR TestExecutor:50 - inside action performer,unable to get input
2017-03-77 21:03:952 ERROR TestExecutor:479 - unable to find by  method
2017-03-77 21:03:46 ERROR TestExecutor:515 - checkIfCondition in method sheetExecutorjava.lang.NullPointerException
2017-03-77 21:03:609 ERROR TestExecutor:515 - checkIfCondition in method sheetExecutorjava.lang.NullPointerException
2017-03-77 21:03:404 ERROR TestExecutor:515 - checkIfCondition in method sheetExecutorjava.lang.NullPointerException
2017-03-77 21:03:443 ERROR TestExecutor:589 - emty cells in method sheetExecutor java.lang.NullPointerException
2017-03-77 21:03:584 ERROR TestExecutor:50 - inside action performer,unable to get input
2017-03-77 21:03:584 ERROR TestExecutor:479 - unable to find by  method
2017-03-77 21:03:693 ERROR DriverBase:121 - no iteratorCount given,Sheet will be executed 1 time
2017-03-77 21:03:273 ERROR TestExecutor:515 - checkIfCondition in method sheetExecutorjava.lang.NullPointerException
2017-03-77 21:03:48 ERROR TestExecutor:515 - checkIfCondition in method sheetExecutorjava.lang.NullPointerException
2017-03-77 21:03:238 ERROR TestExecutor:515 - checkIfCondition in method sheetExecutorjava.lang.NullPointerException
2017-03-77 21:03:257 ERROR TestExecutor:515 - checkIfCondition in method sheetExecutorjava.lang.NullPointerException
2017-03-77 21:03:99 ERROR TestExecutor:515 - checkIfCondition in method sheetExecutorjava.lang.NullPointerException
2017-03-77 21:03:120 ERROR TestExecutor:515 - checkIfCondition in method sheetExecutorjava.lang.NullPointerException
2017-03-77 21:03:254 ERROR TestExecutor:515 - checkIfCondition in method sheetExecutorjava.lang.NullPointerException
2017-03-77 21:03:709 ERROR TestExecutor:515 - checkIfCondition in method sheetExecutorjava.lang.NullPointerException
2017-03-77 21:03:695 ERROR DriverBase:121 - no iteratorCount given,Sheet will be executed 1 time
2017-03-77 21:03:978 ERROR TestExecutor:515 - checkIfCondition in method sheetExecutorjava.lang.NullPointerException
2017-03-77 21:03:737 ERROR TestExecutor:515 - checkIfCondition in method sheetExecutorjava.lang.NullPointerException
2017-03-77 21:03:943 ERROR TestExecutor:515 - checkIfCondition in method sheetExecutorjava.lang.NullPointerException
2017-03-77 21:03:904 ERROR TestExecutor:515 - checkIfCondition in method sheetExecutorjava.lang.NullPointerException
2017-03-77 21:03:737 ERROR TestExecutor:515 - checkIfCondition in method sheetExecutorjava.lang.NullPointerException
2017-03-77 21:03:706 ERROR TestExecutor:515 - checkIfCondition in method sheetExecutorjava.lang.NullPointerException
2017-03-77 21:03:650 ERROR TestExecutor:515 - checkIfCondition in method sheetExecutorjava.lang.NullPointerException
2017-03-77 21:03:701 ERROR TestExecutor:589 - emty cells in method sheetExecutor java.lang.NullPointerException
2017-03-77 21:03:863 ERROR TestExecutor:50 - inside action performer,unable to get input
2017-03-77 21:03:870 ERROR TestExecutor:479 - unable to find by  method
2017-03-77 21:03:462 ERROR DriverBase:121 - no iteratorCount given,Sheet will be executed 1 time
2017-03-77 21:03:837 ERROR TestExecutor:515 - checkIfCondition in method sheetExecutorjava.lang.NullPointerException
2017-03-77 21:03:639 ERROR TestExecutor:515 - checkIfCondition in method sheetExecutorjava.lang.NullPointerException
2017-03-77 21:03:899 ERROR TestExecutor:515 - checkIfCondition in method sheetExecutorjava.lang.NullPointerException
2017-03-77 21:03:835 ERROR TestExecutor:515 - checkIfCondition in method sheetExecutorjava.lang.NullPointerException
2017-03-77 21:03:691 ERROR TestExecutor:515 - checkIfCondition in method sheetExecutorjava.lang.NullPointerException
2017-03-77 21:03:629 ERROR TestExecutor:515 - checkIfCondition in method sheetExecutorjava.lang.NullPointerException
2017-03-77 21:03:421 ERROR TestExecutor:515 - checkIfCondition in method sheetExecutorjava.lang.NullPointerException
2017-03-77 21:03:470 ERROR TestExecutor:589 - emty cells in method sheetExecutor java.lang.NullPointerException
2017-03-77 21:03:631 ERROR TestExecutor:50 - inside action performer,unable to get input
2017-03-77 21:03:633 ERROR TestExecutor:479 - unable to find by  method
2017-03-77 21:03:549 ERROR DriverBase:121 - no iteratorCount given,Sheet will be executed 1 time
2017-03-77 21:03:915 ERROR TestExecutor:515 - checkIfCondition in method sheetExecutorjava.lang.NullPointerException
2017-03-77 21:03:685 ERROR TestExecutor:515 - checkIfCondition in method sheetExecutorjava.lang.NullPointerException
2017-03-77 21:03:922 ERROR TestExecutor:515 - checkIfCondition in method sheetExecutorjava.lang.NullPointerException
2017-03-77 21:03:855 ERROR TestExecutor:515 - checkIfCondition in method sheetExecutorjava.lang.NullPointerException
2017-03-77 21:03:756 ERROR TestExecutor:515 - checkIfCondition in method sheetExecutorjava.lang.NullPointerException
2017-03-77 21:03:666 ERROR TestExecutor:515 - checkIfCondition in method sheetExecutorjava.lang.NullPointerException
2017-03-77 21:03:504 ERROR TestExecutor:515 - checkIfCondition in method sheetExecutorjava.lang.NullPointerException
2017-03-77 21:03:555 ERROR TestExecutor:589 - emty cells in method sheetExecutor java.lang.NullPointerException
2017-03-77 21:03:725 ERROR TestExecutor:50 - inside action performer,unable to get input
2017-03-77 21:03:733 ERROR TestExecutor:479 - unable to find by  method
2017-03-77 21:03:888 ERROR DriverBase:121 - no iteratorCount given,Sheet will be executed 1 time
2017-03-77 21:03:385 ERROR TestExecutor:515 - checkIfCondition in method sheetExecutorjava.lang.NullPointerException
2017-03-77 21:03:111 ERROR TestExecutor:515 - checkIfCondition in method sheetExecutorjava.lang.NullPointerException
2017-03-77 21:03:256 ERROR TestExecutor:515 - checkIfCondition in method sheetExecutorjava.lang.NullPointerException
2017-03-77 21:03:87 ERROR TestExecutor:515 - checkIfCondition in method sheetExecutorjava.lang.NullPointerException
2017-03-77 21:03:94 ERROR TestExecutor:515 - checkIfCondition in method sheetExecutorjava.lang.NullPointerException
2017-03-77 21:03:84 ERROR TestExecutor:515 - checkIfCondition in method sheetExecutorjava.lang.NullPointerException
2017-03-77 21:03:264 ERROR TestExecutor:515 - checkIfCondition in method sheetExecutorjava.lang.NullPointerException
2017-03-77 21:03:331 ERROR TestExecutor:589 - emty cells in method sheetExecutor java.lang.NullPointerException
2017-03-77 21:03:520 ERROR TestExecutor:50 - inside action performer,unable to get input
2017-03-77 21:03:523 ERROR TestExecutor:479 - unable to find by  method
2017-03-77 22:03:691 ERROR DriverBase:121 - no iteratorCount given,Sheet will be executed 1 time
2017-03-77 22:03:385 ERROR TestExecutor:515 - checkIfCondition in method sheetExecutorjava.lang.NullPointerException
2017-03-77 22:03:547 ERROR TestExecutor:515 - checkIfCondition in method sheetExecutorjava.lang.NullPointerException
2017-03-77 22:03:898 ERROR TestExecutor:515 - checkIfCondition in method sheetExecutorjava.lang.NullPointerException
2017-03-77 22:03:168 ERROR TestExecutor:515 - checkIfCondition in method sheetExecutorjava.lang.NullPointerException
2017-03-77 22:03:476 ERROR TestExecutor:515 - checkIfCondition in method sheetExecutorjava.lang.NullPointerException
2017-03-77 22:03:903 ERROR TestExecutor:515 - checkIfCondition in method sheetExecutorjava.lang.NullPointerException
2017-03-77 22:03:664 ERROR TestExecutor:515 - checkIfCondition in method sheetExecutorjava.lang.NullPointerException
2017-03-77 22:03:727 ERROR TestExecutor:589 - emty cells in method sheetExecutor java.lang.NullPointerException
2017-03-77 22:03:05 ERROR TestExecutor:50 - inside action performer,unable to get input
2017-03-77 22:03:07 ERROR TestExecutor:479 - unable to find by  method
2017-03-77 22:03:250 ERROR DriverBase:121 - no iteratorCount given,Sheet will be executed 1 time
2017-03-77 22:03:770 ERROR TestExecutor:515 - checkIfCondition in method sheetExecutorjava.lang.NullPointerException
2017-03-77 22:03:30 ERROR TestExecutor:515 - checkIfCondition in method sheetExecutorjava.lang.NullPointerException
2017-03-77 22:03:453 ERROR TestExecutor:515 - checkIfCondition in method sheetExecutorjava.lang.NullPointerException
2017-03-77 22:03:658 ERROR TestExecutor:515 - checkIfCondition in method sheetExecutorjava.lang.NullPointerException
2017-03-77 22:03:816 ERROR TestExecutor:515 - checkIfCondition in method sheetExecutorjava.lang.NullPointerException
2017-03-77 22:03:46 ERROR TestExecutor:515 - checkIfCondition in method sheetExecutorjava.lang.NullPointerException
2017-03-77 22:03:791 ERROR TestExecutor:515 - checkIfCondition in method sheetExecutorjava.lang.NullPointerException
2017-03-77 22:03:829 ERROR TestExecutor:589 - emty cells in method sheetExecutor java.lang.NullPointerException
2017-03-77 22:03:998 ERROR TestExecutor:50 - inside action performer,unable to get input
2017-03-77 22:03:999 ERROR TestExecutor:479 - unable to find by  method
2017-03-84 19:03:878 ERROR DriverBase:121 - no iteratorCount given,Sheet will be executed 1 time
2017-03-84 19:03:332 ERROR TestExecutor:504 - checkIfCondition in method sheetExecutorjava.lang.NullPointerException
2017-03-84 19:03:917 ERROR TestExecutor:504 - checkIfCondition in method sheetExecutorjava.lang.NullPointerException
2017-03-84 19:03:793 ERROR TestExecutor:504 - checkIfCondition in method sheetExecutorjava.lang.NullPointerException
2017-03-84 19:03:835 ERROR TestExecutor:504 - checkIfCondition in method sheetExecutorjava.lang.NullPointerException
2017-03-84 19:03:589 ERROR TestExecutor:504 - checkIfCondition in method sheetExecutorjava.lang.NullPointerException
2017-03-84 19:03:360 ERROR TestExecutor:504 - checkIfCondition in method sheetExecutorjava.lang.NullPointerException
2017-03-84 19:03:979 ERROR TestExecutor:504 - checkIfCondition in method sheetExecutorjava.lang.NullPointerException
2017-03-84 19:03:36 ERROR TestExecutor:578 - emty cells in method sheetExecutor java.lang.NullPointerException
2017-03-84 19:03:186 ERROR TestExecutor:51 - inside action performer,unable to get input
2017-03-84 19:03:188 ERROR TestExecutor:468 - unable to find by  method
2017-03-84 19:03:200 ERROR DriverBase:121 - no iteratorCount given,Sheet will be executed 1 time
2017-03-84 19:03:570 ERROR TestExecutor:504 - checkIfCondition in method sheetExecutorjava.lang.NullPointerException
2017-03-84 19:03:215 ERROR TestExecutor:504 - checkIfCondition in method sheetExecutorjava.lang.NullPointerException
2017-03-84 19:03:138 ERROR TestExecutor:504 - checkIfCondition in method sheetExecutorjava.lang.NullPointerException
2017-03-84 19:03:00 ERROR TestExecutor:504 - checkIfCondition in method sheetExecutorjava.lang.NullPointerException
2017-03-84 19:03:726 ERROR TestExecutor:504 - checkIfCondition in method sheetExecutorjava.lang.NullPointerException
2017-03-84 19:03:701 ERROR TestExecutor:504 - checkIfCondition in method sheetExecutorjava.lang.NullPointerException
2017-03-84 19:03:465 ERROR TestExecutor:504 - checkIfCondition in method sheetExecutorjava.lang.NullPointerException
2017-03-84 19:03:510 ERROR TestExecutor:578 - emty cells in method sheetExecutor java.lang.NullPointerException
2017-03-84 19:03:675 ERROR TestExecutor:51 - inside action performer,unable to get input
2017-03-84 19:03:676 ERROR TestExecutor:468 - unable to find by  method
2017-03-84 20:03:660 ERROR DriverBase:121 - no iteratorCount given,Sheet will be executed 1 time
2017-03-84 20:03:896 ERROR TestExecutor:504 - checkIfCondition in method sheetExecutorjava.lang.NullPointerException
2017-03-84 20:03:966 ERROR TestExecutor:504 - checkIfCondition in method sheetExecutorjava.lang.NullPointerException
2017-03-84 20:03:851 ERROR TestExecutor:504 - checkIfCondition in method sheetExecutorjava.lang.NullPointerException
2017-03-84 20:03:307 ERROR TestExecutor:504 - checkIfCondition in method sheetExecutorjava.lang.NullPointerException
2017-03-84 20:03:696 ERROR DriverBase:121 - no iteratorCount given,Sheet will be executed 1 time
2017-03-84 20:03:923 ERROR TestExecutor:504 - checkIfCondition in method sheetExecutorjava.lang.NullPointerException
2017-03-84 20:03:968 ERROR TestExecutor:504 - checkIfCondition in method sheetExecutorjava.lang.NullPointerException
2017-03-84 20:03:613 ERROR TestExecutor:504 - checkIfCondition in method sheetExecutorjava.lang.NullPointerException
2017-03-84 20:03:652 ERROR TestExecutor:504 - checkIfCondition in method sheetExecutorjava.lang.NullPointerException
2017-03-84 20:03:126 ERROR TestExecutor:504 - checkIfCondition in method sheetExecutorjava.lang.NullPointerException
2017-03-84 20:03:960 ERROR DriverBase:121 - no iteratorCount given,Sheet will be executed 1 time
2017-03-84 20:03:258 ERROR TestExecutor:504 - checkIfCondition in method sheetExecutorjava.lang.NullPointerException
2017-03-84 20:03:105 ERROR TestExecutor:504 - checkIfCondition in method sheetExecutorjava.lang.NullPointerException
2017-03-84 20:03:51 ERROR TestExecutor:504 - checkIfCondition in method sheetExecutorjava.lang.NullPointerException
2017-03-84 20:03:845 ERROR TestExecutor:504 - checkIfCondition in method sheetExecutorjava.lang.NullPointerException
2017-03-84 20:03:610 ERROR TestExecutor:504 - checkIfCondition in method sheetExecutorjava.lang.NullPointerException
2017-03-84 20:03:438 ERROR TestExecutor:504 - checkIfCondition in method sheetExecutorjava.lang.NullPointerException
2017-03-84 20:03:588 ERROR TestExecutor:504 - checkIfCondition in method sheetExecutorjava.lang.NullPointerException
2017-03-84 20:03:635 ERROR TestExecutor:578 - emty cells in method sheetExecutor java.lang.NullPointerException
2017-03-84 20:03:784 ERROR TestExecutor:51 - inside action performer,unable to get input
2017-03-84 20:03:800 ERROR TestExecutor:468 - unable to find by  method
2017-03-84 20:03:715 ERROR DriverBase:121 - no iteratorCount given,Sheet will be executed 1 time
2017-03-84 20:03:848 ERROR TestExecutor:504 - checkIfCondition in method sheetExecutorjava.lang.NullPointerException
2017-03-84 20:03:564 ERROR TestExecutor:504 - checkIfCondition in method sheetExecutorjava.lang.NullPointerException
2017-03-84 20:03:56 ERROR TestExecutor:504 - checkIfCondition in method sheetExecutorjava.lang.NullPointerException
2017-03-84 20:03:942 ERROR TestExecutor:504 - checkIfCondition in method sheetExecutorjava.lang.NullPointerException
2017-03-84 20:03:276 ERROR TestExecutor:504 - checkIfCondition in method sheetExecutorjava.lang.NullPointerException
2017-03-84 20:03:822 ERROR DriverBase:121 - no iteratorCount given,Sheet will be executed 1 time
2017-03-84 20:03:120 ERROR TestExecutor:504 - checkIfCondition in method sheetExecutorjava.lang.NullPointerException
2017-03-84 20:03:454 ERROR TestExecutor:504 - checkIfCondition in method sheetExecutorjava.lang.NullPointerException
2017-03-84 20:03:400 ERROR TestExecutor:504 - checkIfCondition in method sheetExecutorjava.lang.NullPointerException
2017-03-84 20:03:206 ERROR TestExecutor:504 - checkIfCondition in method sheetExecutorjava.lang.NullPointerException
2017-03-84 20:03:30 ERROR TestExecutor:504 - checkIfCondition in method sheetExecutorjava.lang.NullPointerException
2017-03-84 20:03:828 ERROR TestExecutor:504 - checkIfCondition in method sheetExecutorjava.lang.NullPointerException
2017-03-84 20:03:368 ERROR TestExecutor:504 - checkIfCondition in method sheetExecutorjava.lang.NullPointerException
2017-03-84 20:03:399 ERROR TestExecutor:578 - emty cells in method sheetExecutor java.lang.NullPointerException
2017-03-84 20:03:571 ERROR TestExecutor:51 - inside action performer,unable to get input
2017-03-84 20:03:580 ERROR TestExecutor:468 - unable to find by  method
2017-03-84 20:03:581 ERROR DriverBase:121 - no iteratorCount given,Sheet will be executed 1 time
2017-03-84 20:03:710 ERROR TestExecutor:504 - checkIfCondition in method sheetExecutorjava.lang.NullPointerException
2017-03-84 20:03:506 ERROR TestExecutor:504 - checkIfCondition in method sheetExecutorjava.lang.NullPointerException
2017-03-84 20:03:936 ERROR TestExecutor:504 - checkIfCondition in method sheetExecutorjava.lang.NullPointerException
2017-03-84 20:03:787 ERROR TestExecutor:504 - checkIfCondition in method sheetExecutorjava.lang.NullPointerException
2017-03-84 20:03:124 ERROR TestExecutor:504 - checkIfCondition in method sheetExecutorjava.lang.NullPointerException
2017-03-84 20:03:180 ERROR DriverBase:121 - no iteratorCount given,Sheet will be executed 1 time
2017-03-84 20:03:459 ERROR TestExecutor:504 - checkIfCondition in method sheetExecutorjava.lang.NullPointerException
2017-03-84 20:03:482 ERROR TestExecutor:504 - checkIfCondition in method sheetExecutorjava.lang.NullPointerException
2017-03-84 20:03:408 ERROR TestExecutor:504 - checkIfCondition in method sheetExecutorjava.lang.NullPointerException
2017-03-84 20:03:316 ERROR TestExecutor:504 - checkIfCondition in method sheetExecutorjava.lang.NullPointerException
2017-03-84 20:03:62 ERROR TestExecutor:504 - checkIfCondition in method sheetExecutorjava.lang.NullPointerException
2017-03-84 20:03:859 ERROR TestExecutor:504 - checkIfCondition in method sheetExecutorjava.lang.NullPointerException
2017-03-84 20:03:42 ERROR TestExecutor:541 - empty cells in method sheetExecutor java.lang.NullPointerException
2017-03-84 20:03:137 ERROR TestExecutor:504 - checkIfCondition in method sheetExecutorjava.lang.NullPointerException
2017-03-84 20:03:184 ERROR TestExecutor:578 - emty cells in method sheetExecutor java.lang.NullPointerException
2017-03-84 20:03:340 ERROR TestExecutor:51 - inside action performer,unable to get input
2017-03-84 20:03:340 ERROR TestExecutor:468 - unable to find by  method
2017-03-84 20:03:432 ERROR TestExecutor:504 - checkIfCondition in method sheetExecutorjava.lang.NullPointerException
2017-03-84 20:03:502 ERROR TestExecutor:578 - emty cells in method sheetExecutor java.lang.NullPointerException
2017-03-84 20:03:643 ERROR TestExecutor:51 - inside action performer,unable to get input
2017-03-84 20:03:643 ERROR TestExecutor:468 - unable to find by  method
2017-03-84 20:03:721 ERROR TestExecutor:504 - checkIfCondition in method sheetExecutorjava.lang.NullPointerException
2017-03-84 20:03:768 ERROR TestExecutor:578 - emty cells in method sheetExecutor java.lang.NullPointerException
2017-03-84 20:03:908 ERROR TestExecutor:51 - inside action performer,unable to get input
2017-03-84 20:03:908 ERROR TestExecutor:468 - unable to find by  method
2017-03-84 20:03:995 ERROR TestExecutor:504 - checkIfCondition in method sheetExecutorjava.lang.NullPointerException
2017-03-84 20:03:39 ERROR TestExecutor:578 - emty cells in method sheetExecutor java.lang.NullPointerException
2017-03-84 20:03:166 ERROR TestExecutor:51 - inside action performer,unable to get input
2017-03-84 20:03:166 ERROR TestExecutor:468 - unable to find by  method
2017-03-84 20:03:157 ERROR DriverBase:121 - no iteratorCount given,Sheet will be executed 1 time
2017-03-84 20:03:293 ERROR TestExecutor:504 - checkIfCondition in method sheetExecutorjava.lang.NullPointerException
2017-03-84 20:03:16 ERROR TestExecutor:504 - checkIfCondition in method sheetExecutorjava.lang.NullPointerException
2017-03-84 20:03:447 ERROR TestExecutor:504 - checkIfCondition in method sheetExecutorjava.lang.NullPointerException
2017-03-84 20:03:286 ERROR TestExecutor:504 - checkIfCondition in method sheetExecutorjava.lang.NullPointerException
2017-03-84 20:03:626 ERROR TestExecutor:504 - checkIfCondition in method sheetExecutorjava.lang.NullPointerException
