INFO    2017-01-18 21:38:43,719 [main] Machines.TestExecutor  - executing sheet executor method
ERROR   2017-01-18 21:38:43,785 [main] Machines.TestExecutor  - checkIfCondition in method sheetExecutorjava.lang.NullPointerException
INFO    2017-01-18 21:38:43,822 [main] Machines.TestExecutor  - Starting testing
INFO    2017-01-18 21:38:43,943 [main] Machines.TestExecutor  - input value = geturl
ERROR   2017-01-18 21:38:44,068 [main] Machines.TestExecutor  - emty cells in method sheetExecutor java.lang.NullPointerException
ERROR   2017-01-18 21:38:44,126 [main] Machines.TestExecutor  - checkIfCondition in method sheetExecutorjava.lang.NullPointerException
INFO    2017-01-18 21:38:44,158 [main] Machines.TestExecutor  - Starting testing
INFO    2017-01-18 21:38:44,262 [main] Machines.TestExecutor  - input value = storethiswinhandle
ERROR   2017-01-18 21:38:44,321 [main] Machines.TestExecutor  - emty cells in method sheetExecutor java.lang.NullPointerException
ERROR   2017-01-18 21:38:44,368 [main] Machines.TestExecutor  - checkIfCondition in method sheetExecutorjava.lang.NullPointerException
INFO    2017-01-18 21:38:44,394 [main] Machines.TestExecutor  - Starting testing
INFO    2017-01-18 21:38:44,489 [main] Machines.TestExecutor  - input value = find element
ERROR   2017-01-18 21:38:44,746 [main] Machines.TestExecutor  - emty cells in method sheetExecutor java.lang.NullPointerException
ERROR   2017-01-18 21:38:44,800 [main] Machines.TestExecutor  - checkIfCondition in method sheetExecutorjava.lang.NullPointerException
INFO    2017-01-18 21:38:44,826 [main] Machines.TestExecutor  - Starting testing
INFO    2017-01-18 21:38:44,930 [main] Machines.TestExecutor  - input value = switchtowindow
ERROR   2017-01-18 21:38:45,033 [main] Machines.TestExecutor  - emty cells in method sheetExecutor java.lang.NullPointerException
ERROR   2017-01-18 21:38:45,076 [main] Machines.TestExecutor  - checkIfCondition in method sheetExecutorjava.lang.NullPointerException
INFO    2017-01-18 21:38:45,104 [main] Machines.TestExecutor  - Starting testing
INFO    2017-01-18 21:38:45,198 [main] Machines.TestExecutor  - input value = close
ERROR   2017-01-18 21:38:45,252 [main] Machines.TestExecutor  - emty cells in method sheetExecutor java.lang.NullPointerException
ERROR   2017-01-18 21:38:45,294 [main] Machines.TestExecutor  - checkIfCondition in method sheetExecutorjava.lang.NullPointerException
INFO    2017-01-18 21:38:45,325 [main] Machines.TestExecutor  - Starting testing
INFO    2017-01-18 21:38:45,417 [main] Machines.TestExecutor  - input value = switchtoparentwindow
ERROR   2017-01-18 21:38:45,469 [main] Machines.TestExecutor  - emty cells in method sheetExecutor java.lang.NullPointerException
ERROR   2017-01-18 21:38:45,511 [main] Machines.TestExecutor  - checkIfCondition in method sheetExecutorjava.lang.NullPointerException
INFO    2017-01-18 21:38:45,540 [main] Machines.TestExecutor  - Starting testing
INFO    2017-01-18 21:38:45,627 [main] Machines.TestExecutor  - input value = geturl
ERROR   2017-01-18 21:38:47,100 [main] Machines.TestExecutor  - emty cells in method sheetExecutor java.lang.NullPointerException
ERROR   2017-01-18 21:38:47,176 [main] Machines.TestExecutor  - checkIfCondition in method sheetExecutorjava.lang.NullPointerException
ERROR   2017-01-18 21:38:47,210 [main] Machines.TestExecutor  - breaker in method sheetExecutorjava.lang.NullPointerException
ERROR   2017-01-18 21:38:47,281 [main] Machines.TestExecutor  - checkIfCondition in method sheetExecutorjava.lang.NullPointerException
ERROR   2017-01-18 21:38:47,319 [main] Machines.TestExecutor  - breaker in method sheetExecutorjava.lang.NullPointerException
ERROR   2017-01-18 21:38:47,378 [main] Machines.TestExecutor  - checkIfCondition in method sheetExecutorjava.lang.NullPointerException
ERROR   2017-01-18 21:38:47,399 [main] Machines.TestExecutor  - breaker in method sheetExecutorjava.lang.NullPointerException
ERROR   2017-01-18 21:38:47,443 [main] Machines.TestExecutor  - checkIfCondition in method sheetExecutorjava.lang.NullPointerException
ERROR   2017-01-18 21:38:47,463 [main] Machines.TestExecutor  - breaker in method sheetExecutorjava.lang.NullPointerException
ERROR   2017-01-18 21:38:47,512 [main] Machines.TestExecutor  - checkIfCondition in method sheetExecutorjava.lang.NullPointerException
ERROR   2017-01-18 21:38:47,586 [main] Machines.TestExecutor  - breaker in method sheetExecutorjava.lang.NullPointerException
INFO    2017-01-18 21:39:49,595 [main] Machines.TestExecutor  - executing sheet executor method
ERROR   2017-01-18 21:39:49,661 [main] Machines.TestExecutor  - checkIfCondition in method sheetExecutorjava.lang.NullPointerException
INFO    2017-01-18 21:39:49,710 [main] Machines.TestExecutor  - Starting testing
INFO    2017-01-18 21:39:49,874 [main] Machines.TestExecutor  - input value = geturl
ERROR   2017-01-18 21:39:51,438 [main] Machines.TestExecutor  - emty cells in method sheetExecutor java.lang.NullPointerException
ERROR   2017-01-18 21:39:51,574 [main] Machines.TestExecutor  - checkIfCondition in method sheetExecutorjava.lang.NullPointerException
INFO    2017-01-18 21:39:51,603 [main] Machines.TestExecutor  - Starting testing
INFO    2017-01-18 21:39:51,707 [main] Machines.TestExecutor  - input value = storethiswinhandle
ERROR   2017-01-18 21:39:51,762 [main] Machines.TestExecutor  - emty cells in method sheetExecutor java.lang.NullPointerException
ERROR   2017-01-18 21:39:51,813 [main] Machines.TestExecutor  - checkIfCondition in method sheetExecutorjava.lang.NullPointerException
INFO    2017-01-18 21:39:51,840 [main] Machines.TestExecutor  - Starting testing
INFO    2017-01-18 21:39:51,937 [main] Machines.TestExecutor  - input value = find element
ERROR   2017-01-18 21:39:52,883 [main] Machines.TestExecutor  - emty cells in method sheetExecutor java.lang.NullPointerException
ERROR   2017-01-18 21:39:52,985 [main] Machines.TestExecutor  - checkIfCondition in method sheetExecutorjava.lang.NullPointerException
INFO    2017-01-18 21:39:53,020 [main] Machines.TestExecutor  - Starting testing
INFO    2017-01-18 21:39:53,126 [main] Machines.TestExecutor  - input value = switchtowindow
ERROR   2017-01-18 21:39:53,219 [main] Machines.TestExecutor  - emty cells in method sheetExecutor java.lang.NullPointerException
ERROR   2017-01-18 21:39:53,266 [main] Machines.TestExecutor  - checkIfCondition in method sheetExecutorjava.lang.NullPointerException
INFO    2017-01-18 21:39:53,291 [main] Machines.TestExecutor  - Starting testing
INFO    2017-01-18 21:39:53,384 [main] Machines.TestExecutor  - input value = close
ERROR   2017-01-18 21:39:53,605 [main] Machines.TestExecutor  - emty cells in method sheetExecutor java.lang.NullPointerException
ERROR   2017-01-18 21:39:53,684 [main] Machines.TestExecutor  - checkIfCondition in method sheetExecutorjava.lang.NullPointerException
INFO    2017-01-18 21:39:53,710 [main] Machines.TestExecutor  - Starting testing
INFO    2017-01-18 21:39:53,800 [main] Machines.TestExecutor  - input value = switchtoparentwindow
ERROR   2017-01-18 21:39:53,853 [main] Machines.TestExecutor  - emty cells in method sheetExecutor java.lang.NullPointerException
ERROR   2017-01-18 21:39:53,906 [main] Machines.TestExecutor  - checkIfCondition in method sheetExecutorjava.lang.NullPointerException
INFO    2017-01-18 21:39:53,929 [main] Machines.TestExecutor  - Starting testing
INFO    2017-01-18 21:39:54,018 [main] Machines.TestExecutor  - input value = geturl
ERROR   2017-01-18 21:39:57,830 [main] Machines.TestExecutor  - emty cells in method sheetExecutor java.lang.NullPointerException
ERROR   2017-01-18 21:39:57,910 [main] Machines.TestExecutor  - checkIfCondition in method sheetExecutorjava.lang.NullPointerException
ERROR   2017-01-18 21:39:57,937 [main] Machines.TestExecutor  - breaker in method sheetExecutorjava.lang.NullPointerException
ERROR   2017-01-18 21:39:57,978 [main] Machines.TestExecutor  - checkIfCondition in method sheetExecutorjava.lang.NullPointerException
ERROR   2017-01-18 21:39:58,003 [main] Machines.TestExecutor  - breaker in method sheetExecutorjava.lang.NullPointerException
ERROR   2017-01-18 21:39:58,045 [main] Machines.TestExecutor  - checkIfCondition in method sheetExecutorjava.lang.NullPointerException
ERROR   2017-01-18 21:39:58,065 [main] Machines.TestExecutor  - breaker in method sheetExecutorjava.lang.NullPointerException
ERROR   2017-01-18 21:39:58,108 [main] Machines.TestExecutor  - checkIfCondition in method sheetExecutorjava.lang.NullPointerException
ERROR   2017-01-18 21:39:58,129 [main] Machines.TestExecutor  - breaker in method sheetExecutorjava.lang.NullPointerException
ERROR   2017-01-18 21:39:58,181 [main] Machines.TestExecutor  - checkIfCondition in method sheetExecutorjava.lang.NullPointerException
ERROR   2017-01-18 21:39:58,253 [main] Machines.TestExecutor  - breaker in method sheetExecutorjava.lang.NullPointerException
INFO    2017-01-18 21:43:01,544 [main] Machines.DriverBase  - excution sheet path =C:\Users\partha\Desktop\excelLib.xlsx
INFO    2017-01-18 21:43:01,547 [main] Machines.DriverBase  - excution screen shot path =C:\Users\partha\Desktop
INFO    2017-01-18 21:43:01,548 [main] Machines.DriverBase  - excution object repository path =C:\Users\partha\Desktop\objectrepository.xlsx
INFO    2017-01-18 21:43:09,193 [main] Machines.TestExecutor  - executing sheet executor method
ERROR   2017-01-18 21:43:09,259 [main] Machines.TestExecutor  - checkIfCondition in method sheetExecutorjava.lang.NullPointerException
INFO    2017-01-18 21:43:09,296 [main] Machines.TestExecutor  - Starting testing
INFO    2017-01-18 21:43:09,416 [main] Machines.TestExecutor  - input value = geturl
ERROR   2017-01-18 21:43:10,433 [main] Machines.TestExecutor  - emty cells in method sheetExecutor java.lang.NullPointerException
ERROR   2017-01-18 21:43:10,494 [main] Machines.TestExecutor  - checkIfCondition in method sheetExecutorjava.lang.NullPointerException
INFO    2017-01-18 21:43:10,525 [main] Machines.TestExecutor  - Starting testing
INFO    2017-01-18 21:43:10,628 [main] Machines.TestExecutor  - input value = storethiswinhandle
ERROR   2017-01-18 21:43:10,688 [main] Machines.TestExecutor  - emty cells in method sheetExecutor java.lang.NullPointerException
ERROR   2017-01-18 21:43:10,741 [main] Machines.TestExecutor  - checkIfCondition in method sheetExecutorjava.lang.NullPointerException
INFO    2017-01-18 21:43:10,769 [main] Machines.TestExecutor  - Starting testing
INFO    2017-01-18 21:43:10,865 [main] Machines.TestExecutor  - input value = find element
ERROR   2017-01-18 21:43:11,208 [main] Machines.TestExecutor  - emty cells in method sheetExecutor java.lang.NullPointerException
ERROR   2017-01-18 21:43:11,289 [main] Machines.TestExecutor  - checkIfCondition in method sheetExecutorjava.lang.NullPointerException
INFO    2017-01-18 21:43:11,325 [main] Machines.TestExecutor  - Starting testing
INFO    2017-01-18 21:43:11,434 [main] Machines.TestExecutor  - input value = switchtowindow
ERROR   2017-01-18 21:43:11,524 [main] Machines.TestExecutor  - emty cells in method sheetExecutor java.lang.NullPointerException
ERROR   2017-01-18 21:43:11,576 [main] Machines.TestExecutor  - checkIfCondition in method sheetExecutorjava.lang.NullPointerException
INFO    2017-01-18 21:43:11,605 [main] Machines.TestExecutor  - Starting testing
INFO    2017-01-18 21:43:11,703 [main] Machines.TestExecutor  - input value = close
ERROR   2017-01-18 21:43:11,790 [main] Machines.TestExecutor  - emty cells in method sheetExecutor java.lang.NullPointerException
ERROR   2017-01-18 21:43:11,856 [main] Machines.TestExecutor  - checkIfCondition in method sheetExecutorjava.lang.NullPointerException
INFO    2017-01-18 21:43:11,889 [main] Machines.TestExecutor  - Starting testing
INFO    2017-01-18 21:43:11,986 [main] Machines.TestExecutor  - input value = switchtoparentwindow
ERROR   2017-01-18 21:43:12,036 [main] Machines.TestExecutor  - emty cells in method sheetExecutor java.lang.NullPointerException
ERROR   2017-01-18 21:43:12,080 [main] Machines.TestExecutor  - checkIfCondition in method sheetExecutorjava.lang.NullPointerException
INFO    2017-01-18 21:43:12,104 [main] Machines.TestExecutor  - Starting testing
INFO    2017-01-18 21:43:12,194 [main] Machines.TestExecutor  - input value = geturl
ERROR   2017-01-18 21:43:14,969 [main] Machines.TestExecutor  - emty cells in method sheetExecutor java.lang.NullPointerException
ERROR   2017-01-18 21:43:15,013 [main] Machines.TestExecutor  - checkIfCondition in method sheetExecutorjava.lang.NullPointerException
ERROR   2017-01-18 21:43:15,038 [main] Machines.TestExecutor  - breaker in method sheetExecutorjava.lang.NullPointerException
ERROR   2017-01-18 21:43:15,084 [main] Machines.TestExecutor  - checkIfCondition in method sheetExecutorjava.lang.NullPointerException
ERROR   2017-01-18 21:43:15,109 [main] Machines.TestExecutor  - breaker in method sheetExecutorjava.lang.NullPointerException
ERROR   2017-01-18 21:43:15,156 [main] Machines.TestExecutor  - checkIfCondition in method sheetExecutorjava.lang.NullPointerException
ERROR   2017-01-18 21:43:15,178 [main] Machines.TestExecutor  - breaker in method sheetExecutorjava.lang.NullPointerException
ERROR   2017-01-18 21:43:15,229 [main] Machines.TestExecutor  - checkIfCondition in method sheetExecutorjava.lang.NullPointerException
ERROR   2017-01-18 21:43:15,250 [main] Machines.TestExecutor  - breaker in method sheetExecutorjava.lang.NullPointerException
ERROR   2017-01-18 21:43:15,298 [main] Machines.TestExecutor  - checkIfCondition in method sheetExecutorjava.lang.NullPointerException
ERROR   2017-01-18 21:43:15,378 [main] Machines.TestExecutor  - breaker in method sheetExecutorjava.lang.NullPointerException
INFO    2017-01-18 21:54:53,793 [main] Machines.DriverBase  - excution sheet path =C:\Users\partha\Desktop\excelLib.xlsx
INFO    2017-01-18 21:54:53,797 [main] Machines.DriverBase  - excution screen shot path =C:\Users\partha\Desktop
INFO    2017-01-18 21:54:53,797 [main] Machines.DriverBase  - excution object repository path =C:\Users\partha\Desktop\objectrepository.xlsx
INFO    2017-01-18 21:54:55,788 [main] Machines.DriverBase  - Starting execution in IE
INFO    2017-01-18 22:04:07,146 [main] Machines.DriverBase  - excution sheet path =C:\Users\partha\Desktop\excelLib.xlsx
INFO    2017-01-18 22:04:07,192 [main] Machines.DriverBase  - excution screen shot path =C:\Users\partha\Desktop
INFO    2017-01-18 22:04:07,193 [main] Machines.DriverBase  - excution object repository path =C:\Users\partha\Desktop\objectrepository.xlsx
INFO    2017-01-18 22:04:15,965 [main] Machines.DriverBase  - Starting execution in IE
INFO    2017-01-18 22:06:09,466 [main] Machines.DriverBase  - excution sheet path =C:\Users\partha\Desktop\excelLib.xlsx
INFO    2017-01-18 22:06:09,469 [main] Machines.DriverBase  - excution screen shot path =C:\Users\partha\Desktop
INFO    2017-01-18 22:06:09,470 [main] Machines.DriverBase  - excution object repository path =C:\Users\partha\Desktop\objectrepository.xlsx
INFO    2017-01-18 22:06:11,608 [main] Machines.DriverBase  - Starting execution in IE
INFO    2017-01-18 22:06:34,067 [main] Machines.TestExecutor  - executing sheet executor method
ERROR   2017-01-18 22:06:34,158 [main] Machines.TestExecutor  - checkIfCondition in method sheetExecutorjava.lang.NullPointerException
INFO    2017-01-18 22:06:34,244 [main] Machines.TestExecutor  - Starting testing
INFO    2017-01-18 22:06:34,407 [main] Machines.TestExecutor  - input value = geturl
ERROR   2017-01-18 22:06:34,816 [main] Machines.TestExecutor  - emty cells in method sheetExecutor java.lang.NullPointerException
ERROR   2017-01-18 22:06:34,886 [main] Machines.TestExecutor  - checkIfCondition in method sheetExecutorjava.lang.NullPointerException
INFO    2017-01-18 22:06:34,920 [main] Machines.TestExecutor  - Starting testing
INFO    2017-01-18 22:06:35,033 [main] Machines.TestExecutor  - input value = storethiswinhandle
ERROR   2017-01-18 22:06:35,103 [main] Machines.TestExecutor  - emty cells in method sheetExecutor java.lang.NullPointerException
ERROR   2017-01-18 22:06:35,159 [main] Machines.TestExecutor  - checkIfCondition in method sheetExecutorjava.lang.NullPointerException
INFO    2017-01-18 22:06:35,191 [main] Machines.TestExecutor  - Starting testing
INFO    2017-01-18 22:06:35,297 [main] Machines.TestExecutor  - input value = find element
ERROR   2017-01-18 22:06:41,833 [main] Machines.TestExecutor  - Problem with action on web elementsorg.openqa.selenium.NoSuchElementException: Unable to find element with xpath == html/body/a (WARNING: The server did not provide any stacktrace information)
Command duration or timeout: 5.06 seconds
For documentation on this error, please visit: http://seleniumhq.org/exceptions/no_such_element.html
Build info: version: 'unknown', revision: '2aa21c1', time: '2016-08-02 14:59:43 -0700'
System info: host: 'Sai', ip: '192.168.43.166', os.name: 'Windows 8.1', os.arch: 'x86', os.version: '6.3', java.version: '1.8.0_101'
Driver info: org.openqa.selenium.ie.InternetExplorerDriver
Capabilities [{browserAttachTimeout=0, ie.enableFullPageScreenshot=true, enablePersistentHover=true, ie.forceCreateProcessApi=false, ie.forceShellWindowsApi=false, pageLoadStrategy=normal, ignoreZoomSetting=false, ie.fileUploadDialogTimeout=3000, version=11, platform=WINDOWS, nativeEvents=true, ie.ensureCleanSession=false, elementScrollBehavior=0, ie.browserCommandLineSwitches=, requireWindowFocus=false, browserName=internet explorer, initialBrowserUrl=http://localhost:48202/, javascriptEnabled=true, ignoreProtectedModeSettings=false, enableElementCacheCleanup=true, unexpectedAlertBehaviour=dismiss}]
Session ID: 1554617f-6e59-4088-bbeb-9a4ae8fd25db
*** Element info: {Using=xpath, value=html/body/a}
ERROR   2017-01-18 22:06:41,949 [main] Machines.TestExecutor  - checkIfCondition in method sheetExecutorjava.lang.NullPointerException
INFO    2017-01-18 22:06:41,985 [main] Machines.TestExecutor  - Starting testing
INFO    2017-01-18 22:06:42,095 [main] Machines.TestExecutor  - input value = switchtowindow
ERROR   2017-01-18 22:06:42,501 [main] Machines.TestExecutor  - emty cells in method sheetExecutor java.lang.NullPointerException
ERROR   2017-01-18 22:06:42,558 [main] Machines.TestExecutor  - checkIfCondition in method sheetExecutorjava.lang.NullPointerException
INFO    2017-01-18 22:06:42,584 [main] Machines.TestExecutor  - Starting testing
INFO    2017-01-18 22:06:42,678 [main] Machines.TestExecutor  - input value = close
ERROR   2017-01-18 22:06:42,747 [main] Machines.TestExecutor  - emty cells in method sheetExecutor java.lang.NullPointerException
ERROR   2017-01-18 22:06:42,842 [main] Machines.TestExecutor  - checkIfCondition in method sheetExecutorjava.lang.NullPointerException
INFO    2017-01-18 22:06:43,002 [main] Machines.TestExecutor  - Starting testing
INFO    2017-01-18 22:06:43,161 [main] Machines.TestExecutor  - input value = switchtoparentwindow
INFO    2017-01-18 22:07:55,211 [main] Machines.DriverBase  - excution sheet path =C:\Users\partha\Desktop\excelLib.xlsx
INFO    2017-01-18 22:07:55,214 [main] Machines.DriverBase  - excution screen shot path =C:\Users\partha\Desktop
INFO    2017-01-18 22:07:55,215 [main] Machines.DriverBase  - excution object repository path =C:\Users\partha\Desktop\objectrepository.xlsx
INFO    2017-01-18 22:07:57,137 [main] Machines.DriverBase  - Starting execution in IE
INFO    2017-01-18 22:08:03,064 [main] Machines.TestExecutor  - executing sheet executor method
ERROR   2017-01-18 22:08:03,148 [main] Machines.TestExecutor  - checkIfCondition in method sheetExecutorjava.lang.NullPointerException
INFO    2017-01-18 22:08:03,209 [main] Machines.TestExecutor  - Starting testing
INFO    2017-01-18 22:08:03,335 [main] Machines.TestExecutor  - input value = geturl
ERROR   2017-01-18 22:08:03,710 [main] Machines.TestExecutor  - emty cells in method sheetExecutor java.lang.NullPointerException
ERROR   2017-01-18 22:08:03,776 [main] Machines.TestExecutor  - checkIfCondition in method sheetExecutorjava.lang.NullPointerException
INFO    2017-01-18 22:08:03,814 [main] Machines.TestExecutor  - Starting testing
INFO    2017-01-18 22:08:03,947 [main] Machines.TestExecutor  - input value = storethiswinhandle
ERROR   2017-01-18 22:08:04,023 [main] Machines.TestExecutor  - emty cells in method sheetExecutor java.lang.NullPointerException
ERROR   2017-01-18 22:08:04,087 [main] Machines.TestExecutor  - checkIfCondition in method sheetExecutorjava.lang.NullPointerException
INFO    2017-01-18 22:08:04,120 [main] Machines.TestExecutor  - Starting testing
INFO    2017-01-18 22:08:04,252 [main] Machines.TestExecutor  - input value = find element
ERROR   2017-01-18 22:08:38,594 [main] Machines.TestExecutor  - Problem with action on web elementsorg.openqa.selenium.NoSuchElementException: Unable to find element with xpath == html/body/a (WARNING: The server did not provide any stacktrace information)
Command duration or timeout: 5.27 seconds
For documentation on this error, please visit: http://seleniumhq.org/exceptions/no_such_element.html
Build info: version: 'unknown', revision: '2aa21c1', time: '2016-08-02 14:59:43 -0700'
System info: host: 'Sai', ip: '127.0.0.1', os.name: 'Windows 8.1', os.arch: 'x86', os.version: '6.3', java.version: '1.8.0_101'
Driver info: org.openqa.selenium.ie.InternetExplorerDriver
Capabilities [{browserAttachTimeout=0, ie.enableFullPageScreenshot=true, enablePersistentHover=true, ie.forceCreateProcessApi=false, ie.forceShellWindowsApi=false, pageLoadStrategy=normal, ignoreZoomSetting=false, ie.fileUploadDialogTimeout=3000, version=11, platform=WINDOWS, nativeEvents=true, ie.ensureCleanSession=false, elementScrollBehavior=0, ie.browserCommandLineSwitches=, requireWindowFocus=false, browserName=internet explorer, initialBrowserUrl=http://localhost:22656/, javascriptEnabled=true, ignoreProtectedModeSettings=false, enableElementCacheCleanup=true, unexpectedAlertBehaviour=dismiss}]
Session ID: ec792602-422c-43b3-8c8e-45a3b9e79fdb
*** Element info: {Using=xpath, value=html/body/a}
ERROR   2017-01-18 22:08:38,659 [main] Machines.TestExecutor  - checkIfCondition in method sheetExecutorjava.lang.NullPointerException
INFO    2017-01-18 22:08:38,691 [main] Machines.TestExecutor  - Starting testing
INFO    2017-01-18 22:08:38,785 [main] Machines.TestExecutor  - input value = switchtowindow
ERROR   2017-01-18 22:08:39,121 [main] Machines.TestExecutor  - emty cells in method sheetExecutor java.lang.NullPointerException
ERROR   2017-01-18 22:08:39,166 [main] Machines.TestExecutor  - checkIfCondition in method sheetExecutorjava.lang.NullPointerException
INFO    2017-01-18 22:08:39,191 [main] Machines.TestExecutor  - Starting testing
INFO    2017-01-18 22:08:39,287 [main] Machines.TestExecutor  - input value = close
ERROR   2017-01-18 22:08:39,357 [main] Machines.TestExecutor  - emty cells in method sheetExecutor java.lang.NullPointerException
ERROR   2017-01-18 22:08:39,403 [main] Machines.TestExecutor  - checkIfCondition in method sheetExecutorjava.lang.NullPointerException
INFO    2017-01-18 22:08:39,436 [main] Machines.TestExecutor  - Starting testing
INFO    2017-01-18 22:08:39,526 [main] Machines.TestExecutor  - input value = switchtoparentwindow
INFO    2017-01-18 22:10:26,782 [main] Machines.DriverBase  - excution sheet path =C:\Users\partha\Desktop\excelLib.xlsx
INFO    2017-01-18 22:10:26,785 [main] Machines.DriverBase  - excution screen shot path =C:\Users\partha\Desktop
INFO    2017-01-18 22:10:26,786 [main] Machines.DriverBase  - excution object repository path =C:\Users\partha\Desktop\objectrepository.xlsx
INFO    2017-01-18 22:10:28,818 [main] Machines.DriverBase  - Starting execution in IE
INFO    2017-01-18 22:10:34,155 [main] Machines.TestExecutor  - executing sheet executor method
ERROR   2017-01-18 22:10:34,221 [main] Machines.TestExecutor  - checkIfCondition in method sheetExecutorjava.lang.NullPointerException
INFO    2017-01-18 22:10:34,269 [main] Machines.TestExecutor  - Starting testing
INFO    2017-01-18 22:10:34,395 [main] Machines.TestExecutor  - input value = geturl
ERROR   2017-01-18 22:10:34,953 [main] Machines.TestExecutor  - emty cells in method sheetExecutor java.lang.NullPointerException
ERROR   2017-01-18 22:10:35,022 [main] Machines.TestExecutor  - checkIfCondition in method sheetExecutorjava.lang.NullPointerException
INFO    2017-01-18 22:10:35,059 [main] Machines.TestExecutor  - Starting testing
INFO    2017-01-18 22:10:35,176 [main] Machines.TestExecutor  - input value = storethiswinhandle
ERROR   2017-01-18 22:10:35,242 [main] Machines.TestExecutor  - emty cells in method sheetExecutor java.lang.NullPointerException
ERROR   2017-01-18 22:10:35,301 [main] Machines.TestExecutor  - checkIfCondition in method sheetExecutorjava.lang.NullPointerException
INFO    2017-01-18 22:10:35,331 [main] Machines.TestExecutor  - Starting testing
INFO    2017-01-18 22:10:35,435 [main] Machines.TestExecutor  - input value = find element
ERROR   2017-01-18 22:10:39,231 [main] Machines.TestExecutor  - emty cells in method sheetExecutor java.lang.NullPointerException
ERROR   2017-01-18 22:10:39,306 [main] Machines.TestExecutor  - checkIfCondition in method sheetExecutorjava.lang.NullPointerException
INFO    2017-01-18 22:10:39,337 [main] Machines.TestExecutor  - Starting testing
INFO    2017-01-18 22:10:39,445 [main] Machines.TestExecutor  - input value = switchtowindow
ERROR   2017-01-18 22:10:41,259 [main] Machines.TestExecutor  - emty cells in method sheetExecutor java.lang.NullPointerException
ERROR   2017-01-18 22:10:41,328 [main] Machines.TestExecutor  - checkIfCondition in method sheetExecutorjava.lang.NullPointerException
INFO    2017-01-18 22:10:41,364 [main] Machines.TestExecutor  - Starting testing
INFO    2017-01-18 22:10:41,460 [main] Machines.TestExecutor  - input value = close
ERROR   2017-01-18 22:10:41,626 [main] Machines.TestExecutor  - emty cells in method sheetExecutor java.lang.NullPointerException
ERROR   2017-01-18 22:10:41,744 [main] Machines.TestExecutor  - checkIfCondition in method sheetExecutorjava.lang.NullPointerException
INFO    2017-01-18 22:10:41,781 [main] Machines.TestExecutor  - Starting testing
INFO    2017-01-18 22:10:41,872 [main] Machines.TestExecutor  - input value = switchtoparentwindow
INFO    2017-01-18 22:11:58,539 [main] Machines.DriverBase  - excution sheet path =C:\Users\partha\Desktop\excelLib.xlsx
INFO    2017-01-18 22:11:58,542 [main] Machines.DriverBase  - excution screen shot path =C:\Users\partha\Desktop
INFO    2017-01-18 22:11:58,542 [main] Machines.DriverBase  - excution object repository path =C:\Users\partha\Desktop\objectrepository.xlsx
INFO    2017-01-18 22:12:00,625 [main] Machines.DriverBase  - Starting execution in IE
INFO    2017-01-18 22:12:30,271 [main] Machines.TestExecutor  - executing sheet executor method
ERROR   2017-01-18 22:12:30,409 [main] Machines.TestExecutor  - checkIfCondition in method sheetExecutorjava.lang.NullPointerException
INFO    2017-01-18 22:12:30,453 [main] Machines.TestExecutor  - Starting testing
INFO    2017-01-18 22:12:30,585 [main] Machines.TestExecutor  - input value = geturl
ERROR   2017-01-18 22:12:31,122 [main] Machines.TestExecutor  - emty cells in method sheetExecutor java.lang.NullPointerException
ERROR   2017-01-18 22:12:31,185 [main] Machines.TestExecutor  - checkIfCondition in method sheetExecutorjava.lang.NullPointerException
INFO    2017-01-18 22:12:31,226 [main] Machines.TestExecutor  - Starting testing
INFO    2017-01-18 22:12:31,342 [main] Machines.TestExecutor  - input value = storethiswinhandle
ERROR   2017-01-18 22:12:31,420 [main] Machines.TestExecutor  - emty cells in method sheetExecutor java.lang.NullPointerException
ERROR   2017-01-18 22:12:31,472 [main] Machines.TestExecutor  - checkIfCondition in method sheetExecutorjava.lang.NullPointerException
INFO    2017-01-18 22:12:31,501 [main] Machines.TestExecutor  - Starting testing
INFO    2017-01-18 22:12:31,607 [main] Machines.TestExecutor  - input value = find element
ERROR   2017-01-18 22:12:37,213 [main] Machines.TestExecutor  - emty cells in method sheetExecutor java.lang.NullPointerException
ERROR   2017-01-18 22:12:37,299 [main] Machines.TestExecutor  - checkIfCondition in method sheetExecutorjava.lang.NullPointerException
INFO    2017-01-18 22:12:37,358 [main] Machines.TestExecutor  - Starting testing
INFO    2017-01-18 22:12:37,484 [main] Machines.TestExecutor  - input value = switchtowindow
ERROR   2017-01-18 22:12:39,479 [main] Machines.TestExecutor  - FAILNo window found (WARNING: The server did not provide any stacktrace information)
Command duration or timeout: 1.37 seconds
Build info: version: 'unknown', revision: '2aa21c1', time: '2016-08-02 14:59:43 -0700'
System info: host: 'Sai', ip: '127.0.0.1', os.name: 'Windows 8.1', os.arch: 'x86', os.version: '6.3', java.version: '1.8.0_101'
Driver info: org.openqa.selenium.ie.InternetExplorerDriver
Capabilities [{browserAttachTimeout=0, ie.enableFullPageScreenshot=true, enablePersistentHover=true, ie.forceCreateProcessApi=false, ie.forceShellWindowsApi=false, pageLoadStrategy=normal, ignoreZoomSetting=false, ie.fileUploadDialogTimeout=3000, version=11, platform=WINDOWS, nativeEvents=true, ie.ensureCleanSession=false, elementScrollBehavior=0, ie.browserCommandLineSwitches=, requireWindowFocus=false, browserName=internet explorer, initialBrowserUrl=http://localhost:13864/, javascriptEnabled=true, ignoreProtectedModeSettings=false, enableElementCacheCleanup=true, unexpectedAlertBehaviour=dismiss}]
Session ID: 5efa2654-4b21-4b4b-8a4a-b4ec0cf3a6ed
ERROR   2017-01-18 22:12:39,544 [main] Machines.TestExecutor  - checkIfCondition in method sheetExecutorjava.lang.NullPointerException
INFO    2017-01-18 22:12:39,572 [main] Machines.TestExecutor  - Starting testing
INFO    2017-01-18 22:12:39,669 [main] Machines.TestExecutor  - input value = close
ERROR   2017-01-18 22:12:39,766 [main] Machines.TestExecutor  - emty cells in method sheetExecutor java.lang.NullPointerException
ERROR   2017-01-18 22:12:39,824 [main] Machines.TestExecutor  - checkIfCondition in method sheetExecutorjava.lang.NullPointerException
INFO    2017-01-18 22:12:39,856 [main] Machines.TestExecutor  - Starting testing
INFO    2017-01-18 22:12:39,952 [main] Machines.TestExecutor  - input value = switchtoparentwindow
INFO    2017-01-18 22:16:45,633 [main] Machines.DriverBase  - excution sheet path =C:\Users\partha\Desktop\excelLib.xlsx
INFO    2017-01-18 22:16:45,636 [main] Machines.DriverBase  - excution screen shot path =C:\Users\partha\Desktop
INFO    2017-01-18 22:16:45,637 [main] Machines.DriverBase  - excution object repository path =C:\Users\partha\Desktop\objectrepository.xlsx
INFO    2017-01-18 22:16:47,539 [main] Machines.DriverBase  - Starting execution in IE
INFO    2017-01-18 22:17:15,660 [main] Machines.DriverBase  - excution sheet path =C:\Users\partha\Desktop\excelLib.xlsx
INFO    2017-01-18 22:17:15,663 [main] Machines.DriverBase  - excution screen shot path =C:\Users\partha\Desktop
INFO    2017-01-18 22:17:15,664 [main] Machines.DriverBase  - excution object repository path =C:\Users\partha\Desktop\objectrepository.xlsx
INFO    2017-01-18 22:17:17,571 [main] Machines.DriverBase  - Starting execution in IE
INFO    2017-01-18 22:19:17,672 [main] Machines.DriverBase  - excution sheet path =C:\Users\partha\Desktop\excelLib.xlsx
INFO    2017-01-18 22:19:17,675 [main] Machines.DriverBase  - excution screen shot path =C:\Users\partha\Desktop
INFO    2017-01-18 22:19:17,675 [main] Machines.DriverBase  - excution object repository path =C:\Users\partha\Desktop\objectrepository.xlsx
INFO    2017-01-18 22:19:19,587 [main] Machines.DriverBase  - Starting execution in IE
INFO    2017-01-18 22:23:41,177 [main] Machines.DriverBase  - excution sheet path =C:\Users\partha\Desktop\excelLib.xlsx
INFO    2017-01-18 22:23:41,180 [main] Machines.DriverBase  - excution screen shot path =C:\Users\partha\Desktop
INFO    2017-01-18 22:23:41,181 [main] Machines.DriverBase  - excution object repository path =C:\Users\partha\Desktop\objectrepository.xlsx
INFO    2017-01-18 22:23:43,125 [main] Machines.DriverBase  - Starting execution in IE
INFO    2017-01-18 22:25:02,726 [main] Machines.DriverBase  - excution sheet path =C:\Users\partha\Desktop\excelLib.xlsx
INFO    2017-01-18 22:25:02,729 [main] Machines.DriverBase  - excution screen shot path =C:\Users\partha\Desktop
INFO    2017-01-18 22:25:02,729 [main] Machines.DriverBase  - excution object repository path =C:\Users\partha\Desktop\objectrepository.xlsx
INFO    2017-01-18 22:25:04,632 [main] Machines.DriverBase  - Starting execution in IE
INFO    2017-01-18 22:25:10,937 [main] Machines.TestExecutor  - executing sheet executor method
ERROR   2017-01-18 22:25:11,004 [main] Machines.TestExecutor  - checkIfCondition in method sheetExecutorjava.lang.NullPointerException
INFO    2017-01-18 22:25:11,041 [main] Machines.TestExecutor  - Starting testing
INFO    2017-01-18 22:25:11,163 [main] Machines.TestExecutor  - input value = geturl
ERROR   2017-01-18 22:25:11,382 [main] Machines.TestExecutor  - emty cells in method sheetExecutor java.lang.NullPointerException
ERROR   2017-01-18 22:25:11,445 [main] Machines.TestExecutor  - checkIfCondition in method sheetExecutorjava.lang.NullPointerException
INFO    2017-01-18 22:25:11,474 [main] Machines.TestExecutor  - Starting testing
INFO    2017-01-18 22:25:11,608 [main] Machines.TestExecutor  - input value = storethiswinhandle
INFO    2017-01-18 22:25:32,418 [main] Machines.DriverBase  - excution sheet path =C:\Users\partha\Desktop\excelLib.xlsx
INFO    2017-01-18 22:25:32,421 [main] Machines.DriverBase  - excution screen shot path =C:\Users\partha\Desktop
INFO    2017-01-18 22:25:32,421 [main] Machines.DriverBase  - excution object repository path =C:\Users\partha\Desktop\objectrepository.xlsx
INFO    2017-01-18 22:25:34,323 [main] Machines.DriverBase  - Starting execution in IE
INFO    2017-01-18 22:25:39,278 [main] Machines.TestExecutor  - executing sheet executor method
ERROR   2017-01-18 22:25:39,347 [main] Machines.TestExecutor  - checkIfCondition in method sheetExecutorjava.lang.NullPointerException
INFO    2017-01-18 22:25:39,385 [main] Machines.TestExecutor  - Starting testing
INFO    2017-01-18 22:25:39,505 [main] Machines.TestExecutor  - input value = geturl
ERROR   2017-01-18 22:25:39,728 [main] Machines.TestExecutor  - emty cells in method sheetExecutor java.lang.NullPointerException
ERROR   2017-01-18 22:25:39,789 [main] Machines.TestExecutor  - checkIfCondition in method sheetExecutorjava.lang.NullPointerException
INFO    2017-01-18 22:25:39,824 [main] Machines.TestExecutor  - Starting testing
INFO    2017-01-18 22:25:39,961 [main] Machines.TestExecutor  - input value = storethiswinhandle
INFO    2017-01-18 22:26:33,401 [main] Machines.DriverBase  - excution sheet path =C:\Users\partha\Desktop\excelLib.xlsx
INFO    2017-01-18 22:26:33,404 [main] Machines.DriverBase  - excution screen shot path =C:\Users\partha\Desktop
INFO    2017-01-18 22:26:33,404 [main] Machines.DriverBase  - excution object repository path =C:\Users\partha\Desktop\objectrepository.xlsx
INFO    2017-01-18 22:26:35,400 [main] Machines.DriverBase  - Starting execution in IE
INFO    2017-01-18 22:26:40,368 [main] Machines.TestExecutor  - executing sheet executor method
ERROR   2017-01-18 22:26:40,434 [main] Machines.TestExecutor  - checkIfCondition in method sheetExecutorjava.lang.NullPointerException
INFO    2017-01-18 22:26:40,471 [main] Machines.TestExecutor  - Starting testing
INFO    2017-01-18 22:26:40,591 [main] Machines.TestExecutor  - input value = geturl
ERROR   2017-01-18 22:26:40,834 [main] Machines.TestExecutor  - emty cells in method sheetExecutor java.lang.NullPointerException
ERROR   2017-01-18 22:26:40,896 [main] Machines.TestExecutor  - checkIfCondition in method sheetExecutorjava.lang.NullPointerException
INFO    2017-01-18 22:26:40,931 [main] Machines.TestExecutor  - Starting testing
INFO    2017-01-18 22:26:41,064 [main] Machines.TestExecutor  - input value = storethiswinhandle
INFO    2017-01-18 22:30:17,096 [main] Machines.DriverBase  - excution sheet path =C:\Users\partha\Desktop\excelLib.xlsx
INFO    2017-01-18 22:30:17,100 [main] Machines.DriverBase  - excution screen shot path =C:\Users\partha\Desktop
INFO    2017-01-18 22:30:17,100 [main] Machines.DriverBase  - excution object repository path =C:\Users\partha\Desktop\objectrepository.xlsx
INFO    2017-01-18 22:30:19,040 [main] Machines.DriverBase  - Starting execution in IE
INFO    2017-01-18 22:30:23,543 [main] Machines.TestExecutor  - executing sheet executor method
ERROR   2017-01-18 22:30:23,613 [main] Machines.TestExecutor  - checkIfCondition in method sheetExecutorjava.lang.NullPointerException
INFO    2017-01-18 22:30:23,653 [main] Machines.TestExecutor  - Starting testing
INFO    2017-01-18 22:30:23,772 [main] Machines.TestExecutor  - input value = geturl
ERROR   2017-01-18 22:30:23,998 [main] Machines.TestExecutor  - emty cells in method sheetExecutor java.lang.NullPointerException
ERROR   2017-01-18 22:30:24,059 [main] Machines.TestExecutor  - checkIfCondition in method sheetExecutorjava.lang.NullPointerException
INFO    2017-01-18 22:30:24,094 [main] Machines.TestExecutor  - Starting testing
INFO    2017-01-18 22:30:24,227 [main] Machines.TestExecutor  - input value = storethiswinhandle
INFO    2017-01-18 22:32:36,206 [main] Machines.DriverBase  - excution sheet path =C:\Users\partha\Desktop\excelLib.xlsx
INFO    2017-01-18 22:32:36,210 [main] Machines.DriverBase  - excution screen shot path =C:\Users\partha\Desktop
INFO    2017-01-18 22:32:36,210 [main] Machines.DriverBase  - excution object repository path =C:\Users\partha\Desktop\objectrepository.xlsx
INFO    2017-01-18 22:32:38,162 [main] Machines.DriverBase  - Starting execution in IE
INFO    2017-01-18 22:32:42,890 [main] Machines.TestExecutor  - executing sheet executor method
ERROR   2017-01-18 22:32:42,956 [main] Machines.TestExecutor  - checkIfCondition in method sheetExecutorjava.lang.NullPointerException
INFO    2017-01-18 22:32:42,996 [main] Machines.TestExecutor  - Starting testing
INFO    2017-01-18 22:32:43,121 [main] Machines.TestExecutor  - input value = geturl
ERROR   2017-01-18 22:32:43,349 [main] Machines.TestExecutor  - emty cells in method sheetExecutor java.lang.NullPointerException
ERROR   2017-01-18 22:32:43,407 [main] Machines.TestExecutor  - checkIfCondition in method sheetExecutorjava.lang.NullPointerException
INFO    2017-01-18 22:32:43,442 [main] Machines.TestExecutor  - Starting testing
INFO    2017-01-18 22:32:43,577 [main] Machines.TestExecutor  - input value = storethiswinhandle
INFO    2017-01-19 21:14:25,418 [main] Machines.DriverBase  - excution sheet path =C:\Users\partha\Desktop\excelLib.xlsx
INFO    2017-01-19 21:14:25,421 [main] Machines.DriverBase  - excution screen shot path =C:\Users\partha\Desktop
INFO    2017-01-19 21:14:25,422 [main] Machines.DriverBase  - excution object repository path =C:\Users\partha\Desktop\objectrepository.xlsx
INFO    2017-01-19 21:14:27,158 [main] Machines.DriverBase  - Starting execution in IE
INFO    2017-01-19 21:14:33,141 [main] Machines.TestExecutor  - executing sheet executor method
INFO    2017-01-19 21:14:33,254 [main] Machines.TestExecutor  - Starting testing
INFO    2017-01-19 21:14:33,386 [main] Machines.TestExecutor  - input value = geturl
ERROR   2017-01-19 21:14:34,622 [main] Machines.TestExecutor  - emty cells in method sheetExecutor java.lang.NullPointerException
ERROR   2017-01-19 21:14:34,682 [main] Machines.TestExecutor  - checkIfCondition in method sheetExecutorjava.lang.NullPointerException
INFO    2017-01-19 21:14:34,717 [main] Machines.TestExecutor  - Starting testing
INFO    2017-01-19 21:14:34,842 [main] Machines.TestExecutor  - input value = find element
INFO    2017-01-19 21:14:36,500 [main] Machines.TestExecutor  - Starting testing
INFO    2017-01-19 21:14:36,603 [main] Machines.TestExecutor  - input value = find element
INFO    2017-01-19 21:14:37,251 [main] Machines.TestExecutor  - Starting testing
INFO    2017-01-19 21:14:37,349 [main] Machines.TestExecutor  - input value = find element
INFO    2017-01-19 21:14:38,106 [main] Machines.TestExecutor  - Starting testing
INFO    2017-01-19 21:14:38,197 [main] Machines.TestExecutor  - input value = find element
INFO    2017-01-19 21:14:39,480 [main] Machines.TestExecutor  - Starting testing
INFO    2017-01-19 21:14:39,579 [main] Machines.TestExecutor  - input value = find element
INFO    2017-01-19 21:14:49,612 [main] Machines.TestExecutor  - Starting testing
INFO    2017-01-19 21:14:49,703 [main] Machines.TestExecutor  - input value = find element
INFO    2017-01-19 21:14:50,573 [main] Machines.TestExecutor  - Starting testing
INFO    2017-01-19 21:14:50,666 [main] Machines.TestExecutor  - input value = find element
INFO    2017-01-19 21:14:51,844 [main] Machines.TestExecutor  - Starting testing
INFO    2017-01-19 21:14:51,937 [main] Machines.TestExecutor  - input value = find element
INFO    2017-01-19 21:14:52,942 [main] Machines.TestExecutor  - Starting testing
INFO    2017-01-19 21:14:53,230 [main] Machines.TestExecutor  - input value = alert
INFO    2017-01-19 21:14:53,904 [main] Machines.TestExecutor  - Starting testing
INFO    2017-01-19 21:14:53,992 [main] Machines.TestExecutor  - input value = sleep
INFO    2017-01-19 21:14:57,118 [main] Machines.TestExecutor  - Starting testing
INFO    2017-01-19 21:14:57,209 [main] Machines.TestExecutor  - input value = find element
INFO    2017-01-19 21:14:57,983 [main] Machines.TestExecutor  - Starting testing
INFO    2017-01-19 21:14:58,189 [main] Machines.TestExecutor  - input value = alert
INFO    2017-01-19 21:14:58,870 [main] Machines.TestExecutor  - Starting testing
INFO    2017-01-19 21:14:58,999 [main] Machines.TestExecutor  - input value = find element
ERROR   2017-01-19 21:14:59,690 [main] Machines.TestExecutor  - emty cells in method sheetExecutor java.lang.NullPointerException
INFO    2017-01-19 21:14:59,694 [main] Machines.TestExecutor  - Starting testing
ERROR   2017-01-19 21:14:59,776 [main] Machines.TestExecutor  - inside actionperformer,unable to get input
ERROR   2017-01-19 21:14:59,776 [main] Machines.TestExecutor  - unable to find by id method
ERROR   2017-01-19 21:14:59,837 [main] Machines.TestExecutor  - checkIfCondition in method sheetExecutorjava.lang.NullPointerException
ERROR   2017-01-19 21:14:59,856 [main] Machines.TestExecutor  - breaker in method sheetExecutorjava.lang.NullPointerException
ERROR   2017-01-19 21:14:59,897 [main] Machines.TestExecutor  - checkIfCondition in method sheetExecutorjava.lang.NullPointerException
ERROR   2017-01-19 21:14:59,918 [main] Machines.TestExecutor  - breaker in method sheetExecutorjava.lang.NullPointerException
ERROR   2017-01-19 21:14:59,963 [main] Machines.TestExecutor  - checkIfCondition in method sheetExecutorjava.lang.NullPointerException
ERROR   2017-01-19 21:15:00,001 [main] Machines.TestExecutor  - breaker in method sheetExecutorjava.lang.NullPointerException
ERROR   2017-01-19 21:15:00,046 [main] Machines.TestExecutor  - checkIfCondition in method sheetExecutorjava.lang.NullPointerException
ERROR   2017-01-19 21:15:00,068 [main] Machines.TestExecutor  - breaker in method sheetExecutorjava.lang.NullPointerException
ERROR   2017-01-19 21:15:00,105 [main] Machines.TestExecutor  - checkIfCondition in method sheetExecutorjava.lang.NullPointerException
ERROR   2017-01-19 21:15:00,127 [main] Machines.TestExecutor  - breaker in method sheetExecutorjava.lang.NullPointerException
ERROR   2017-01-19 21:15:00,164 [main] Machines.TestExecutor  - checkIfCondition in method sheetExecutorjava.lang.NullPointerException
ERROR   2017-01-19 21:15:00,186 [main] Machines.TestExecutor  - breaker in method sheetExecutorjava.lang.NullPointerException
ERROR   2017-01-19 21:15:00,226 [main] Machines.TestExecutor  - checkIfCondition in method sheetExecutorjava.lang.NullPointerException
ERROR   2017-01-19 21:15:00,245 [main] Machines.TestExecutor  - breaker in method sheetExecutorjava.lang.NullPointerException
ERROR   2017-01-19 21:15:00,286 [main] Machines.TestExecutor  - checkIfCondition in method sheetExecutorjava.lang.NullPointerException
ERROR   2017-01-19 21:15:00,306 [main] Machines.TestExecutor  - breaker in method sheetExecutorjava.lang.NullPointerException
ERROR   2017-01-19 21:15:00,346 [main] Machines.TestExecutor  - checkIfCondition in method sheetExecutorjava.lang.NullPointerException
ERROR   2017-01-19 21:15:00,365 [main] Machines.TestExecutor  - breaker in method sheetExecutorjava.lang.NullPointerException
ERROR   2017-01-19 21:15:00,407 [main] Machines.TestExecutor  - checkIfCondition in method sheetExecutorjava.lang.NullPointerException
ERROR   2017-01-19 21:15:00,430 [main] Machines.TestExecutor  - breaker in method sheetExecutorjava.lang.NullPointerException
ERROR   2017-01-19 21:15:00,468 [main] Machines.TestExecutor  - checkIfCondition in method sheetExecutorjava.lang.NullPointerException
ERROR   2017-01-19 21:15:00,487 [main] Machines.TestExecutor  - breaker in method sheetExecutorjava.lang.NullPointerException
ERROR   2017-01-19 21:15:00,529 [main] Machines.TestExecutor  - checkIfCondition in method sheetExecutorjava.lang.NullPointerException
ERROR   2017-01-19 21:15:00,547 [main] Machines.TestExecutor  - breaker in method sheetExecutorjava.lang.NullPointerException
ERROR   2017-01-19 21:15:00,588 [main] Machines.TestExecutor  - checkIfCondition in method sheetExecutorjava.lang.NullPointerException
INFO    2017-01-19 21:15:00,610 [main] Machines.TestExecutor  - Starting testing
INFO    2017-01-19 21:15:00,690 [main] Machines.TestExecutor  - input value = executesheet
INFO    2017-01-19 21:15:00,728 [main] Machines.TestExecutor  - executing sheet executor method
ERROR   2017-01-19 21:15:00,768 [main] Machines.TestExecutor  - checkIfCondition in method sheetExecutorjava.lang.NullPointerException
INFO    2017-01-19 21:15:00,792 [main] Machines.TestExecutor  - Starting testing
INFO    2017-01-19 21:15:00,875 [main] Machines.TestExecutor  - input value = geturl
ERROR   2017-01-19 21:15:01,049 [main] Machines.TestExecutor  - emty cells in method sheetExecutor java.lang.NullPointerException
ERROR   2017-01-19 21:15:01,095 [main] Machines.TestExecutor  - checkIfCondition in method sheetExecutorjava.lang.NullPointerException
INFO    2017-01-19 21:15:01,117 [main] Machines.TestExecutor  - Starting testing
INFO    2017-01-19 21:15:01,200 [main] Machines.TestExecutor  - input value = storethiswinhandle
ERROR   2017-01-19 21:15:01,248 [main] Machines.TestExecutor  - emty cells in method sheetExecutor java.lang.NullPointerException
ERROR   2017-01-19 21:15:01,288 [main] Machines.TestExecutor  - checkIfCondition in method sheetExecutorjava.lang.NullPointerException
INFO    2017-01-19 21:15:01,329 [main] Machines.TestExecutor  - Starting testing
INFO    2017-01-19 21:15:01,423 [main] Machines.TestExecutor  - input value = find element
INFO    2017-01-22 08:46:16,013 [main] Machines.DriverBase  - excution sheet path =C:\Users\partha\Desktop\excelLib.xlsx
INFO    2017-01-22 08:46:16,017 [main] Machines.DriverBase  - excution sc reen shot path =C:\Users\partha\Desktop
INFO    2017-01-22 08:46:16,017 [main] Machines.DriverBase  - excution object repository path =C:\Users\partha\Desktop\objectrepository.xlsx
INFO    2017-01-22 08:46:17,910 [main] Machines.DriverBase  - Starting execution in IE
INFO    2017-01-22 08:46:26,582 [main] Machines.TestExecutor  - executing sheet executor method
INFO    2017-01-22 08:46:26,692 [main] Machines.TestExecutor  - Starting testing
INFO    2017-01-22 08:46:26,812 [main] Machines.TestExecutor  - input value = geturl
ERROR   2017-01-22 08:46:33,813 [main] Machines.TestExecutor  - emty cells in method sheetExecutor java.lang.NullPointerException
ERROR   2017-01-22 08:46:33,875 [main] Machines.TestExecutor  - checkIfCondition in method sheetExecutorjava.lang.NullPointerException
INFO    2017-01-22 08:46:33,906 [main] Machines.TestExecutor  - Starting testing
INFO    2017-01-22 08:46:34,013 [main] Machines.TestExecutor  - input value = find element
INFO    2017-01-22 08:46:35,913 [main] Machines.TestExecutor  - Starting testing
INFO    2017-01-22 08:46:36,012 [main] Machines.TestExecutor  - input value = find element
INFO    2017-01-22 08:46:36,686 [main] Machines.TestExecutor  - Starting testing
INFO    2017-01-22 08:46:36,775 [main] Machines.TestExecutor  - input value = find element
INFO    2017-01-22 08:46:37,405 [main] Machines.TestExecutor  - Starting testing
INFO    2017-01-22 08:46:37,501 [main] Machines.TestExecutor  - input value = find element
INFO    2017-01-22 08:46:38,408 [main] Machines.TestExecutor  - Starting testing
INFO    2017-01-22 08:46:38,499 [main] Machines.TestExecutor  - input value = find element
ERROR   2017-01-22 08:46:46,688 [main] Machines.TestExecutor  - Problem with action on web elementsorg.openqa.selenium.NoSuchElementException: Unable to find element with partial link text == Users (WARNING: The server did not provide any stacktrace information)
Command duration or timeout: 5.51 seconds
For documentation on this error, please visit: http://seleniumhq.org/exceptions/no_such_element.html
Build info: version: 'unknown', revision: '2aa21c1', time: '2016-08-02 14:59:43 -0700'
System info: host: 'Sai', ip: '127.0.0.1', os.name: 'Windows 8.1', os.arch: 'x86', os.version: '6.3', java.version: '1.8.0_101'
Driver info: org.openqa.selenium.ie.InternetExplorerDriver
Capabilities [{browserAttachTimeout=0, ie.enableFullPageScreenshot=true, enablePersistentHover=true, ie.forceCreateProcessApi=false, ie.forceShellWindowsApi=false, pageLoadStrategy=normal, ignoreZoomSetting=false, ie.fileUploadDialogTimeout=3000, version=11, platform=WINDOWS, nativeEvents=true, ie.ensureCleanSession=false, elementScrollBehavior=0, ie.browserCommandLineSwitches=, requireWindowFocus=false, browserName=internet explorer, initialBrowserUrl=http://localhost:22328/, javascriptEnabled=true, ignoreProtectedModeSettings=true, enableElementCacheCleanup=true, unexpectedAlertBehaviour=dismiss}]
Session ID: 213a8756-5ec9-442d-80c5-394f6ece8ee0
*** Element info: {Using=partial link text, value=Users}
INFO    2017-01-22 08:46:46,747 [main] Machines.TestExecutor  - Starting testing
INFO    2017-01-22 08:46:46,842 [main] Machines.TestExecutor  - input value = find element
ERROR   2017-01-22 08:46:53,112 [main] Machines.TestExecutor  - Problem with action on web elementsorg.openqa.selenium.NoSuchElementException: Unable to find element with xpath == //span[@class='userNameSpan' and contains(text(),'Dowd, Roy (user)')] (WARNING: The server did not provide any stacktrace information)
Command duration or timeout: 5.73 seconds
For documentation on this error, please visit: http://seleniumhq.org/exceptions/no_such_element.html
Build info: version: 'unknown', revision: '2aa21c1', time: '2016-08-02 14:59:43 -0700'
System info: host: 'Sai', ip: '127.0.0.1', os.name: 'Windows 8.1', os.arch: 'x86', os.version: '6.3', java.version: '1.8.0_101'
Driver info: org.openqa.selenium.ie.InternetExplorerDriver
Capabilities [{browserAttachTimeout=0, ie.enableFullPageScreenshot=true, enablePersistentHover=true, ie.forceCreateProcessApi=false, ie.forceShellWindowsApi=false, pageLoadStrategy=normal, ignoreZoomSetting=false, ie.fileUploadDialogTimeout=3000, version=11, platform=WINDOWS, nativeEvents=true, ie.ensureCleanSession=false, elementScrollBehavior=0, ie.browserCommandLineSwitches=, requireWindowFocus=false, browserName=internet explorer, initialBrowserUrl=http://localhost:22328/, javascriptEnabled=true, ignoreProtectedModeSettings=true, enableElementCacheCleanup=true, unexpectedAlertBehaviour=dismiss}]
Session ID: 213a8756-5ec9-442d-80c5-394f6ece8ee0
*** Element info: {Using=xpath, value=//span[@class='userNameSpan' and contains(text(),'Dowd, Roy (user)')]}
INFO    2017-01-22 08:46:53,232 [main] Machines.TestExecutor  - Starting testing
INFO    2017-01-22 08:46:53,318 [main] Machines.TestExecutor  - input value = find element
ERROR   2017-01-22 08:46:59,192 [main] Machines.TestExecutor  - Problem with action on web elementsorg.openqa.selenium.NoSuchElementException: Unable to find element with id == userDataLightBox_firstNameField (WARNING: The server did not provide any stacktrace information)
Command duration or timeout: 5.36 seconds
For documentation on this error, please visit: http://seleniumhq.org/exceptions/no_such_element.html
Build info: version: 'unknown', revision: '2aa21c1', time: '2016-08-02 14:59:43 -0700'
System info: host: 'Sai', ip: '127.0.0.1', os.name: 'Windows 8.1', os.arch: 'x86', os.version: '6.3', java.version: '1.8.0_101'
Driver info: org.openqa.selenium.ie.InternetExplorerDriver
Capabilities [{browserAttachTimeout=0, ie.enableFullPageScreenshot=true, enablePersistentHover=true, ie.forceCreateProcessApi=false, ie.forceShellWindowsApi=false, pageLoadStrategy=normal, ignoreZoomSetting=false, ie.fileUploadDialogTimeout=3000, version=11, platform=WINDOWS, nativeEvents=true, ie.ensureCleanSession=false, elementScrollBehavior=0, ie.browserCommandLineSwitches=, requireWindowFocus=false, browserName=internet explorer, initialBrowserUrl=http://localhost:22328/, javascriptEnabled=true, ignoreProtectedModeSettings=true, enableElementCacheCleanup=true, unexpectedAlertBehaviour=dismiss}]
Session ID: 213a8756-5ec9-442d-80c5-394f6ece8ee0
*** Element info: {Using=id, value=userDataLightBox_firstNameField}
INFO    2017-01-22 08:46:59,243 [main] Machines.TestExecutor  - Starting testing
INFO    2017-01-22 08:46:59,332 [main] Machines.TestExecutor  - input value = find element
ERROR   2017-01-22 08:47:05,053 [main] Machines.TestExecutor  - Problem with action on web elementsorg.openqa.selenium.NoSuchElementException: Unable to find element with id == closeUserDataLightBoxBtn (WARNING: The server did not provide any stacktrace information)
Command duration or timeout: 5.13 seconds
For documentation on this error, please visit: http://seleniumhq.org/exceptions/no_such_element.html
Build info: version: 'unknown', revision: '2aa21c1', time: '2016-08-02 14:59:43 -0700'
System info: host: 'Sai', ip: '127.0.0.1', os.name: 'Windows 8.1', os.arch: 'x86', os.version: '6.3', java.version: '1.8.0_101'
Driver info: org.openqa.selenium.ie.InternetExplorerDriver
Capabilities [{browserAttachTimeout=0, ie.enableFullPageScreenshot=true, enablePersistentHover=true, ie.forceCreateProcessApi=false, ie.forceShellWindowsApi=false, pageLoadStrategy=normal, ignoreZoomSetting=false, ie.fileUploadDialogTimeout=3000, version=11, platform=WINDOWS, nativeEvents=true, ie.ensureCleanSession=false, elementScrollBehavior=0, ie.browserCommandLineSwitches=, requireWindowFocus=false, browserName=internet explorer, initialBrowserUrl=http://localhost:22328/, javascriptEnabled=true, ignoreProtectedModeSettings=true, enableElementCacheCleanup=true, unexpectedAlertBehaviour=dismiss}]
Session ID: 213a8756-5ec9-442d-80c5-394f6ece8ee0
*** Element info: {Using=id, value=closeUserDataLightBoxBtn}
INFO    2017-01-22 08:47:05,102 [main] Machines.TestExecutor  - Starting testing
INFO    2017-01-22 08:47:05,187 [main] Machines.TestExecutor  - input value = alert
ERROR   2017-01-22 08:47:05,779 [main] Machines.TestExecutor  - FAILNo alert is active (WARNING: The server did not provide any stacktrace information)
Command duration or timeout: 111 milliseconds
Build info: version: 'unknown', revision: '2aa21c1', time: '2016-08-02 14:59:43 -0700'
System info: host: 'Sai', ip: '127.0.0.1', os.name: 'Windows 8.1', os.arch: 'x86', os.version: '6.3', java.version: '1.8.0_101'
Driver info: org.openqa.selenium.ie.InternetExplorerDriver
Capabilities [{browserAttachTimeout=0, ie.enableFullPageScreenshot=true, enablePersistentHover=true, ie.forceCreateProcessApi=false, ie.forceShellWindowsApi=false, pageLoadStrategy=normal, ignoreZoomSetting=false, ie.fileUploadDialogTimeout=3000, version=11, platform=WINDOWS, nativeEvents=true, ie.ensureCleanSession=false, elementScrollBehavior=0, ie.browserCommandLineSwitches=, requireWindowFocus=false, browserName=internet explorer, initialBrowserUrl=http://localhost:22328/, javascriptEnabled=true, ignoreProtectedModeSettings=true, enableElementCacheCleanup=true, unexpectedAlertBehaviour=dismiss}]
Session ID: 213a8756-5ec9-442d-80c5-394f6ece8ee0
INFO    2017-01-22 08:47:05,829 [main] Machines.TestExecutor  - Starting testing
INFO    2017-01-22 08:47:05,916 [main] Machines.TestExecutor  - input value = sleep
INFO    2017-01-22 08:47:09,096 [main] Machines.TestExecutor  - Starting testing
INFO    2017-01-22 08:47:09,278 [main] Machines.TestExecutor  - input value = find element
ERROR   2017-01-22 08:47:15,142 [main] Machines.TestExecutor  - Problem with action on web elementsorg.openqa.selenium.NoSuchElementException: Unable to find element with id == closeUserDataLightBoxBtn (WARNING: The server did not provide any stacktrace information)
Command duration or timeout: 5.26 seconds
For documentation on this error, please visit: http://seleniumhq.org/exceptions/no_such_element.html
Build info: version: 'unknown', revision: '2aa21c1', time: '2016-08-02 14:59:43 -0700'
System info: host: 'Sai', ip: '127.0.0.1', os.name: 'Windows 8.1', os.arch: 'x86', os.version: '6.3', java.version: '1.8.0_101'
Driver info: org.openqa.selenium.ie.InternetExplorerDriver
Capabilities [{browserAttachTimeout=0, ie.enableFullPageScreenshot=true, enablePersistentHover=true, ie.forceCreateProcessApi=false, ie.forceShellWindowsApi=false, pageLoadStrategy=normal, ignoreZoomSetting=false, ie.fileUploadDialogTimeout=3000, version=11, platform=WINDOWS, nativeEvents=true, ie.ensureCleanSession=false, elementScrollBehavior=0, ie.browserCommandLineSwitches=, requireWindowFocus=false, browserName=internet explorer, initialBrowserUrl=http://localhost:22328/, javascriptEnabled=true, ignoreProtectedModeSettings=true, enableElementCacheCleanup=true, unexpectedAlertBehaviour=dismiss}]
Session ID: 213a8756-5ec9-442d-80c5-394f6ece8ee0
*** Element info: {Using=id, value=closeUserDataLightBoxBtn}
INFO    2017-01-22 08:47:15,202 [main] Machines.TestExecutor  - Starting testing
INFO    2017-01-22 08:47:15,288 [main] Machines.TestExecutor  - input value = alert
ERROR   2017-01-22 08:47:15,990 [main] Machines.TestExecutor  - FAILNo alert is active (WARNING: The server did not provide any stacktrace information)
Command duration or timeout: 111 milliseconds
Build info: version: 'unknown', revision: '2aa21c1', time: '2016-08-02 14:59:43 -0700'
System info: host: 'Sai', ip: '127.0.0.1', os.name: 'Windows 8.1', os.arch: 'x86', os.version: '6.3', java.version: '1.8.0_101'
Driver info: org.openqa.selenium.ie.InternetExplorerDriver
Capabilities [{browserAttachTimeout=0, ie.enableFullPageScreenshot=true, enablePersistentHover=true, ie.forceCreateProcessApi=false, ie.forceShellWindowsApi=false, pageLoadStrategy=normal, ignoreZoomSetting=false, ie.fileUploadDialogTimeout=3000, version=11, platform=WINDOWS, nativeEvents=true, ie.ensureCleanSession=false, elementScrollBehavior=0, ie.browserCommandLineSwitches=, requireWindowFocus=false, browserName=internet explorer, initialBrowserUrl=http://localhost:22328/, javascriptEnabled=true, ignoreProtectedModeSettings=true, enableElementCacheCleanup=true, unexpectedAlertBehaviour=dismiss}]
Session ID: 213a8756-5ec9-442d-80c5-394f6ece8ee0
INFO    2017-01-22 08:47:16,038 [main] Machines.TestExecutor  - Starting testing
INFO    2017-01-22 08:47:16,248 [main] Machines.TestExecutor  - input value = find element
ERROR   2017-01-22 08:47:18,012 [main] Machines.TestExecutor  - emty cells in method sheetExecutor java.lang.NullPointerException
INFO    2017-01-22 08:47:18,015 [main] Machines.TestExecutor  - Starting testing
ERROR   2017-01-22 08:47:18,103 [main] Machines.TestExecutor  - inside actionperformer,unable to get input
ERROR   2017-01-22 08:47:18,103 [main] Machines.TestExecutor  - unable to find by id method
ERROR   2017-01-22 08:47:18,171 [main] Machines.TestExecutor  - checkIfCondition in method sheetExecutorjava.lang.NullPointerException
ERROR   2017-01-22 08:47:18,191 [main] Machines.TestExecutor  - breaker in method sheetExecutorjava.lang.NullPointerException
ERROR   2017-01-22 08:47:18,235 [main] Machines.TestExecutor  - checkIfCondition in method sheetExecutorjava.lang.NullPointerException
ERROR   2017-01-22 08:47:18,256 [main] Machines.TestExecutor  - breaker in method sheetExecutorjava.lang.NullPointerException
ERROR   2017-01-22 08:47:18,301 [main] Machines.TestExecutor  - checkIfCondition in method sheetExecutorjava.lang.NullPointerException
ERROR   2017-01-22 08:47:18,325 [main] Machines.TestExecutor  - breaker in method sheetExecutorjava.lang.NullPointerException
ERROR   2017-01-22 08:47:18,370 [main] Machines.TestExecutor  - checkIfCondition in method sheetExecutorjava.lang.NullPointerException
ERROR   2017-01-22 08:47:18,394 [main] Machines.TestExecutor  - breaker in method sheetExecutorjava.lang.NullPointerException
ERROR   2017-01-22 08:47:18,437 [main] Machines.TestExecutor  - checkIfCondition in method sheetExecutorjava.lang.NullPointerException
ERROR   2017-01-22 08:47:18,461 [main] Machines.TestExecutor  - breaker in method sheetExecutorjava.lang.NullPointerException
ERROR   2017-01-22 08:47:18,502 [main] Machines.TestExecutor  - checkIfCondition in method sheetExecutorjava.lang.NullPointerException
ERROR   2017-01-22 08:47:18,525 [main] Machines.TestExecutor  - breaker in method sheetExecutorjava.lang.NullPointerException
ERROR   2017-01-22 08:47:18,565 [main] Machines.TestExecutor  - checkIfCondition in method sheetExecutorjava.lang.NullPointerException
ERROR   2017-01-22 08:47:18,585 [main] Machines.TestExecutor  - breaker in method sheetExecutorjava.lang.NullPointerException
ERROR   2017-01-22 08:47:18,628 [main] Machines.TestExecutor  - checkIfCondition in method sheetExecutorjava.lang.NullPointerException
ERROR   2017-01-22 08:47:18,648 [main] Machines.TestExecutor  - breaker in method sheetExecutorjava.lang.NullPointerException
ERROR   2017-01-22 08:47:18,689 [main] Machines.TestExecutor  - checkIfCondition in method sheetExecutorjava.lang.NullPointerException
ERROR   2017-01-22 08:47:18,709 [main] Machines.TestExecutor  - breaker in method sheetExecutorjava.lang.NullPointerException
ERROR   2017-01-22 08:47:18,752 [main] Machines.TestExecutor  - checkIfCondition in method sheetExecutorjava.lang.NullPointerException
ERROR   2017-01-22 08:47:18,772 [main] Machines.TestExecutor  - breaker in method sheetExecutorjava.lang.NullPointerException
ERROR   2017-01-22 08:47:18,814 [main] Machines.TestExecutor  - checkIfCondition in method sheetExecutorjava.lang.NullPointerException
ERROR   2017-01-22 08:47:18,834 [main] Machines.TestExecutor  - breaker in method sheetExecutorjava.lang.NullPointerException
ERROR   2017-01-22 08:47:18,877 [main] Machines.TestExecutor  - checkIfCondition in method sheetExecutorjava.lang.NullPointerException
ERROR   2017-01-22 08:47:18,898 [main] Machines.TestExecutor  - breaker in method sheetExecutorjava.lang.NullPointerException
ERROR   2017-01-22 08:47:18,942 [main] Machines.TestExecutor  - checkIfCondition in method sheetExecutorjava.lang.NullPointerException
INFO    2017-01-22 08:47:18,965 [main] Machines.TestExecutor  - Starting testing
INFO    2017-01-22 08:47:19,053 [main] Machines.TestExecutor  - input value = executesheet
INFO    2017-01-22 08:47:19,103 [main] Machines.TestExecutor  - executing sheet executor method
ERROR   2017-01-22 08:47:19,148 [main] Machines.TestExecutor  - checkIfCondition in method sheetExecutorjava.lang.NullPointerException
INFO    2017-01-22 08:47:19,170 [main] Machines.TestExecutor  - Starting testing
INFO    2017-01-22 08:47:19,257 [main] Machines.TestExecutor  - input value = geturl
ERROR   2017-01-22 08:47:19,446 [main] Machines.TestExecutor  - emty cells in method sheetExecutor java.lang.NullPointerException
ERROR   2017-01-22 08:47:19,492 [main] Machines.TestExecutor  - checkIfCondition in method sheetExecutorjava.lang.NullPointerException
INFO    2017-01-22 08:47:19,525 [main] Machines.TestExecutor  - Starting testing
INFO    2017-01-22 08:47:19,612 [main] Machines.TestExecutor  - input value = storethiswinhandle
ERROR   2017-01-22 08:47:19,673 [main] Machines.TestExecutor  - emty cells in method sheetExecutor java.lang.NullPointerException
ERROR   2017-01-22 08:47:19,722 [main] Machines.TestExecutor  - checkIfCondition in method sheetExecutorjava.lang.NullPointerException
INFO    2017-01-22 08:47:19,750 [main] Machines.TestExecutor  - Starting testing
INFO    2017-01-22 08:47:19,869 [main] Machines.TestExecutor  - input value = find element
INFO    2017-01-22 09:07:34,106 [main] Machines.DriverBase  - excution sheet path =C:\Users\partha\Desktop\excelLib.xlsx
INFO    2017-01-22 09:07:34,109 [main] Machines.DriverBase  - excution sc reen shot path =C:\Users\partha\Desktop
INFO    2017-01-22 09:07:34,110 [main] Machines.DriverBase  - excution object repository path =C:\Users\partha\Desktop\objectrepository.xlsx
INFO    2017-01-22 09:07:36,022 [main] Machines.DriverBase  - Starting execution in IE
INFO    2017-01-22 09:07:40,620 [main] Machines.TestExecutor  - executing sheet executor method
ERROR   2017-01-22 09:07:40,689 [main] Machines.TestExecutor  - checkIfCondition in method sheetExecutorjava.lang.NullPointerException
INFO    2017-01-22 09:07:40,726 [main] Machines.TestExecutor  - Starting testing
INFO    2017-01-22 09:07:40,847 [main] Machines.TestExecutor  - input value = geturl
ERROR   2017-01-22 09:07:41,062 [main] Machines.TestExecutor  - emty cells in method sheetExecutor java.lang.NullPointerException
ERROR   2017-01-22 09:07:41,132 [main] Machines.TestExecutor  - checkIfCondition in method sheetExecutorjava.lang.NullPointerException
INFO    2017-01-22 09:07:41,167 [main] Machines.TestExecutor  - Starting testing
INFO    2017-01-22 09:07:41,294 [main] Machines.TestExecutor  - input value = storethiswinhandle
INFO    2017-01-22 09:08:14,978 [main] Machines.DriverBase  - excution sheet path =C:\Users\partha\Desktop\excelLib.xlsx
INFO    2017-01-22 09:08:14,982 [main] Machines.DriverBase  - excution sc reen shot path =C:\Users\partha\Desktop
INFO    2017-01-22 09:08:14,982 [main] Machines.DriverBase  - excution object repository path =C:\Users\partha\Desktop\objectrepository.xlsx
INFO    2017-01-22 09:08:16,895 [main] Machines.DriverBase  - Starting execution in IE
INFO    2017-01-22 09:08:21,549 [main] Machines.TestExecutor  - executing sheet executor method
ERROR   2017-01-22 09:08:21,616 [main] Machines.TestExecutor  - checkIfCondition in method sheetExecutorjava.lang.NullPointerException
INFO    2017-01-22 09:08:21,656 [main] Machines.TestExecutor  - Starting testing
INFO    2017-01-22 09:08:21,780 [main] Machines.TestExecutor  - input value = geturl
ERROR   2017-01-22 09:08:21,999 [main] Machines.TestExecutor  - emty cells in method sheetExecutor java.lang.NullPointerException
ERROR   2017-01-22 09:08:22,066 [main] Machines.TestExecutor  - checkIfCondition in method sheetExecutorjava.lang.NullPointerException
INFO    2017-01-22 09:08:22,101 [main] Machines.TestExecutor  - Starting testing
INFO    2017-01-22 09:08:22,227 [main] Machines.TestExecutor  - input value = storethiswinhandle
INFO    2017-01-22 09:08:59,749 [main] Machines.DriverBase  - excution sheet path =C:\Users\partha\Desktop\excelLib.xlsx
INFO    2017-01-22 09:08:59,752 [main] Machines.DriverBase  - excution sc reen shot path =C:\Users\partha\Desktop
INFO    2017-01-22 09:08:59,753 [main] Machines.DriverBase  - excution object repository path =C:\Users\partha\Desktop\objectrepository.xlsx
INFO    2017-01-22 09:09:01,662 [main] Machines.DriverBase  - Starting execution in IE
INFO    2017-01-22 09:09:06,435 [main] Machines.TestExecutor  - executing sheet executor method
ERROR   2017-01-22 09:09:06,503 [main] Machines.TestExecutor  - checkIfCondition in method sheetExecutorjava.lang.NullPointerException
INFO    2017-01-22 09:09:06,542 [main] Machines.TestExecutor  - Starting testing
INFO    2017-01-22 09:09:06,666 [main] Machines.TestExecutor  - input value = geturl
ERROR   2017-01-22 09:09:06,894 [main] Machines.TestExecutor  - emty cells in method sheetExecutor java.lang.NullPointerException
ERROR   2017-01-22 09:09:06,959 [main] Machines.TestExecutor  - checkIfCondition in method sheetExecutorjava.lang.NullPointerException
INFO    2017-01-22 09:09:06,989 [main] Machines.TestExecutor  - Starting testing
INFO    2017-01-22 09:09:07,120 [main] Machines.TestExecutor  - input value = storethiswinhandle
INFO    2017-01-22 10:26:13,696 [main] Machines.DriverBase  - excution sheet path =C:\Users\partha\Desktop\excelLib.xlsx
INFO    2017-01-22 10:26:13,713 [main] Machines.DriverBase  - excution sc reen shot path =C:\Users\partha\Desktop
INFO    2017-01-22 10:26:13,713 [main] Machines.DriverBase  - excution object repository path =C:\Users\partha\Desktop\objectrepository.xlsx
INFO    2017-01-22 10:26:17,181 [main] Machines.DriverBase  - Starting execution in IE
INFO    2017-01-22 10:26:26,896 [main] Machines.TestExecutor  - executing sheet executor method
ERROR   2017-01-22 10:26:27,063 [main] Machines.TestExecutor  - checkIfCondition in method sheetExecutorjava.lang.NullPointerException
INFO    2017-01-22 10:26:27,303 [main] Machines.TestExecutor  - Starting testing
INFO    2017-01-22 10:26:27,455 [main] Machines.TestExecutor  - input value = geturl
ERROR   2017-01-22 10:26:27,704 [main] Machines.TestExecutor  - emty cells in method sheetExecutor java.lang.NullPointerException
ERROR   2017-01-22 10:26:27,765 [main] Machines.TestExecutor  - checkIfCondition in method sheetExecutorjava.lang.NullPointerException
INFO    2017-01-22 10:26:27,800 [main] Machines.TestExecutor  - Starting testing
INFO    2017-01-22 10:26:27,924 [main] Machines.TestExecutor  - input value = storethiswinhandle
INFO    2017-01-22 10:28:41,546 [main] Machines.DriverBase  - excution sheet path =C:\Users\partha\Desktop\excelLib.xlsx
INFO    2017-01-22 10:28:41,550 [main] Machines.DriverBase  - excution sc reen shot path =C:\Users\partha\Desktop
INFO    2017-01-22 10:28:41,551 [main] Machines.DriverBase  - excution object repository path =C:\Users\partha\Desktop\objectrepository.xlsx
INFO    2017-01-22 10:28:43,463 [main] Machines.DriverBase  - Starting execution in IE
INFO    2017-01-22 10:28:48,176 [main] Machines.TestExecutor  - executing sheet executor method
ERROR   2017-01-22 10:28:48,242 [main] Machines.TestExecutor  - checkIfCondition in method sheetExecutorjava.lang.NullPointerException
INFO    2017-01-22 10:28:48,280 [main] Machines.TestExecutor  - Starting testing
INFO    2017-01-22 10:28:48,401 [main] Machines.TestExecutor  - input value = geturl
ERROR   2017-01-22 10:28:48,624 [main] Machines.TestExecutor  - emty cells in method sheetExecutor java.lang.NullPointerException
ERROR   2017-01-22 10:28:48,686 [main] Machines.TestExecutor  - checkIfCondition in method sheetExecutorjava.lang.NullPointerException
INFO    2017-01-22 10:28:48,718 [main] Machines.TestExecutor  - Starting testing
INFO    2017-01-22 10:28:48,850 [main] Machines.TestExecutor  - input value = storethiswinhandle
INFO    2017-01-22 10:33:45,267 [main] Machines.DriverBase  - excution sheet path =C:\Users\partha\Desktop\excelLib.xlsx
INFO    2017-01-22 10:33:45,270 [main] Machines.DriverBase  - excution sc reen shot path =C:\Users\partha\Desktop
INFO    2017-01-22 10:33:45,271 [main] Machines.DriverBase  - excution object repository path =C:\Users\partha\Desktop\objectrepository.xlsx
INFO    2017-01-22 10:33:47,193 [main] Machines.DriverBase  - Starting execution in IE
INFO    2017-01-22 10:33:52,891 [main] Machines.TestExecutor  - executing sheet executor method
ERROR   2017-01-22 10:33:52,958 [main] Machines.TestExecutor  - checkIfCondition in method sheetExecutorjava.lang.NullPointerException
INFO    2017-01-22 10:33:52,996 [main] Machines.TestExecutor  - Starting testing
INFO    2017-01-22 10:33:53,112 [main] Machines.TestExecutor  - input value = geturl
ERROR   2017-01-22 10:33:53,325 [main] Machines.TestExecutor  - emty cells in method sheetExecutor java.lang.NullPointerException
ERROR   2017-01-22 10:33:53,388 [main] Machines.TestExecutor  - checkIfCondition in method sheetExecutorjava.lang.NullPointerException
INFO    2017-01-22 10:33:53,426 [main] Machines.TestExecutor  - Starting testing
INFO    2017-01-22 10:33:53,558 [main] Machines.TestExecutor  - input value = storethiswinhandle
INFO    2017-01-22 10:35:15,016 [main] Machines.DriverBase  - excution sheet path =C:\Users\partha\Desktop\excelLib.xlsx
INFO    2017-01-22 10:35:15,019 [main] Machines.DriverBase  - excution sc reen shot path =C:\Users\partha\Desktop
INFO    2017-01-22 10:35:15,019 [main] Machines.DriverBase  - excution object repository path =C:\Users\partha\Desktop\objectrepository.xlsx
INFO    2017-01-22 10:35:16,840 [main] Machines.DriverBase  - Starting execution in IE
INFO    2017-01-22 10:35:21,686 [main] Machines.TestExecutor  - executing sheet executor method
ERROR   2017-01-22 10:35:21,764 [main] Machines.TestExecutor  - checkIfCondition in method sheetExecutorjava.lang.NullPointerException
INFO    2017-01-22 10:35:21,810 [main] Machines.TestExecutor  - Starting testing
INFO    2017-01-22 10:35:22,143 [main] Machines.TestExecutor  - input value = geturl
ERROR   2017-01-22 10:35:22,375 [main] Machines.TestExecutor  - emty cells in method sheetExecutor java.lang.NullPointerException
ERROR   2017-01-22 10:35:22,440 [main] Machines.TestExecutor  - checkIfCondition in method sheetExecutorjava.lang.NullPointerException
INFO    2017-01-22 10:35:22,481 [main] Machines.TestExecutor  - Starting testing
INFO    2017-01-22 10:35:22,623 [main] Machines.TestExecutor  - input value = storethiswinhandle
INFO    2017-01-22 10:35:46,026 [main] Machines.DriverBase  - excution sheet path =C:\Users\partha\Desktop\excelLib.xlsx
INFO    2017-01-22 10:35:46,029 [main] Machines.DriverBase  - excution sc reen shot path =C:\Users\partha\Desktop
INFO    2017-01-22 10:35:46,030 [main] Machines.DriverBase  - excution object repository path =C:\Users\partha\Desktop\objectrepository.xlsx
INFO    2017-01-22 10:35:48,043 [main] Machines.DriverBase  - Starting execution in IE
INFO    2017-01-22 10:35:52,756 [main] Machines.TestExecutor  - executing sheet executor method
ERROR   2017-01-22 10:35:52,822 [main] Machines.TestExecutor  - checkIfCondition in method sheetExecutorjava.lang.NullPointerException
INFO    2017-01-22 10:35:52,862 [main] Machines.TestExecutor  - Starting testing
INFO    2017-01-22 10:35:52,982 [main] Machines.TestExecutor  - input value = geturl
ERROR   2017-01-22 10:35:53,209 [main] Machines.TestExecutor  - emty cells in method sheetExecutor java.lang.NullPointerException
ERROR   2017-01-22 10:35:53,275 [main] Machines.TestExecutor  - checkIfCondition in method sheetExecutorjava.lang.NullPointerException
INFO    2017-01-22 10:35:53,312 [main] Machines.TestExecutor  - Starting testing
INFO    2017-01-22 10:35:53,443 [main] Machines.TestExecutor  - input value = storethiswinhandle
INFO    2017-01-22 10:45:10,936 [main] Machines.DriverBase  - excution sheet path =C:\Users\partha\Desktop\excelLib.xlsx
INFO    2017-01-22 10:45:10,939 [main] Machines.DriverBase  - excution sc reen shot path =C:\Users\partha\Desktop
INFO    2017-01-22 10:45:10,940 [main] Machines.DriverBase  - excution object repository path =C:\Users\partha\Desktop\objectrepository.xlsx
INFO    2017-01-22 10:45:12,884 [main] Machines.DriverBase  - Starting execution in IE
INFO    2017-01-22 10:45:18,526 [main] Machines.TestExecutor  - executing sheet executor method
ERROR   2017-01-22 10:45:18,594 [main] Machines.TestExecutor  - checkIfCondition in method sheetExecutorjava.lang.NullPointerException
INFO    2017-01-22 10:45:18,637 [main] Machines.TestExecutor  - Starting testing
INFO    2017-01-22 10:45:18,758 [main] Machines.TestExecutor  - input value = geturl
ERROR   2017-01-22 10:45:18,993 [main] Machines.TestExecutor  - emty cells in method sheetExecutor java.lang.NullPointerException
ERROR   2017-01-22 10:45:19,056 [main] Machines.TestExecutor  - checkIfCondition in method sheetExecutorjava.lang.NullPointerException
INFO    2017-01-22 10:45:19,087 [main] Machines.TestExecutor  - Starting testing
INFO    2017-01-22 10:45:19,215 [main] Machines.TestExecutor  - input value = storethiswinhandle
