[INFO  - 2016-11-13T04:34:45.866Z] GhostDriver - Main - running on port 46642
[INFO  - 2016-11-13T04:34:46.886Z] Session [81a6ec90-a95a-11e6-809a-3772e2cde52b] - page.settings - {"XSSAuditingEnabled":false,"javascriptCanCloseWindows":true,"javascriptCanOpenWindows":true,"javascriptEnabled":true,"loadImages":true,"localToRemoteUrlAccessEnabled":false,"userAgent":"Mozilla/5.0 (Windows NT 6.2) AppleWebKit/538.1 (KHTML, like Gecko) PhantomJS/2.1.1 Safari/538.1","webSecurityEnabled":true}
[INFO  - 2016-11-13T04:34:46.886Z] Session [81a6ec90-a95a-11e6-809a-3772e2cde52b] - page.customHeaders:  - {}
[INFO  - 2016-11-13T04:34:46.887Z] Session [81a6ec90-a95a-11e6-809a-3772e2cde52b] - Session.negotiatedCapabilities - {"browserName":"phantomjs","version":"2.1.1","driverName":"ghostdriver","driverVersion":"1.2.0","platform":"windows-8.1-32bit","javascriptEnabled":true,"takesScreenshot":true,"handlesAlerts":false,"databaseEnabled":false,"locationContextEnabled":false,"applicationCacheEnabled":false,"browserConnectionEnabled":false,"cssSelectorsEnabled":true,"webStorageEnabled":false,"rotatable":false,"acceptSslCerts":false,"nativeEvents":true,"proxy":{"proxyType":"direct"}}
[INFO  - 2016-11-13T04:34:46.887Z] SessionManagerReqHand - _postNewSessionCommand - New Session Created: 81a6ec90-a95a-11e6-809a-3772e2cde52b
[INFO  - 2016-11-13T04:34:51.951Z] ShutdownReqHand - _handle - About to shutdown
[INFO  - 2016-11-13T04:36:32.890Z] GhostDriver - Main - running on port 15826
[INFO  - 2016-11-13T04:36:33.564Z] Session [c13cb1f0-a95a-11e6-84ce-6bd37543ec6f] - page.settings - {"XSSAuditingEnabled":false,"javascriptCanCloseWindows":true,"javascriptCanOpenWindows":true,"javascriptEnabled":true,"loadImages":true,"localToRemoteUrlAccessEnabled":false,"userAgent":"Mozilla/5.0 (Windows NT 6.2) AppleWebKit/538.1 (KHTML, like Gecko) PhantomJS/2.1.1 Safari/538.1","webSecurityEnabled":true}
[INFO  - 2016-11-13T04:36:33.564Z] Session [c13cb1f0-a95a-11e6-84ce-6bd37543ec6f] - page.customHeaders:  - {}
[INFO  - 2016-11-13T04:36:33.565Z] Session [c13cb1f0-a95a-11e6-84ce-6bd37543ec6f] - Session.negotiatedCapabilities - {"browserName":"phantomjs","version":"2.1.1","driverName":"ghostdriver","driverVersion":"1.2.0","platform":"windows-8.1-32bit","javascriptEnabled":true,"takesScreenshot":true,"handlesAlerts":false,"databaseEnabled":false,"locationContextEnabled":false,"applicationCacheEnabled":false,"browserConnectionEnabled":false,"cssSelectorsEnabled":true,"webStorageEnabled":false,"rotatable":false,"acceptSslCerts":false,"nativeEvents":true,"proxy":{"proxyType":"direct"}}
[INFO  - 2016-11-13T04:36:33.565Z] SessionManagerReqHand - _postNewSessionCommand - New Session Created: c13cb1f0-a95a-11e6-84ce-6bd37543ec6f
[INFO  - 2016-11-22T04:21:57.388Z] GhostDriver - Main - running on port 7318
[INFO  - 2016-11-22T04:21:58.396Z] Session [355040e0-b06b-11e6-9b71-1bdc1129420f] - page.settings - {"XSSAuditingEnabled":false,"javascriptCanCloseWindows":true,"javascriptCanOpenWindows":true,"javascriptEnabled":true,"loadImages":true,"localToRemoteUrlAccessEnabled":false,"userAgent":"Mozilla/5.0 (Windows NT 6.2) AppleWebKit/538.1 (KHTML, like Gecko) PhantomJS/2.1.1 Safari/538.1","webSecurityEnabled":true}
[INFO  - 2016-11-22T04:21:58.396Z] Session [355040e0-b06b-11e6-9b71-1bdc1129420f] - page.customHeaders:  - {}
[INFO  - 2016-11-22T04:21:58.396Z] Session [355040e0-b06b-11e6-9b71-1bdc1129420f] - Session.negotiatedCapabilities - {"browserName":"phantomjs","version":"2.1.1","driverName":"ghostdriver","driverVersion":"1.2.0","platform":"windows-8.1-32bit","javascriptEnabled":true,"takesScreenshot":true,"handlesAlerts":false,"databaseEnabled":false,"locationContextEnabled":false,"applicationCacheEnabled":false,"browserConnectionEnabled":false,"cssSelectorsEnabled":true,"webStorageEnabled":false,"rotatable":false,"acceptSslCerts":false,"nativeEvents":true,"proxy":{"proxyType":"direct"}}
[INFO  - 2016-11-22T04:21:58.397Z] SessionManagerReqHand - _postNewSessionCommand - New Session Created: 355040e0-b06b-11e6-9b71-1bdc1129420f
[INFO  - 2016-11-22T04:21:58.635Z] Session [355040e0-b06b-11e6-9b71-1bdc1129420f] - page.settings - {"XSSAuditingEnabled":false,"javascriptCanCloseWindows":true,"javascriptCanOpenWindows":true,"javascriptEnabled":true,"loadImages":true,"localToRemoteUrlAccessEnabled":false,"userAgent":"Mozilla/5.0 (Windows NT 6.2) AppleWebKit/538.1 (KHTML, like Gecko) PhantomJS/2.1.1 Safari/538.1","webSecurityEnabled":true}
[INFO  - 2016-11-22T04:21:58.636Z] Session [355040e0-b06b-11e6-9b71-1bdc1129420f] - page.customHeaders:  - {}
[INFO  - 2016-11-22T04:22:05.422Z] ShutdownReqHand - _handle - About to shutdown
[INFO  - 2016-11-22T04:25:48.102Z] GhostDriver - Main - running on port 42740
[INFO  - 2016-11-22T04:25:49.143Z] Session [bed9c1b0-b06b-11e6-a28d-89699a5b4774] - page.settings - {"XSSAuditingEnabled":false,"javascriptCanCloseWindows":true,"javascriptCanOpenWindows":true,"javascriptEnabled":true,"loadImages":true,"localToRemoteUrlAccessEnabled":false,"userAgent":"Mozilla/5.0 (Windows NT 6.2) AppleWebKit/538.1 (KHTML, like Gecko) PhantomJS/2.1.1 Safari/538.1","webSecurityEnabled":true}
[INFO  - 2016-11-22T04:25:49.144Z] Session [bed9c1b0-b06b-11e6-a28d-89699a5b4774] - page.customHeaders:  - {}
[INFO  - 2016-11-22T04:25:49.144Z] Session [bed9c1b0-b06b-11e6-a28d-89699a5b4774] - Session.negotiatedCapabilities - {"browserName":"phantomjs","version":"2.1.1","driverName":"ghostdriver","driverVersion":"1.2.0","platform":"windows-8.1-32bit","javascriptEnabled":true,"takesScreenshot":true,"handlesAlerts":false,"databaseEnabled":false,"locationContextEnabled":false,"applicationCacheEnabled":false,"browserConnectionEnabled":false,"cssSelectorsEnabled":true,"webStorageEnabled":false,"rotatable":false,"acceptSslCerts":false,"nativeEvents":true,"proxy":{"proxyType":"direct"}}
[INFO  - 2016-11-22T04:25:49.145Z] SessionManagerReqHand - _postNewSessionCommand - New Session Created: bed9c1b0-b06b-11e6-a28d-89699a5b4774
[INFO  - 2016-11-22T04:27:13.654Z] GhostDriver - Main - running on port 27363
[INFO  - 2016-11-22T04:27:14.936Z] Session [f1fc93b0-b06b-11e6-9f65-1f2375ea1371] - page.settings - {"XSSAuditingEnabled":false,"javascriptCanCloseWindows":true,"javascriptCanOpenWindows":true,"javascriptEnabled":true,"loadImages":true,"localToRemoteUrlAccessEnabled":false,"userAgent":"Mozilla/5.0 (Windows NT 6.2) AppleWebKit/538.1 (KHTML, like Gecko) PhantomJS/2.1.1 Safari/538.1","webSecurityEnabled":true}
[INFO  - 2016-11-22T04:27:14.936Z] Session [f1fc93b0-b06b-11e6-9f65-1f2375ea1371] - page.customHeaders:  - {}
[INFO  - 2016-11-22T04:27:14.937Z] Session [f1fc93b0-b06b-11e6-9f65-1f2375ea1371] - Session.negotiatedCapabilities - {"browserName":"phantomjs","version":"2.1.1","driverName":"ghostdriver","driverVersion":"1.2.0","platform":"windows-8.1-32bit","javascriptEnabled":true,"takesScreenshot":true,"handlesAlerts":false,"databaseEnabled":false,"locationContextEnabled":false,"applicationCacheEnabled":false,"browserConnectionEnabled":false,"cssSelectorsEnabled":true,"webStorageEnabled":false,"rotatable":false,"acceptSslCerts":false,"nativeEvents":true,"proxy":{"proxyType":"direct"}}
[INFO  - 2016-11-22T04:27:14.938Z] SessionManagerReqHand - _postNewSessionCommand - New Session Created: f1fc93b0-b06b-11e6-9f65-1f2375ea1371
[INFO  - 2016-11-22T04:30:31.317Z] GhostDriver - Main - running on port 41139
[INFO  - 2016-11-22T04:30:32.277Z] Session [679c1e60-b06c-11e6-8bee-a9393a6ebb12] - page.settings - {"XSSAuditingEnabled":false,"javascriptCanCloseWindows":true,"javascriptCanOpenWindows":true,"javascriptEnabled":true,"loadImages":true,"localToRemoteUrlAccessEnabled":false,"userAgent":"Mozilla/5.0 (Windows NT 6.2) AppleWebKit/538.1 (KHTML, like Gecko) PhantomJS/2.1.1 Safari/538.1","webSecurityEnabled":true}
[INFO  - 2016-11-22T04:30:32.277Z] Session [679c1e60-b06c-11e6-8bee-a9393a6ebb12] - page.customHeaders:  - {}
[INFO  - 2016-11-22T04:30:32.278Z] Session [679c1e60-b06c-11e6-8bee-a9393a6ebb12] - Session.negotiatedCapabilities - {"browserName":"phantomjs","version":"2.1.1","driverName":"ghostdriver","driverVersion":"1.2.0","platform":"windows-8.1-32bit","javascriptEnabled":true,"takesScreenshot":true,"handlesAlerts":false,"databaseEnabled":false,"locationContextEnabled":false,"applicationCacheEnabled":false,"browserConnectionEnabled":false,"cssSelectorsEnabled":true,"webStorageEnabled":false,"rotatable":false,"acceptSslCerts":false,"nativeEvents":true,"proxy":{"proxyType":"direct"}}
[INFO  - 2016-11-22T04:30:32.278Z] SessionManagerReqHand - _postNewSessionCommand - New Session Created: 679c1e60-b06c-11e6-8bee-a9393a6ebb12
[INFO  - 2016-11-22T04:30:32.726Z] Session [679c1e60-b06c-11e6-8bee-a9393a6ebb12] - page.settings - {"XSSAuditingEnabled":false,"javascriptCanCloseWindows":true,"javascriptCanOpenWindows":true,"javascriptEnabled":true,"loadImages":true,"localToRemoteUrlAccessEnabled":false,"userAgent":"Mozilla/5.0 (Windows NT 6.2) AppleWebKit/538.1 (KHTML, like Gecko) PhantomJS/2.1.1 Safari/538.1","webSecurityEnabled":true}
[INFO  - 2016-11-22T04:30:32.726Z] Session [679c1e60-b06c-11e6-8bee-a9393a6ebb12] - page.customHeaders:  - {}
[INFO  - 2016-11-22T04:30:40.858Z] ShutdownReqHand - _handle - About to shutdown
[INFO  - 2016-11-22T04:31:48.527Z] GhostDriver - Main - running on port 5593
[INFO  - 2016-11-22T04:31:49.672Z] Session [95bdf6b0-b06c-11e6-9cbd-a58d4715d7f5] - page.settings - {"XSSAuditingEnabled":false,"javascriptCanCloseWindows":true,"javascriptCanOpenWindows":true,"javascriptEnabled":true,"loadImages":true,"localToRemoteUrlAccessEnabled":false,"userAgent":"Mozilla/5.0 (Windows NT 6.2) AppleWebKit/538.1 (KHTML, like Gecko) PhantomJS/2.1.1 Safari/538.1","webSecurityEnabled":true}
[INFO  - 2016-11-22T04:31:49.672Z] Session [95bdf6b0-b06c-11e6-9cbd-a58d4715d7f5] - page.customHeaders:  - {}
[INFO  - 2016-11-22T04:31:49.673Z] Session [95bdf6b0-b06c-11e6-9cbd-a58d4715d7f5] - Session.negotiatedCapabilities - {"browserName":"phantomjs","version":"2.1.1","driverName":"ghostdriver","driverVersion":"1.2.0","platform":"windows-8.1-32bit","javascriptEnabled":true,"takesScreenshot":true,"handlesAlerts":false,"databaseEnabled":false,"locationContextEnabled":false,"applicationCacheEnabled":false,"browserConnectionEnabled":false,"cssSelectorsEnabled":true,"webStorageEnabled":false,"rotatable":false,"acceptSslCerts":false,"nativeEvents":true,"proxy":{"proxyType":"direct"}}
[INFO  - 2016-11-22T04:31:49.673Z] SessionManagerReqHand - _postNewSessionCommand - New Session Created: 95bdf6b0-b06c-11e6-9cbd-a58d4715d7f5
[INFO  - 2016-11-22T04:31:49.985Z] Session [95bdf6b0-b06c-11e6-9cbd-a58d4715d7f5] - page.settings - {"XSSAuditingEnabled":false,"javascriptCanCloseWindows":true,"javascriptCanOpenWindows":true,"javascriptEnabled":true,"loadImages":true,"localToRemoteUrlAccessEnabled":false,"userAgent":"Mozilla/5.0 (Windows NT 6.2) AppleWebKit/538.1 (KHTML, like Gecko) PhantomJS/2.1.1 Safari/538.1","webSecurityEnabled":true}
[INFO  - 2016-11-22T04:31:49.985Z] Session [95bdf6b0-b06c-11e6-9cbd-a58d4715d7f5] - page.customHeaders:  - {}
[ERROR - 2016-11-22T04:31:58.095Z] RouterReqHand - _handle.error - {"errorStatusCode":23,"name":"NoSuchWindow","message":"{\"errorMessage\":\"Currently Window handle/name is invalid (closed?)\",\"request\":{\"headers\":{\"Accept-Encoding\":\"gzip,deflate\",\"Cache-Control\":\"no-cache\",\"Connection\":\"Keep-Alive\",\"Host\":\"localhost:5593\",\"User-Agent\":\"Apache-HttpClient/4.5.2 (Java/1.8.0_101)\"},\"httpVersion\":\"1.1\",\"method\":\"GET\",\"url\":\"/title\",\"urlParsed\":{\"anchor\":\"\",\"query\":\"\",\"file\":\"title\",\"directory\":\"/\",\"path\":\"/title\",\"relative\":\"/title\",\"port\":\"\",\"host\":\"\",\"password\":\"\",\"user\":\"\",\"userInfo\":\"\",\"authority\":\"\",\"protocol\":\"\",\"source\":\"/title\",\"queryKey\":{},\"chunks\":[\"title\"]},\"urlOriginal\":\"/session/95bdf6b0-b06c-11e6-9cbd-a58d4715d7f5/title\"}}","errorSessionId":"95bdf6b0-b06c-11e6-9cbd-a58d4715d7f5","errorClassName":"org.openqa.selenium.NoSuchWindowException","errorScreenshot":"","line":182,"sourceURL":"phantomjs://code/request_handler.js","stack":"_getSessionWindow@phantomjs://code/request_handler.js:182:114\n_getSessionCurrWindow@phantomjs://code/request_handler.js:162:33\n_getTitleCommand@phantomjs://code/session_request_handler.js:857:77\n_handle@phantomjs://code/session_request_handler.js:127:29\n_reroute@phantomjs://code/request_handler.js:61:20\n_handle@phantomjs://code/router_request_handler.js:78:46"}
[INFO  - 2016-11-22T04:36:48.991Z] SessionManagerReqHand - _cleanupWindowlessSessions - Asynchronous Sessions clean-up phase starting NOW
[INFO  - 2016-11-22T04:41:49.004Z] SessionManagerReqHand - _cleanupWindowlessSessions - Asynchronous Sessions clean-up phase starting NOW
[INFO  - 2016-11-22T04:46:49.005Z] SessionManagerReqHand - _cleanupWindowlessSessions - Asynchronous Sessions clean-up phase starting NOW
[INFO  - 2016-11-22T04:51:49.010Z] SessionManagerReqHand - _cleanupWindowlessSessions - Asynchronous Sessions clean-up phase starting NOW
[INFO  - 2016-11-22T04:56:49.010Z] SessionManagerReqHand - _cleanupWindowlessSessions - Asynchronous Sessions clean-up phase starting NOW
[INFO  - 2016-11-22T05:01:49.013Z] SessionManagerReqHand - _cleanupWindowlessSessions - Asynchronous Sessions clean-up phase starting NOW
ows-8.1-32bit","javascriptEnabled":true,"takesScreenshot":true,"handlesAlerts":false,"databaseEnabled":false,"locationContextEnabled":false,"applicationCacheEnabled":false,"browserConnectionEnabled":false,"cssSelectorsEnabled":true,"webStorageEnabled":false,"rotatable":false,"acceptSslCerts":false,"nativeEvents":true,"proxy":{"proxyType":"direct"}}
[INFO  - 2016-11-22T04:32:32.254Z] SessionManagerReqHand - _postNewSessionCommand - New Session Created: af1f4f00-b06c-11e6-a67d-2db9135b0172
[INFO  - 2016-11-22T04:32:32.486Z] Session [af1f4f00-b06c-11e6-a67d-2db9135b0172] - page.settings - {"XSSAuditingEnabled":false,"javascriptCanCloseWindows":true,"javascriptCanOpenWindows":true,"javascriptEnabled":true,"loadImages":true,"localToRemoteUrlAccessEnabled":false,"userAgent":"Mozilla/5.0 (Windows NT 6.2) AppleWebKit/538.1 (KHTML, like Gecko) PhantomJS/2.1.1 Safari/538.1","webSecurityEnabled":true}
[INFO  - 2016-11-22T04:32:32.486Z] Session [af1f4f00-b06c-11e6-a67d-2db9135b0172] - page.customHeaders:  - {}
[INFO  - 2016-11-22T04:32:40.619Z] ShutdownReqHand - _handle - About to shutdown
[INFO  - 2016-11-22T04:39:40.648Z] GhostDriver - Main - running on port 30296
[INFO  - 2016-11-22T04:39:41.056Z] Session [aeb57430-b06d-11e6-b2db-ddd1e3d123bd] - page.settings - {"XSSAuditingEnabled":false,"javascriptCanCloseWindows":true,"javascriptCanOpenWindows":true,"javascriptEnabled":true,"loadImages":true,"localToRemoteUrlAccessEnabled":false,"userAgent":"Mozilla/5.0 (Windows NT 6.2) AppleWebKit/538.1 (KHTML, like Gecko) PhantomJS/2.1.1 Safari/538.1","webSecurityEnabled":true}
[INFO  - 2016-11-22T04:39:41.056Z] Session [aeb57430-b06d-11e6-b2db-ddd1e3d123bd] - page.customHeaders:  - {}
[INFO  - 2016-11-22T04:39:41.057Z] Session [aeb57430-b06d-11e6-b2db-ddd1e3d123bd] - Session.negotiatedCapabilities - {"browserName":"phantomjs","version":"2.1.1","driverName":"ghostdriver","driverVersion":"1.2.0","platform":"windows-8.1-32bit","javascriptEnabled":true,"takesScreenshot":true,"handlesAlerts":false,"databaseEnabled":false,"locationContextEnabled":false,"applicationCacheEnabled":false,"browserConnectionEnabled":false,"cssSelectorsEnabled":true,"webStorageEnabled":false,"rotatable":false,"acceptSslCerts":false,"nativeEvents":true,"proxy":{"proxyType":"direct"}}
[INFO  - 2016-11-22T04:39:41.057Z] SessionManagerReqHand - _postNewSessionCommand - New Session Created: aeb57430-b06d-11e6-b2db-ddd1e3d123bd
[INFO  - 2016-11-22T04:39:41.300Z] Session [aeb57430-b06d-11e6-b2db-ddd1e3d123bd] - page.settings - {"XSSAuditingEnabled":false,"javascriptCanCloseWindows":true,"javascriptCanOpenWindows":true,"javascriptEnabled":true,"loadImages":true,"localToRemoteUrlAccessEnabled":false,"userAgent":"Mozilla/5.0 (Windows NT 6.2) AppleWebKit/538.1 (KHTML, like Gecko) PhantomJS/2.1.1 Safari/538.1","webSecurityEnabled":true}
[INFO  - 2016-11-22T04:39:41.301Z] Session [aeb57430-b06d-11e6-b2db-ddd1e3d123bd] - page.customHeaders:  - {}
[ERROR - 2016-11-22T04:39:45.490Z] RouterReqHand - _handle.error - {"errorStatusCode":23,"name":"NoSuchWindow","message":"{\"errorMessage\":\"Unable to switch to window (closed?)\",\"request\":{\"headers\":{\"Accept-Encoding\":\"gzip,deflate\",\"Connection\":\"Keep-Alive\",\"Content-Length\":\"47\",\"Content-Type\":\"application/json; charset=utf-8\",\"Host\":\"localhost:30296\",\"User-Agent\":\"Apache-HttpClient/4.5.2 (Java/1.8.0_101)\"},\"httpVersion\":\"1.1\",\"method\":\"POST\",\"post\":\"{\\\"name\\\":\\\"aeb721e0-b06d-11e6-b2db-ddd1e3d123bd\\\"}\",\"url\":\"/window\",\"urlParsed\":{\"anchor\":\"\",\"query\":\"\",\"file\":\"window\",\"directory\":\"/\",\"path\":\"/window\",\"relative\":\"/window\",\"port\":\"\",\"host\":\"\",\"password\":\"\",\"user\":\"\",\"userInfo\":\"\",\"authority\":\"\",\"protocol\":\"\",\"source\":\"/window\",\"queryKey\":{},\"chunks\":[\"window\"]},\"urlOriginal\":\"/session/aeb57430-b06d-11e6-b2db-ddd1e3d123bd/window\"}}","errorSessionId":"aeb57430-b06d-11e6-b2db-ddd1e3d123bd","errorClassName":"org.openqa.selenium.NoSuchWindowException","errorScreenshot":"","line":849,"sourceURL":"phantomjs://code/session_request_handler.js","stack":"_postWindowCommand@phantomjs://code/session_request_handler.js:849:30\n_handle@phantomjs://code/session_request_handler.js:101:35\n_reroute@phantomjs://code/request_handler.js:61:20\n_handle@phantomjs://code/router_request_handler.js:78:46"}
[INFO  - 2016-11-22T04:44:40.646Z] SessionManagerReqHand - _cleanupWindowlessSessions - Asynchronous Sessions clean-up phase starting NOW
[INFO  - 2016-11-22T04:49:40.663Z] SessionManagerReqHand - _cleanupWindowlessSessions - Asynchronous Sessions clean-up phase starting NOW
[INFO  - 2016-11-22T04:54:40.676Z] SessionManagerReqHand - _cleanupWindowlessSessions - Asynchronous Sessions clean-up phase starting NOW
[INFO  - 2016-11-22T04:59:40.685Z] SessionManagerReqHand - _cleanupWindowlessSessions - Asynchronous Sessions clean-up phase starting NOW
[INFO  - 2016-11-25T04:08:06.660Z] GhostDriver - Main - running on port 30978
[INFO  - 2016-11-25T04:08:07.406Z] Session [c53ecc20-b2c4-11e6-b062-b1c1455c8028] - page.settings - {"XSSAuditingEnabled":false,"javascriptCanCloseWindows":true,"javascriptCanOpenWindows":true,"javascriptEnabled":true,"loadImages":true,"localToRemoteUrlAccessEnabled":false,"userAgent":"Mozilla/5.0 (Windows NT 6.2) AppleWebKit/538.1 (KHTML, like Gecko) PhantomJS/2.1.1 Safari/538.1","webSecurityEnabled":true}
[INFO  - 2016-11-25T04:08:07.406Z] Session [c53ecc20-b2c4-11e6-b062-b1c1455c8028] - page.customHeaders:  - {}
[INFO  - 2016-11-25T04:08:07.407Z] Session [c53ecc20-b2c4-11e6-b062-b1c1455c8028] - Session.negotiatedCapabilities - {"browserName":"phantomjs","version":"2.1.1","driverName":"ghostdriver","driverVersion":"1.2.0","platform":"windows-8.1-32bit","javascriptEnabled":true,"takesScreenshot":true,"handlesAlerts":false,"databaseEnabled":false,"locationContextEnabled":false,"applicationCacheEnabled":false,"browserConnectionEnabled":false,"cssSelectorsEnabled":true,"webStorageEnabled":false,"rotatable":false,"acceptSslCerts":false,"nativeEvents":true,"proxy":{"proxyType":"direct"}}
[INFO  - 2016-11-25T04:08:07.407Z] SessionManagerReqHand - _postNewSessionCommand - New Session Created: c53ecc20-b2c4-11e6-b062-b1c1455c8028
[INFO  - 2016-11-25T04:08:07.762Z] Session [c53ecc20-b2c4-11e6-b062-b1c1455c8028] - page.settings - {"XSSAuditingEnabled":false,"javascriptCanCloseWindows":true,"javascriptCanOpenWindows":true,"javascriptEnabled":true,"loadImages":true,"localToRemoteUrlAccessEnabled":false,"userAgent":"Mozilla/5.0 (Windows NT 6.2) AppleWebKit/538.1 (KHTML, like Gecko) PhantomJS/2.1.1 Safari/538.1","webSecurityEnabled":true}
[INFO  - 2016-11-25T04:08:07.762Z] Session [c53ecc20-b2c4-11e6-b062-b1c1455c8028] - page.customHeaders:  - {}
[ERROR - 2016-11-25T04:08:11.965Z] RouterReqHand - _handle.error - {"errorStatusCode":23,"name":"NoSuchWindow","message":"{\"errorMessage\":\"Unable to switch to window (closed?)\",\"request\":{\"headers\":{\"Accept-Encoding\":\"gzip,deflate\",\"Connection\":\"Keep-Alive\",\"Content-Length\":\"47\",\"Content-Type\":\"application/json; charset=utf-8\",\"Host\":\"localhost:30978\",\"User-Agent\":\"Apache-HttpClient/4.5.2 (Java/1.8.0_101)\"},\"httpVersion\":\"1.1\",\"method\":\"POST\",\"post\":\"{\\\"name\\\":\\\"c54052c0-b2c4-11e6-b062-b1c1455c8028\\\"}\",\"url\":\"/window\",\"urlParsed\":{\"anchor\":\"\",\"query\":\"\",\"file\":\"window\",\"directory\":\"/\",\"path\":\"/window\",\"relative\":\"/window\",\"port\":\"\",\"host\":\"\",\"password\":\"\",\"user\":\"\",\"userInfo\":\"\",\"authority\":\"\",\"protocol\":\"\",\"source\":\"/window\",\"queryKey\":{},\"chunks\":[\"window\"]},\"urlOriginal\":\"/session/c53ecc20-b2c4-11e6-b062-b1c1455c8028/window\"}}","errorSessionId":"c53ecc20-b2c4-11e6-b062-b1c1455c8028","errorClassName":"org.openqa.selenium.NoSuchWindowException","errorScreenshot":"","line":849,"sourceURL":"phantomjs://code/session_request_handler.js","stack":"_postWindowCommand@phantomjs://code/session_request_handler.js:849:30\n_handle@phantomjs://code/session_request_handler.js:101:35\n_reroute@phantomjs://code/request_handler.js:61:20\n_handle@phantomjs://code/router_request_handler.js:78:46"}
[INFO  - 2016-11-25T04:13:06.896Z] SessionManagerReqHand - _cleanupWindowlessSessions - Asynchronous Sessions clean-up phase starting NOW
[INFO  - 2016-11-25T04:14:41.184Z] GhostDriver - Main - running on port 1364
[INFO  - 2016-11-25T04:14:41.678Z] Session [b03fee20-b2c5-11e6-a6d2-5b10f93e3a8d] - page.settings - {"XSSAuditingEnabled":false,"javascriptCanCloseWindows":true,"javascriptCanOpenWindows":true,"javascriptEnabled":true,"loadImages":true,"localToRemoteUrlAccessEnabled":false,"userAgent":"Mozilla/5.0 (Windows NT 6.2) AppleWebKit/538.1 (KHTML, like Gecko) PhantomJS/2.1.1 Safari/538.1","webSecurityEnabled":true}
[INFO  - 2016-11-25T04:14:41.679Z] Session [b03fee20-b2c5-11e6-a6d2-5b10f93e3a8d] - page.customHeaders:  - {}
[INFO  - 2016-11-25T04:14:41.679Z] Session [b03fee20-b2c5-11e6-a6d2-5b10f93e3a8d] - Session.negotiatedCapabilities - {"browserName":"phantomjs","version":"2.1.1","driverName":"ghostdriver","driverVersion":"1.2.0","platform":"windows-8.1-32bit","javascriptEnabled":true,"takesScreenshot":true,"handlesAlerts":false,"databaseEnabled":false,"locationContextEnabled":false,"applicationCacheEnabled":false,"browserConnectionEnabled":false,"cssSelectorsEnabled":true,"webStorageEnabled":false,"rotatable":false,"acceptSslCerts":false,"nativeEvents":true,"proxy":{"proxyType":"direct"}}
[INFO  - 2016-11-25T04:14:41.679Z] SessionManagerReqHand - _postNewSessionCommand - New Session Created: b03fee20-b2c5-11e6-a6d2-5b10f93e3a8d
[INFO  - 2016-11-25T04:19:41.681Z] SessionManagerReqHand - _cleanupWindowlessSessions - Asynchronous Sessions clean-up phase starting NOW
[INFO  - 2016-11-25T04:24:41.682Z] SessionManagerReqHand - _cleanupWindowlessSessions - Asynchronous Sessions clean-up phase starting NOW
[INFO  - 2016-11-25T04:29:41.683Z] SessionManagerReqHand - _cleanupWindowlessSessions - Asynchronous Sessions clean-up phase starting NOW
[INFO  - 2016-11-25T04:34:41.683Z] SessionManagerReqHand - _cleanupWindowlessSessions - Asynchronous Sessions clean-up phase starting NOW
[INFO  - 2016-11-25T04:39:41.683Z] SessionManagerReqHand - _cleanupWindowlessSessions - Asynchronous Sessions clean-up phase starting NOW
[INFO  - 2016-11-25T04:44:41.683Z] SessionManagerReqHand - _cleanupWindowlessSessions - Asynchronous Sessions clean-up phase starting NOW
[INFO  - 2016-11-25T04:49:41.682Z] SessionManagerReqHand - _cleanupWindowlessSessions - Asynchronous Sessions clean-up phase starting NOW
[INFO  - 2016-11-25T04:54:41.681Z] SessionManagerReqHand - _cleanupWindowlessSessions - Asynchronous Sessions clean-up phase starting NOW
[INFO  - 2016-11-25T04:59:41.683Z] SessionManagerReqHand - _cleanupWindowlessSessions - Asynchronous Sessions clean-up phase starting NOW
[INFO  - 2016-11-25T05:04:41.683Z] SessionManagerReqHand - _cleanupWindowlessSessions - Asynchronous Sessions clean-up phase starting NOW
[INFO  - 2016-11-25T05:09:41.684Z] SessionManagerReqHand - _cleanupWindowlessSessions - Asynchronous Sessions clean-up phase starting NOW
[INFO  - 2016-11-25T05:14:41.684Z] SessionManagerReqHand - _cleanupWindowlessSessions - Asynchronous Sessions clean-up phase starting NOW
KHTML, like Gecko) PhantomJS/2.1.1 Safari/538.1","webSecurityEnabled":true}
[INFO  - 2016-11-25T04:15:14.441Z] Session [c3a80a10-b2c5-11e6-a772-23bc59030776] - page.customHeaders:  - {}
[INFO  - 2016-11-25T04:15:21.146Z] ShutdownReqHand - _handle - About to shutdown
[INFO  - 2016-11-25T04:15:43.775Z] GhostDriver - Main - running on port 41672
[INFO  - 2016-11-25T04:15:44.384Z] Session [d5a01b40-b2c5-11e6-b089-f99e120c0a09] - page.settings - {"XSSAuditingEnabled":false,"javascriptCanCloseWindows":true,"javascriptCanOpenWindows":true,"javascriptEnabled":true,"loadImages":true,"localToRemoteUrlAccessEnabled":false,"userAgent":"Mozilla/5.0 (Windows NT 6.2) AppleWebKit/538.1 (KHTML, like Gecko) PhantomJS/2.1.1 Safari/538.1","webSecurityEnabled":true}
[INFO  - 2016-11-25T04:15:44.385Z] Session [d5a01b40-b2c5-11e6-b089-f99e120c0a09] - page.customHeaders:  - {}
[INFO  - 2016-11-25T04:15:44.385Z] Session [d5a01b40-b2c5-11e6-b089-f99e120c0a09] - Session.negotiatedCapabilities - {"browserName":"phantomjs","version":"2.1.1","driverName":"ghostdriver","driverVersion":"1.2.0","platform":"windows-8.1-32bit","javascriptEnabled":true,"takesScreenshot":true,"handlesAlerts":false,"databaseEnabled":false,"locationContextEnabled":false,"applicationCacheEnabled":false,"browserConnectionEnabled":false,"cssSelectorsEnabled":true,"webStorageEnabled":false,"rotatable":false,"acceptSslCerts":false,"nativeEvents":true,"proxy":{"proxyType":"direct"}}
[INFO  - 2016-11-25T04:15:44.385Z] SessionManagerReqHand - _postNewSessionCommand - New Session Created: d5a01b40-b2c5-11e6-b089-f99e120c0a09
[INFO  - 2016-11-25T04:15:44.589Z] Session [d5a01b40-b2c5-11e6-b089-f99e120c0a09] - page.settings - {"XSSAuditingEnabled":false,"javascriptCanCloseWindows":true,"javascriptCanOpenWindows":true,"javascriptEnabled":true,"loadImages":true,"localToRemoteUrlAccessEnabled":false,"userAgent":"Mozilla/5.0 (Windows NT 6.2) AppleWebKit/538.1 (KHTML, like Gecko) PhantomJS/2.1.1 Safari/538.1","webSecurityEnabled":true}
[INFO  - 2016-11-25T04:15:44.589Z] Session [d5a01b40-b2c5-11e6-b089-f99e120c0a09] - page.customHeaders:  - {}
[INFO  - 2016-11-25T04:15:45.043Z] ShutdownReqHand - _handle - About to shutdown
[INFO  - 2016-11-26T03:32:52.394Z] GhostDriver - Main - running on port 16664
[INFO  - 2016-11-26T03:32:53.479Z] Session [03a8bba0-b389-11e6-88c8-bd01624b26ba] - page.settings - {"XSSAuditingEnabled":false,"javascriptCanCloseWindows":true,"javascriptCanOpenWindows":true,"javascriptEnabled":true,"loadImages":true,"localToRemoteUrlAccessEnabled":false,"userAgent":"Mozilla/5.0 (Windows NT 6.2) AppleWebKit/538.1 (KHTML, like Gecko) PhantomJS/2.1.1 Safari/538.1","webSecurityEnabled":true}
[INFO  - 2016-11-26T03:32:53.479Z] Session [03a8bba0-b389-11e6-88c8-bd01624b26ba] - page.customHeaders:  - {}
[INFO  - 2016-11-26T03:32:53.480Z] Session [03a8bba0-b389-11e6-88c8-bd01624b26ba] - Session.negotiatedCapabilities - {"browserName":"phantomjs","version":"2.1.1","driverName":"ghostdriver","driverVersion":"1.2.0","platform":"windows-8.1-32bit","javascriptEnabled":true,"takesScreenshot":true,"handlesAlerts":false,"databaseEnabled":false,"locationContextEnabled":false,"applicationCacheEnabled":false,"browserConnectionEnabled":false,"cssSelectorsEnabled":true,"webStorageEnabled":false,"rotatable":false,"acceptSslCerts":false,"nativeEvents":true,"proxy":{"proxyType":"direct"}}
[INFO  - 2016-11-26T03:32:53.480Z] SessionManagerReqHand - _postNewSessionCommand - New Session Created: 03a8bba0-b389-11e6-88c8-bd01624b26ba
[INFO  - 2016-11-26T03:32:54.749Z] Session [03a8bba0-b389-11e6-88c8-bd01624b26ba] - page.settings - {"XSSAuditingEnabled":false,"javascriptCanCloseWindows":true,"javascriptCanOpenWindows":true,"javascriptEnabled":true,"loadImages":true,"localToRemoteUrlAccessEnabled":false,"userAgent":"Mozilla/5.0 (Windows NT 6.2) AppleWebKit/538.1 (KHTML, like Gecko) PhantomJS/2.1.1 Safari/538.1","webSecurityEnabled":true}
[INFO  - 2016-11-26T03:32:54.749Z] Session [03a8bba0-b389-11e6-88c8-bd01624b26ba] - page.customHeaders:  - {}
[ERROR - 2016-11-26T03:32:55.643Z] RouterReqHand - _handle.error - {"errorStatusCode":23,"name":"NoSuchWindow","message":"{\"errorMessage\":\"Currently Window handle/name is invalid (closed?)\",\"request\":{\"headers\":{\"Accept-Encoding\":\"gzip,deflate\",\"Connection\":\"Keep-Alive\",\"Content-Length\":\"35\",\"Content-Type\":\"application/json; charset=utf-8\",\"Host\":\"localhost:16664\",\"User-Agent\":\"Apache-HttpClient/4.5.2 (Java/1.8.0_101)\"},\"httpVersion\":\"1.1\",\"method\":\"POST\",\"post\":\"{\\\"url\\\":\\\"http://localhost/login.do\\\"}\",\"url\":\"/url\",\"urlParsed\":{\"anchor\":\"\",\"query\":\"\",\"file\":\"url\",\"directory\":\"/\",\"path\":\"/url\",\"relative\":\"/url\",\"port\":\"\",\"host\":\"\",\"password\":\"\",\"user\":\"\",\"userInfo\":\"\",\"authority\":\"\",\"protocol\":\"\",\"source\":\"/url\",\"queryKey\":{},\"chunks\":[\"url\"]},\"urlOriginal\":\"/session/03a8bba0-b389-11e6-88c8-bd01624b26ba/url\"}}","errorSessionId":"03a8bba0-b389-11e6-88c8-bd01624b26ba","errorClassName":"org.openqa.selenium.NoSuchWindowException","errorScreenshot":"","line":182,"sourceURL":"phantomjs://code/request_handler.js","stack":"_getSessionWindow@phantomjs://code/request_handler.js:182:114\n_getSessionCurrWindow@phantomjs://code/request_handler.js:162:33\n_postUrlCommand@phantomjs://code/session_request_handler.js:485:64\n_handle@phantomjs://code/session_request_handler.js:91:32\n_reroute@phantomjs://code/request_handler.js:61:20\n_handle@phantomjs://code/router_request_handler.js:78:46"}
[ERROR - 2016-11-26T03:32:55.776Z] RouterReqHand - _handle.error - {"errorStatusCode":23,"name":"NoSuchWindow","message":"{\"errorMessage\":\"Currently Window handle/name is invalid (closed?)\",\"request\":{\"headers\":{\"Accept-Encoding\":\"gzip,deflate\",\"Cache-Control\":\"no-cache\",\"Connection\":\"Keep-Alive\",\"Host\":\"localhost:16664\",\"User-Agent\":\"Apache-HttpClient/4.5.2 (Java/1.8.0_101)\"},\"httpVersion\":\"1.1\",\"method\":\"GET\",\"url\":\"/screenshot\",\"urlParsed\":{\"anchor\":\"\",\"query\":\"\",\"file\":\"screenshot\",\"directory\":\"/\",\"path\":\"/screenshot\",\"relative\":\"/screenshot\",\"port\":\"\",\"host\":\"\",\"password\":\"\",\"user\":\"\",\"userInfo\":\"\",\"authority\":\"\",\"protocol\":\"\",\"source\":\"/screenshot\",\"queryKey\":{},\"chunks\":[\"screenshot\"]},\"urlOriginal\":\"/session/03a8bba0-b389-11e6-88c8-bd01624b26ba/screenshot\"}}","errorSessionId":"03a8bba0-b389-11e6-88c8-bd01624b26ba","errorClassName":"org.openqa.selenium.NoSuchWindowException","errorScreenshot":"","line":182,"sourceURL":"phantomjs://code/request_handler.js","stack":"_getSessionWindow@phantomjs://code/request_handler.js:182:114\n_getSessionCurrWindow@phantomjs://code/request_handler.js:162:33\n_getScreenshotCommand@phantomjs://code/session_request_handler.js:468:63\n_handle@phantomjs://code/session_request_handler.js:95:34\n_reroute@phantomjs://code/request_handler.js:61:20\n_handle@phantomjs://code/router_request_handler.js:78:46"}
[INFO  - 2016-11-26T03:37:52.771Z] SessionManagerReqHand - _cleanupWindowlessSessions - Asynchronous Sessions clean-up phase starting NOW
[INFO  - 2016-11-26T03:42:52.772Z] SessionManagerReqHand - _cleanupWindowlessSessions - Asynchronous Sessions clean-up phase starting NOW
[INFO  - 2016-11-26T03:47:52.785Z] SessionManagerReqHand - _cleanupWindowlessSessions - Asynchronous Sessions clean-up phase starting NOW
[INFO  - 2016-11-26T03:52:52.788Z] SessionManagerReqHand - _cleanupWindowlessSessions - Asynchronous Sessions clean-up phase starting NOW
[INFO  - 2016-11-26T03:57:52.809Z] SessionManagerReqHand - _cleanupWindowlessSessions - Asynchronous Sessions clean-up phase starting NOW
[INFO  - 2016-11-26T04:02:52.809Z] SessionManagerReqHand - _cleanupWindowlessSessions - Asynchronous Sessions clean-up phase starting NOW
[INFO  - 2016-11-26T04:07:52.809Z] SessionManagerReqHand - _cleanupWindowlessSessions - Asynchronous Sessions clean-up phase starting NOW
[INFO  - 2016-11-26T04:12:52.808Z] SessionManagerReqHand - _cleanupWindowlessSessions - Asynchronous Sessions clean-up phase starting NOW
[INFO  - 2016-11-26T04:17:52.808Z] SessionManagerReqHand - _cleanupWindowlessSessions - Asynchronous Sessions clean-up phase starting NOW
[INFO  - 2016-11-26T04:22:52.810Z] SessionManagerReqHand - _cleanupWindowlessSessions - Asynchronous Sessions clean-up phase starting NOW
1e6-9d4d-cff8bb50df38] - page.settings - {"XSSAuditingEnabled":false,"javascriptCanCloseWindows":true,"javascriptCanOpenWindows":true,"javascriptEnabled":true,"loadImages":true,"localToRemoteUrlAccessEnabled":false,"userAgent":"Mozilla/5.0 (Windows NT 6.2) AppleWebKit/538.1 (KHTML, like Gecko) PhantomJS/2.1.1 Safari/538.1","webSecurityEnabled":true}
[INFO  - 2016-11-26T03:36:25.024Z] Session [810308d0-b389-11e6-9d4d-cff8bb50df38] - page.customHeaders:  - {}
[ERROR - 2016-11-26T03:36:26.008Z] RouterReqHand - _handle.error - {"errorStatusCode":23,"name":"NoSuchWindow","message":"{\"errorMessage\":\"Currently Window handle/name is invalid (closed?)\",\"request\":{\"headers\":{\"Accept-Encoding\":\"gzip,deflate\",\"Connection\":\"Keep-Alive\",\"Content-Length\":\"35\",\"Content-Type\":\"application/json; charset=utf-8\",\"Host\":\"localhost:48658\",\"User-Agent\":\"Apache-HttpClient/4.5.2 (Java/1.8.0_101)\"},\"httpVersion\":\"1.1\",\"method\":\"POST\",\"post\":\"{\\\"url\\\":\\\"http://localhost/login.do\\\"}\",\"url\":\"/url\",\"urlParsed\":{\"anchor\":\"\",\"query\":\"\",\"file\":\"url\",\"directory\":\"/\",\"path\":\"/url\",\"relative\":\"/url\",\"port\":\"\",\"host\":\"\",\"password\":\"\",\"user\":\"\",\"userInfo\":\"\",\"authority\":\"\",\"protocol\":\"\",\"source\":\"/url\",\"queryKey\":{},\"chunks\":[\"url\"]},\"urlOriginal\":\"/session/810308d0-b389-11e6-9d4d-cff8bb50df38/url\"}}","errorSessionId":"810308d0-b389-11e6-9d4d-cff8bb50df38","errorClassName":"org.openqa.selenium.NoSuchWindowException","errorScreenshot":"","line":182,"sourceURL":"phantomjs://code/request_handler.js","stack":"_getSessionWindow@phantomjs://code/request_handler.js:182:114\n_getSessionCurrWindow@phantomjs://code/request_handler.js:162:33\n_postUrlCommand@phantomjs://code/session_request_handler.js:485:64\n_handle@phantomjs://code/session_request_handler.js:91:32\n_reroute@phantomjs://code/request_handler.js:61:20\n_handle@phantomjs://code/router_request_handler.js:78:46"}
[ERROR - 2016-11-26T03:36:26.139Z] RouterReqHand - _handle.error - {"errorStatusCode":23,"name":"NoSuchWindow","message":"{\"errorMessage\":\"Currently Window handle/name is invalid (closed?)\",\"request\":{\"headers\":{\"Accept-Encoding\":\"gzip,deflate\",\"Cache-Control\":\"no-cache\",\"Connection\":\"Keep-Alive\",\"Host\":\"localhost:48658\",\"User-Agent\":\"Apache-HttpClient/4.5.2 (Java/1.8.0_101)\"},\"httpVersion\":\"1.1\",\"method\":\"GET\",\"url\":\"/screenshot\",\"urlParsed\":{\"anchor\":\"\",\"query\":\"\",\"file\":\"screenshot\",\"directory\":\"/\",\"path\":\"/screenshot\",\"relative\":\"/screenshot\",\"port\":\"\",\"host\":\"\",\"password\":\"\",\"user\":\"\",\"userInfo\":\"\",\"authority\":\"\",\"protocol\":\"\",\"source\":\"/screenshot\",\"queryKey\":{},\"chunks\":[\"screenshot\"]},\"urlOriginal\":\"/session/810308d0-b389-11e6-9d4d-cff8bb50df38/screenshot\"}}","errorSessionId":"810308d0-b389-11e6-9d4d-cff8bb50df38","errorClassName":"org.openqa.selenium.NoSuchWindowException","errorScreenshot":"","line":182,"sourceURL":"phantomjs://code/request_handler.js","stack":"_getSessionWindow@phantomjs://code/request_handler.js:182:114\n_getSessionCurrWindow@phantomjs://code/request_handler.js:162:33\n_getScreenshotCommand@phantomjs://code/session_request_handler.js:468:63\n_handle@phantomjs://code/session_request_handler.js:95:34\n_reroute@phantomjs://code/request_handler.js:61:20\n_handle@phantomjs://code/router_request_handler.js:78:46"}
[INFO  - 2016-11-26T03:41:23.036Z] SessionManagerReqHand - _cleanupWindowlessSessions - Asynchronous Sessions clean-up phase starting NOW
[INFO  - 2016-11-26T03:46:23.051Z] SessionManagerReqHand - _cleanupWindowlessSessions - Asynchronous Sessions clean-up phase starting NOW
[INFO  - 2016-11-26T03:51:23.054Z] SessionManagerReqHand - _cleanupWindowlessSessions - Asynchronous Sessions clean-up phase starting NOW
[INFO  - 2016-11-26T03:56:23.055Z] SessionManagerReqHand - _cleanupWindowlessSessions - Asynchronous Sessions clean-up phase starting NOW
[INFO  - 2016-11-26T04:01:23.059Z] SessionManagerReqHand - _cleanupWindowlessSessions - Asynchronous Sessions clean-up phase starting NOW
[INFO  - 2016-11-26T04:06:23.065Z] SessionManagerReqHand - _cleanupWindowlessSessions - Asynchronous Sessions clean-up phase starting NOW
[INFO  - 2016-11-26T04:11:23.077Z] SessionManagerReqHand - _cleanupWindowlessSessions - Asynchronous Sessions clean-up phase starting NOW
[INFO  - 2016-11-26T04:16:23.086Z] SessionManagerReqHand - _cleanupWindowlessSessions - Asynchronous Sessions clean-up phase starting NOW
[INFO  - 2016-11-26T04:21:23.106Z] SessionManagerReqHand - _cleanupWindowlessSessions - Asynchronous Sessions clean-up phase starting NOW
,"applicationCacheEnabled":false,"browserConnectionEnabled":false,"cssSelectorsEnabled":true,"webStorageEnabled":false,"rotatable":false,"acceptSslCerts":false,"nativeEvents":true,"proxy":{"proxyType":"direct"}}
[INFO  - 2016-11-26T03:49:58.100Z] SessionManagerReqHand - _postNewSessionCommand - New Session Created: 66615660-b38b-11e6-a439-67bd269bf9df
[INFO  - 2016-11-26T03:49:59.256Z] Session [66615660-b38b-11e6-a439-67bd269bf9df] - page.settings - {"XSSAuditingEnabled":false,"javascriptCanCloseWindows":true,"javascriptCanOpenWindows":true,"javascriptEnabled":true,"loadImages":true,"localToRemoteUrlAccessEnabled":false,"userAgent":"Mozilla/5.0 (Windows NT 6.2) AppleWebKit/538.1 (KHTML, like Gecko) PhantomJS/2.1.1 Safari/538.1","webSecurityEnabled":true}
[INFO  - 2016-11-26T03:49:59.256Z] Session [66615660-b38b-11e6-a439-67bd269bf9df] - page.customHeaders:  - {}
[INFO  - 2016-11-26T03:50:01.227Z] ShutdownReqHand - _handle - About to shutdown
[INFO  - 2016-11-02T03:50:16.712Z] GhostDriver - Main - running on port 38466
[INFO  - 2016-11-02T03:50:17.610Z] Session [7818a1e0-a0af-11e6-9b73-0ff991ca334e] - page.settings - {"XSSAuditingEnabled":false,"javascriptCanCloseWindows":true,"javascriptCanOpenWindows":true,"javascriptEnabled":true,"loadImages":true,"localToRemoteUrlAccessEnabled":false,"userAgent":"Mozilla/5.0 (Windows NT 6.2) AppleWebKit/538.1 (KHTML, like Gecko) PhantomJS/2.1.1 Safari/538.1","webSecurityEnabled":true}
[INFO  - 2016-11-02T03:50:17.611Z] Session [7818a1e0-a0af-11e6-9b73-0ff991ca334e] - page.customHeaders:  - {}
[INFO  - 2016-11-02T03:50:17.611Z] Session [7818a1e0-a0af-11e6-9b73-0ff991ca334e] - Session.negotiatedCapabilities - {"browserName":"phantomjs","version":"2.1.1","driverName":"ghostdriver","driverVersion":"1.2.0","platform":"windows-8.1-32bit","javascriptEnabled":true,"takesScreenshot":true,"handlesAlerts":false,"databaseEnabled":false,"locationContextEnabled":false,"applicationCacheEnabled":false,"browserConnectionEnabled":false,"cssSelectorsEnabled":true,"webStorageEnabled":false,"rotatable":false,"acceptSslCerts":false,"nativeEvents":true,"proxy":{"proxyType":"direct"}}
[INFO  - 2016-11-02T03:50:17.611Z] SessionManagerReqHand - _postNewSessionCommand - New Session Created: 7818a1e0-a0af-11e6-9b73-0ff991ca334e
